#
# There is insufficient memory for the Java Runtime Environment to continue.
# Native memory allocation (mmap) failed to map 134217728 bytes for G1 virtual space
# Possible reasons:
#   The system is out of physical RAM or swap space
#   The process is running with CompressedOops enabled, and the Java Heap may be blocking the growth of the native heap
# Possible solutions:
#   Reduce memory load on the system
#   Increase physical memory or swap space
#   Check if swap backing store is full
#   Decrease Java heap size (-Xmx/-Xms)
#   Decrease number of Java threads
#   Decrease Java thread stack sizes (-Xss)
#   Set larger code cache with -XX:ReservedCodeCacheSize=
#   JVM is running with Unscaled Compressed Oops mode in which the Java heap is
#     placed in the first 4GB address space. The Java Heap base address is the
#     maximum limit for the native heap growth. Please use -XX:HeapBaseMinAddress
#     to set the Java Heap base and to place the Java Heap above 4GB virtual address.
# This output file may be truncated or incomplete.
#
#  Out of Memory Error (os_windows.cpp:3466), pid=10640, tid=3784
#
# JRE version:  (16.0.2+7) (build )
# Java VM: Java HotSpot(TM) 64-Bit Server VM (16.0.2+7-67, mixed mode, sharing, tiered, compressed oops, compressed class ptrs, g1 gc, windows-amd64)
# No core dump will be written. Minidumps are not enabled by default on client versions of Windows
#

---------------  S U M M A R Y ------------

Command Line: -Dfile.encoding=UTF-8 -XX:+ShowCodeDetailsInExceptionMessages MyVersion.Graphic_Builder.Graphic_Builder

Host: Intel(R) Core(TM) i5-3570 CPU @ 3.40GHz, 4 cores, 7G,  Windows 10 , 64 bit Build 19041 (10.0.19041.2364)
Time: Mon Jan 23 19:40:41 2023  Windows 10 , 64 bit Build 19041 (10.0.19041.2364) elapsed time: 0.202479 seconds (0d 0h 0m 0s)

---------------  T H R E A D  ---------------

Current thread (0x000001d063468d50):  JavaThread "Unknown thread" [_thread_in_vm, id=3784, stack(0x0000001e86d00000,0x0000001e86e00000)]

Stack: [0x0000001e86d00000,0x0000001e86e00000]
Native frames: (J=compiled Java code, j=interpreted, Vv=VM code, C=native code)
V  [jvm.dll+0x6681ca]
V  [jvm.dll+0x7c9e69]
V  [jvm.dll+0x7cb61e]
V  [jvm.dll+0x7cbc73]
V  [jvm.dll+0x242c55]
V  [jvm.dll+0x664f89]
V  [jvm.dll+0x659b75]
V  [jvm.dll+0x2fbfbb]
V  [jvm.dll+0x3031b6]
V  [jvm.dll+0x35299e]
V  [jvm.dll+0x352bcf]
V  [jvm.dll+0x2d3028]
V  [jvm.dll+0x2d4264]
V  [jvm.dll+0x79c741]
V  [jvm.dll+0x360791]
V  [jvm.dll+0x77a3f0]
V  [jvm.dll+0x3e4e8f]
V  [jvm.dll+0x3e6961]
C  [jli.dll+0x52fb]
C  [ucrtbase.dll+0x21bb2]
C  [KERNEL32.DLL+0x17614]
C  [ntdll.dll+0x526a1]


---------------  P R O C E S S  ---------------

Threads class SMR info:
_java_thread_list=0x00007ff9b2e6cbb8, length=0, elements={
}

Java Threads: ( => current thread )

Other Threads:
  0x000001d0634a9600 GCTaskThread "GC Thread#0" [stack: 0x0000001e86e00000,0x0000001e86f00000] [id=7396]
  0x000001d0634bade0 ConcurrentGCThread "G1 Main Marker" [stack: 0x0000001e86f00000,0x0000001e87000000] [id=8632]
  0x000001d0634bb8d0 ConcurrentGCThread "G1 Conc#0" [stack: 0x0000001e87000000,0x0000001e87100000] [id=4124]

[error occurred during error reporting (printing all threads), id 0xc0000005, EXCEPTION_ACCESS_VIOLATION (0xc0000005) at pc=0x00007ff9b2643ee7]

VM state: not at safepoint (not fully initialized)

VM Mutex/Monitor currently owned by a thread:  ([mutex/lock_event])
[0x000001d063464b30] Heap_lock - owner thread: 0x000001d063468d50

Heap address: 0x0000000080800000, size: 2040 MB, Compressed Oops mode: 32-bit

CDS archive(s) mapped at: [0x0000000000000000-0x0000000000000000-0x0000000000000000), size 0, SharedBaseAddress: 0x0000000800000000, ArchiveRelocationMode: 0.
Narrow klass base: 0x0000000000000000, Narrow klass shift: 0, Narrow klass range: 0x0

GC Precious Log:
<Empty>

Heap:
 garbage-first heap   total 0K, used 0K [0x0000000080800000, 0x0000000100000000)
  region size 1024K, 0 young (0K), 0 survivors (0K)

[error occurred during error reporting (printing heap information), id 0xc0000005, EXCEPTION_ACCESS_VIOLATION (0xc0000005) at pc=0x00007ff9b2a21eed]

GC Heap History (0 events):
No events

Deoptimization events (0 events):
No events

Classes unloaded (0 events):
No events

Classes redefined (0 events):
No events

Internal exceptions (0 events):
No events

Events (1 events):
Event: 0.007 Loaded shared library C:\Program Files\Java\jdk-16.0.2\bin\java.dll


Dynamic libraries:
0x00007ff71bc80000 - 0x00007ff71bc90000 	C:\Program Files\Java\jdk-16.0.2\bin\javaw.exe
0x00007ffa1af70000 - 0x00007ffa1b168000 	C:\Windows\SYSTEM32\ntdll.dll
0x00007ffa1ad40000 - 0x00007ffa1adff000 	C:\Windows\System32\KERNEL32.DLL
0x00007ffa187c0000 - 0x00007ffa18a92000 	C:\Windows\System32\KERNELBASE.dll
0x00007ffa18be0000 - 0x00007ffa18ce0000 	C:\Windows\System32\ucrtbase.dll
0x00007ff9fafb0000 - 0x00007ff9fafc8000 	C:\Program Files\Java\jdk-16.0.2\bin\jli.dll
0x00007ffa19fe0000 - 0x00007ffa1a08e000 	C:\Windows\System32\ADVAPI32.dll
0x00007ffa18fb0000 - 0x00007ffa1904e000 	C:\Windows\System32\msvcrt.dll
0x00007ffa19490000 - 0x00007ffa1952c000 	C:\Windows\System32\sechost.dll
0x00007ffa1ae00000 - 0x00007ffa1af25000 	C:\Windows\System32\RPCRT4.dll
0x00007ffa19660000 - 0x00007ffa19801000 	C:\Windows\System32\USER32.dll
0x00007ffa18f80000 - 0x00007ffa18fa2000 	C:\Windows\System32\win32u.dll
0x00007ffa19460000 - 0x00007ffa1948b000 	C:\Windows\System32\GDI32.dll
0x00007ffa18660000 - 0x00007ffa1876f000 	C:\Windows\System32\gdi32full.dll
0x00007ffa18e40000 - 0x00007ffa18edd000 	C:\Windows\System32\msvcp_win.dll
0x00007ffa13700000 - 0x00007ffa1399a000 	C:\Windows\WinSxS\amd64_microsoft.windows.common-controls_6595b64144ccf1df_6.0.19041.1110_none_60b5254171f9507e\COMCTL32.dll
0x00007ff9ec1f0000 - 0x00007ff9ec209000 	C:\Program Files\Java\jdk-16.0.2\bin\VCRUNTIME140.dll
0x00007ffa10bc0000 - 0x00007ffa10bca000 	C:\Windows\SYSTEM32\VERSION.dll
0x00007ffa1ac50000 - 0x00007ffa1ac82000 	C:\Windows\System32\IMM32.DLL
0x00007ffa014c0000 - 0x00007ffa014cc000 	C:\Program Files\Java\jdk-16.0.2\bin\vcruntime140_1.dll
0x00007ff9c6f10000 - 0x00007ff9c6fa1000 	C:\Program Files\Java\jdk-16.0.2\bin\msvcp140.dll
0x00007ff9b2360000 - 0x00007ff9b2f0b000 	C:\Program Files\Java\jdk-16.0.2\bin\server\jvm.dll
0x00007ffa1a160000 - 0x00007ffa1a168000 	C:\Windows\System32\PSAPI.DLL
0x00007ff9fb800000 - 0x00007ff9fb809000 	C:\Windows\SYSTEM32\WSOCK32.dll
0x00007ffa1abe0000 - 0x00007ffa1ac4b000 	C:\Windows\System32\WS2_32.dll
0x00007ffa081a0000 - 0x00007ffa081c7000 	C:\Windows\SYSTEM32\WINMM.dll
0x00007ffa16460000 - 0x00007ffa16472000 	C:\Windows\SYSTEM32\kernel.appcore.dll
0x00007ff9f8fb0000 - 0x00007ff9f8fba000 	C:\Program Files\Java\jdk-16.0.2\bin\jimage.dll
0x00007ffa06d30000 - 0x00007ffa06f14000 	C:\Windows\SYSTEM32\DBGHELP.DLL
0x00007ff9ff890000 - 0x00007ff9ff8c5000 	C:\Windows\SYSTEM32\dbgcore.DLL
0x00007ffa18b50000 - 0x00007ffa18bd2000 	C:\Windows\System32\bcryptPrimitives.dll
0x00007ff9ec010000 - 0x00007ff9ec035000 	C:\Program Files\Java\jdk-16.0.2\bin\java.dll

dbghelp: loaded successfully - version: 4.0.5 - missing functions: none
symbol engine: initialized successfully - sym options: 0x614 - pdb path: .;C:\Program Files\Java\jdk-16.0.2\bin;C:\Windows\SYSTEM32;C:\Windows\WinSxS\amd64_microsoft.windows.common-controls_6595b64144ccf1df_6.0.19041.1110_none_60b5254171f9507e;C:\Program Files\Java\jdk-16.0.2\bin\server

VM Arguments:
jvm_args: -Dfile.encoding=UTF-8 -XX:+ShowCodeDetailsInExceptionMessages 
java_command: MyVersion.Graphic_Builder.Graphic_Builder
java_class_path (initial): C:\Users\Timurs\git\GM\out\production\GM2;C:\Users\Timurs\git\GM\out\artifacts\GM2_jar\GM2.jar
Launcher Type: SUN_STANDARD

[Global flags]
     intx CICompilerCount                          = 3                                         {product} {ergonomic}
     uint ConcGCThreads                            = 1                                         {product} {ergonomic}
     uint G1ConcRefinementThreads                  = 4                                         {product} {ergonomic}
   size_t G1HeapRegionSize                         = 1048576                                   {product} {ergonomic}
    uintx GCDrainStackTargetSize                   = 64                                        {product} {ergonomic}
   size_t InitialHeapSize                          = 134217728                                 {product} {ergonomic}
   size_t MarkStackSize                            = 4194304                                   {product} {ergonomic}
   size_t MaxHeapSize                              = 2139095040                                {product} {ergonomic}
   size_t MinHeapDeltaBytes                        = 1048576                                   {product} {ergonomic}
   size_t MinHeapSize                              = 8388608                                   {product} {ergonomic}
    uintx NonNMethodCodeHeapSize                   = 5832780                                {pd product} {ergonomic}
    uintx NonProfiledCodeHeapSize                  = 122912730                              {pd product} {ergonomic}
    uintx ProfiledCodeHeapSize                     = 122912730                              {pd product} {ergonomic}
    uintx ReservedCodeCacheSize                    = 251658240                              {pd product} {ergonomic}
     bool SegmentedCodeCache                       = true                                      {product} {ergonomic}
     bool ShowCodeDetailsInExceptionMessages       = true                                   {manageable} {command line}
   size_t SoftMaxHeapSize                          = 2139095040                             {manageable} {ergonomic}
     bool UseCompressedClassPointers               = true                           {product lp64_product} {ergonomic}
     bool UseCompressedOops                        = true                           {product lp64_product} {ergonomic}
     bool UseG1GC                                  = true                                      {product} {ergonomic}
     bool UseLargePagesIndividualAllocation        = false                                  {pd product} {ergonomic}

Logging:
Log output configuration:
 #0: stdout all=warning uptime,level,tags
 #1: stderr all=off uptime,level,tags

Environment Variables:
JAVA_HOME=C:\Program Files\Java\jdk-16.0.2\bin\java.exe
PATH=C:/Program Files/Java/jdk-18/bin/server;C:/Program Files/Java/jdk-18/bin;C:\Program Files\Java\jdk-16.0.2\bin;C:\ProgramData\Oracle\Java\javapath;C:\Program Files\Common Files\Oracle\Java\javapath;C:\Windows\system32;C:\Windows;C:\Windows\System32\Wbem;C:\Windows\System32\WindowsPowerShell\v1.0\;C:\Windows\System32\OpenSSH\;C:\Program Files\NVIDIA Corporation\NVIDIA NvDLISR;C:\Program Files (x86)\NVIDIA Corporation\PhysX\Common;C:\Program Files\Git\cmd;C:\Program Files\Java\jdk-16.0.2\bin;C:\Users\Timurs\AppData\Local\GitHubDesktop\bin;C:\Users\Timurs\Desktop;
USERNAME=Timurs
OS=Windows_NT
PROCESSOR_IDENTIFIER=Intel64 Family 6 Model 58 Stepping 9, GenuineIntel



---------------  S Y S T E M  ---------------

OS:
 Windows 10 , 64 bit Build 19041 (10.0.19041.2364)
OS uptime: 0 days 2:11 hours

CPU: total 4 (initial active 4) (4 cores per cpu, 1 threads per core) family 6 model 58 stepping 9 microcode 0x21, cx8, cmov, fxsr, mmx, sse, sse2, sse3, ssse3, sse4.1, sse4.2, popcnt, tsc, tscinvbit, avx, aes, erms, clmul, vzeroupper, clflush

Memory: 4k page, system-wide physical 8159M (2265M free)
TotalPageFile size 8559M (AvailPageFile size 91M)
current process WorkingSet (physical memory assigned to process): 10M, peak: 10M
current process commit charge ("private bytes"): 51M, peak: 179M

vm_info: Java HotSpot(TM) 64-Bit Server VM (16.0.2+7-67) for windows-amd64 JRE (16.0.2+7-67), built on Jun  8 2021 23:24:19 by "mach5one" with MS VC++ 16.7 (VS2019)

END.
