#
# A fatal error has been detected by the Java Runtime Environment:
#
#  Internal Error (generateOopMap.cpp:2164), pid=14060, tid=12528
#  fatal error: Illegal class file encountered. Try running with -Xverify:all in method suitabilityTest
#
# JRE version: Java(TM) SE Runtime Environment (16.0.2+7) (build 16.0.2+7-67)
# Java VM: Java HotSpot(TM) 64-Bit Server VM (16.0.2+7-67, mixed mode, sharing, tiered, compressed oops, compressed class ptrs, g1 gc, windows-amd64)
# No core dump will be written. Minidumps are not enabled by default on client versions of Windows
#
# If you would like to submit a bug report, please visit:
#   https://bugreport.java.com/bugreport/crash.jsp
#

---------------  S U M M A R Y ------------

Command Line: -XX:+ShowCodeDetailsInExceptionMessages -agentlib:jdwp=transport=dt_socket,suspend=y,address=localhost:59518 -javaagent:E:\java-2022-12\eclipse\configuration\org.eclipse.osgi\227\0\.cp\lib\javaagent-shaded.jar -Dfile.encoding=UTF-8 MyVersion.Frame.World

Host: Intel(R) Core(TM) i5-3570 CPU @ 3.40GHz, 4 cores, 19G,  Windows 10 , 64 bit Build 19041 (10.0.19041.2546)
Time: Wed Mar  8 13:17:56 2023  Windows 10 , 64 bit Build 19041 (10.0.19041.2546) elapsed time: 11120.667793 seconds (0d 3h 5m 20s)

---------------  T H R E A D  ---------------

Current thread (0x000001b27fd237e0):  VMThread "VM Thread" [stack: 0x00000095c6500000,0x00000095c6600000] [id=12528]

Stack: [0x00000095c6500000,0x00000095c6600000]
Native frames: (J=compiled Java code, j=interpreted, Vv=VM code, C=native code)
V  [jvm.dll+0x6681ca]
V  [jvm.dll+0x7c9e69]
V  [jvm.dll+0x7cb61e]
V  [jvm.dll+0x7cbc27]
V  [jvm.dll+0x2429b3]
V  [jvm.dll+0x330cf9]
V  [jvm.dll+0x32f1ea]
V  [jvm.dll+0x32f72e]
V  [jvm.dll+0x32cdaf]
V  [jvm.dll+0x32c037]
V  [jvm.dll+0x656cce]
V  [jvm.dll+0x6569d3]
V  [jvm.dll+0x61c1e8]
V  [jvm.dll+0x7c18f5]
V  [jvm.dll+0x520446]
V  [jvm.dll+0x7d00ab]
V  [jvm.dll+0x7d0da4]
V  [jvm.dll+0x7d12a9]
V  [jvm.dll+0x7d1564]
V  [jvm.dll+0x7d1630]
V  [jvm.dll+0x7795aa]
V  [jvm.dll+0x667066]
C  [ucrtbase.dll+0x21bb2]
C  [KERNEL32.DLL+0x17614]
C  [ntdll.dll+0x526a1]

VM_Operation (0x00000095c70fefa0): get/set locals, mode: safepoint, requested by thread 0x000001b20de8e580


---------------  P R O C E S S  ---------------

Threads class SMR info:
_java_thread_list=0x000001b20ea912e0, length=17, elements={
0x000001b26872bde0, 0x000001b27fd27b00, 0x000001b27fd293e0, 0x000001b27fd3ce40,
0x000001b27fd3f850, 0x000001b27fd40250, 0x000001b27fd40c50, 0x000001b27fd41a30,
0x000001b27fdb0ee0, 0x000001b27fdb7d00, 0x000001b27fdde940, 0x000001b20de8e580,
0x000001b20de91290, 0x000001b20de94af0, 0x000001b20df74860, 0x000001b20e076bb0,
0x000001b20e0779d0
}

Java Threads: ( => current thread )
  0x000001b26872bde0 JavaThread "main" [_thread_blocked, id=13612, stack(0x00000095c5f00000,0x00000095c6000000)]
  0x000001b27fd27b00 JavaThread "Reference Handler" daemon [_thread_blocked, id=9344, stack(0x00000095c6600000,0x00000095c6700000)]
  0x000001b27fd293e0 JavaThread "Finalizer" daemon [_thread_blocked, id=1476, stack(0x00000095c6700000,0x00000095c6800000)]
  0x000001b27fd3ce40 JavaThread "Signal Dispatcher" daemon [_thread_blocked, id=13296, stack(0x00000095c6800000,0x00000095c6900000)]
  0x000001b27fd3f850 JavaThread "Attach Listener" daemon [_thread_blocked, id=10968, stack(0x00000095c6900000,0x00000095c6a00000)]
  0x000001b27fd40250 JavaThread "Service Thread" daemon [_thread_blocked, id=2376, stack(0x00000095c6a00000,0x00000095c6b00000)]
  0x000001b27fd40c50 JavaThread "Monitor Deflation Thread" daemon [_thread_blocked, id=13696, stack(0x00000095c6b00000,0x00000095c6c00000)]
  0x000001b27fd41a30 JavaThread "C2 CompilerThread0" daemon [_thread_blocked, id=7900, stack(0x00000095c6c00000,0x00000095c6d00000)]
  0x000001b27fdb0ee0 JavaThread "C1 CompilerThread0" daemon [_thread_blocked, id=3764, stack(0x00000095c6d00000,0x00000095c6e00000)]
  0x000001b27fdb7d00 JavaThread "Sweeper thread" daemon [_thread_blocked, id=12300, stack(0x00000095c6e00000,0x00000095c6f00000)]
  0x000001b27fdde940 JavaThread "Common-Cleaner" daemon [_thread_blocked, id=1464, stack(0x00000095c6f00000,0x00000095c7000000)]
  0x000001b20de8e580 JavaThread "JDWP Transport Listener: dt_socket" daemon [_thread_blocked, id=10104, stack(0x00000095c7000000,0x00000095c7100000)]
  0x000001b20de91290 JavaThread "JDWP Event Helper Thread" daemon [_thread_blocked, id=13456, stack(0x00000095c7100000,0x00000095c7200000)]
  0x000001b20de94af0 JavaThread "JDWP Command Reader" daemon [_thread_in_native, id=1792, stack(0x00000095c7200000,0x00000095c7300000)]
  0x000001b20df74860 JavaThread "Notification Thread" daemon [_thread_blocked, id=11564, stack(0x00000095c7400000,0x00000095c7500000)]
  0x000001b20e076bb0 JavaThread "Java2D Disposer" daemon [_thread_blocked, id=10896, stack(0x00000095c7700000,0x00000095c7800000)]
  0x000001b20e0779d0 JavaThread "AWT-Windows" daemon [_thread_in_native, id=10516, stack(0x00000095c7900000,0x00000095c7a00000)]

Other Threads:
=>0x000001b27fd237e0 VMThread "VM Thread" [stack: 0x00000095c6500000,0x00000095c6600000] [id=12528]
  0x000001b26872cbf0 WatcherThread [stack: 0x00000095c7500000,0x00000095c7600000] [id=13388]
  0x000001b268781a70 GCTaskThread "GC Thread#0" [stack: 0x00000095c6000000,0x00000095c6100000] [id=5592]
  0x000001b20e912310 GCTaskThread "GC Thread#1" [stack: 0x00000095c7c00000,0x00000095c7d00000] [id=8260]
  0x000001b20e9119e0 GCTaskThread "GC Thread#2" [stack: 0x00000095c7d00000,0x00000095c7e00000] [id=13944]
  0x000001b20e9116d0 GCTaskThread "GC Thread#3" [stack: 0x00000095c7e00000,0x00000095c7f00000] [id=5368]
  0x000001b26878ca70 ConcurrentGCThread "G1 Main Marker" [stack: 0x00000095c6100000,0x00000095c6200000] [id=13988]
  0x000001b26878ddc0 ConcurrentGCThread "G1 Conc#0" [stack: 0x00000095c6200000,0x00000095c6300000] [id=12872]
  0x000001b268809a80 ConcurrentGCThread "G1 Refine#0" [stack: 0x00000095c6300000,0x00000095c6400000] [id=13972]
  0x000001b26880aca0 ConcurrentGCThread "G1 Service" [stack: 0x00000095c6400000,0x00000095c6500000] [id=11968]

Threads with active compile tasks:

VM state: at safepoint (normal execution)

VM Mutex/Monitor currently owned by a thread:  ([mutex/lock_event])
[0x000001b268728580] Threads_lock - owner thread: 0x000001b27fd237e0

Heap address: 0x00000006c0800000, size: 5112 MB, Compressed Oops mode: Zero based, Oop shift amount: 3

CDS archive(s) mapped at: [0x0000000800000000-0x0000000800bb0000-0x0000000800bb0000), size 12255232, SharedBaseAddress: 0x0000000800000000, ArchiveRelocationMode: 0.
Compressed class space mapped at: 0x0000000800c00000-0x0000000840c00000, reserved size: 1073741824
Narrow klass base: 0x0000000800000000, Narrow klass shift: 3, Narrow klass range: 0x100000000

GC Precious Log:
 CPUs: 4 total, 4 available
 Memory: 20447M
 Large Page Support: Disabled
 NUMA Support: Disabled
 Compressed Oops: Enabled (Zero based)
 Heap Region Size: 4M
 Heap Min Capacity: 8M
 Heap Initial Capacity: 320M
 Heap Max Capacity: 5112M
 Pre-touch: Disabled
 Parallel Workers: 4
 Concurrent Workers: 1
 Concurrent Refinement Workers: 4
 Periodic GC: Disabled

Heap:
 garbage-first heap   total 327680K, used 194681K [0x00000006c0800000, 0x0000000800000000)
  region size 4096K, 48 young (196608K), 1 survivors (4096K)
 Metaspace       used 6698K, committed 6912K, reserved 1056768K
  class space    used 661K, committed 768K, reserved 1048576K

Heap Regions: E=young(eden), S=young(survivor), O=old, HS=humongous(starts), HC=humongous(continues), CS=collection set, F=free, OA=open archive, CA=closed archive, TAMS=top-at-mark-start (previous, next)
|   0|0x00000006c0800000, 0x00000006c0c00000, 0x00000006c0c00000|100%|HS|  |TAMS 0x00000006c0800000, 0x00000006c0800000| Complete 
|   1|0x00000006c0c00000, 0x00000006c0e1c200, 0x00000006c1000000| 52%| O|  |TAMS 0x00000006c0c00000, 0x00000006c0c00000| Untracked 
|   2|0x00000006c1000000, 0x00000006c1000000, 0x00000006c1400000|  0%| F|  |TAMS 0x00000006c1000000, 0x00000006c1000000| Untracked 
|   3|0x00000006c1400000, 0x00000006c1400000, 0x00000006c1800000|  0%| F|  |TAMS 0x00000006c1400000, 0x00000006c1400000| Untracked 
|   4|0x00000006c1800000, 0x00000006c1800000, 0x00000006c1c00000|  0%| F|  |TAMS 0x00000006c1800000, 0x00000006c1800000| Untracked 
|   5|0x00000006c1c00000, 0x00000006c1c00000, 0x00000006c2000000|  0%| F|  |TAMS 0x00000006c1c00000, 0x00000006c1c00000| Untracked 
|   6|0x00000006c2000000, 0x00000006c2000000, 0x00000006c2400000|  0%| F|  |TAMS 0x00000006c2000000, 0x00000006c2000000| Untracked 
|   7|0x00000006c2400000, 0x00000006c2400000, 0x00000006c2800000|  0%| F|  |TAMS 0x00000006c2400000, 0x00000006c2400000| Untracked 
|   8|0x00000006c2800000, 0x00000006c2800000, 0x00000006c2c00000|  0%| F|  |TAMS 0x00000006c2800000, 0x00000006c2800000| Untracked 
|   9|0x00000006c2c00000, 0x00000006c2c00000, 0x00000006c3000000|  0%| F|  |TAMS 0x00000006c2c00000, 0x00000006c2c00000| Untracked 
|  10|0x00000006c3000000, 0x00000006c3000000, 0x00000006c3400000|  0%| F|  |TAMS 0x00000006c3000000, 0x00000006c3000000| Untracked 
|  11|0x00000006c3400000, 0x00000006c3400000, 0x00000006c3800000|  0%| F|  |TAMS 0x00000006c3400000, 0x00000006c3400000| Untracked 
|  12|0x00000006c3800000, 0x00000006c3800000, 0x00000006c3c00000|  0%| F|  |TAMS 0x00000006c3800000, 0x00000006c3800000| Untracked 
|  13|0x00000006c3c00000, 0x00000006c3c00000, 0x00000006c4000000|  0%| F|  |TAMS 0x00000006c3c00000, 0x00000006c3c00000| Untracked 
|  14|0x00000006c4000000, 0x00000006c4000000, 0x00000006c4400000|  0%| F|  |TAMS 0x00000006c4000000, 0x00000006c4000000| Untracked 
|  15|0x00000006c4400000, 0x00000006c4400000, 0x00000006c4800000|  0%| F|  |TAMS 0x00000006c4400000, 0x00000006c4400000| Untracked 
|  16|0x00000006c4800000, 0x00000006c4800000, 0x00000006c4c00000|  0%| F|  |TAMS 0x00000006c4800000, 0x00000006c4800000| Untracked 
|  17|0x00000006c4c00000, 0x00000006c4c00000, 0x00000006c5000000|  0%| F|  |TAMS 0x00000006c4c00000, 0x00000006c4c00000| Untracked 
|  18|0x00000006c5000000, 0x00000006c5000000, 0x00000006c5400000|  0%| F|  |TAMS 0x00000006c5000000, 0x00000006c5000000| Untracked 
|  19|0x00000006c5400000, 0x00000006c5400000, 0x00000006c5800000|  0%| F|  |TAMS 0x00000006c5400000, 0x00000006c5400000| Untracked 
|  20|0x00000006c5800000, 0x00000006c5800000, 0x00000006c5c00000|  0%| F|  |TAMS 0x00000006c5800000, 0x00000006c5800000| Untracked 
|  21|0x00000006c5c00000, 0x00000006c5c00000, 0x00000006c6000000|  0%| F|  |TAMS 0x00000006c5c00000, 0x00000006c5c00000| Untracked 
|  22|0x00000006c6000000, 0x00000006c6000000, 0x00000006c6400000|  0%| F|  |TAMS 0x00000006c6000000, 0x00000006c6000000| Untracked 
|  23|0x00000006c6400000, 0x00000006c6400000, 0x00000006c6800000|  0%| F|  |TAMS 0x00000006c6400000, 0x00000006c6400000| Untracked 
|  24|0x00000006c6800000, 0x00000006c6800000, 0x00000006c6c00000|  0%| F|  |TAMS 0x00000006c6800000, 0x00000006c6800000| Untracked 
|  25|0x00000006c6c00000, 0x00000006c6c00000, 0x00000006c7000000|  0%| F|  |TAMS 0x00000006c6c00000, 0x00000006c6c00000| Untracked 
|  26|0x00000006c7000000, 0x00000006c7000000, 0x00000006c7400000|  0%| F|  |TAMS 0x00000006c7000000, 0x00000006c7000000| Untracked 
|  27|0x00000006c7400000, 0x00000006c7400000, 0x00000006c7800000|  0%| F|  |TAMS 0x00000006c7400000, 0x00000006c7400000| Untracked 
|  28|0x00000006c7800000, 0x00000006c7800000, 0x00000006c7c00000|  0%| F|  |TAMS 0x00000006c7800000, 0x00000006c7800000| Untracked 
|  29|0x00000006c7c00000, 0x00000006c7c00000, 0x00000006c8000000|  0%| F|  |TAMS 0x00000006c7c00000, 0x00000006c7c00000| Untracked 
|  30|0x00000006c8000000, 0x00000006c8000000, 0x00000006c8400000|  0%| F|  |TAMS 0x00000006c8000000, 0x00000006c8000000| Untracked 
|  31|0x00000006c8400000, 0x00000006c8400000, 0x00000006c8800000|  0%| F|  |TAMS 0x00000006c8400000, 0x00000006c8400000| Untracked 
|  32|0x00000006c8800000, 0x00000006c8802500, 0x00000006c8c00000|  0%| S|CS|TAMS 0x00000006c8800000, 0x00000006c8800000| Complete 
|  33|0x00000006c8c00000, 0x00000006c8e00800, 0x00000006c9000000| 50%| E|  |TAMS 0x00000006c8c00000, 0x00000006c8c00000| Complete 
|  34|0x00000006c9000000, 0x00000006c9400000, 0x00000006c9400000|100%| E|CS|TAMS 0x00000006c9000000, 0x00000006c9000000| Complete 
|  35|0x00000006c9400000, 0x00000006c9800000, 0x00000006c9800000|100%| E|CS|TAMS 0x00000006c9400000, 0x00000006c9400000| Complete 
|  36|0x00000006c9800000, 0x00000006c9c00000, 0x00000006c9c00000|100%| E|CS|TAMS 0x00000006c9800000, 0x00000006c9800000| Complete 
|  37|0x00000006c9c00000, 0x00000006ca000000, 0x00000006ca000000|100%| E|CS|TAMS 0x00000006c9c00000, 0x00000006c9c00000| Complete 
|  38|0x00000006ca000000, 0x00000006ca400000, 0x00000006ca400000|100%| E|CS|TAMS 0x00000006ca000000, 0x00000006ca000000| Complete 
|  39|0x00000006ca400000, 0x00000006ca800000, 0x00000006ca800000|100%| E|CS|TAMS 0x00000006ca400000, 0x00000006ca400000| Complete 
|  40|0x00000006ca800000, 0x00000006cac00000, 0x00000006cac00000|100%| E|CS|TAMS 0x00000006ca800000, 0x00000006ca800000| Complete 
|  41|0x00000006cac00000, 0x00000006cb000000, 0x00000006cb000000|100%| E|CS|TAMS 0x00000006cac00000, 0x00000006cac00000| Complete 
|  42|0x00000006cb000000, 0x00000006cb400000, 0x00000006cb400000|100%| E|CS|TAMS 0x00000006cb000000, 0x00000006cb000000| Complete 
|  43|0x00000006cb400000, 0x00000006cb800000, 0x00000006cb800000|100%| E|CS|TAMS 0x00000006cb400000, 0x00000006cb400000| Complete 
|  44|0x00000006cb800000, 0x00000006cbc00000, 0x00000006cbc00000|100%| E|CS|TAMS 0x00000006cb800000, 0x00000006cb800000| Complete 
|  45|0x00000006cbc00000, 0x00000006cc000000, 0x00000006cc000000|100%| E|CS|TAMS 0x00000006cbc00000, 0x00000006cbc00000| Complete 
|  46|0x00000006cc000000, 0x00000006cc400000, 0x00000006cc400000|100%| E|CS|TAMS 0x00000006cc000000, 0x00000006cc000000| Complete 
|  47|0x00000006cc400000, 0x00000006cc800000, 0x00000006cc800000|100%| E|CS|TAMS 0x00000006cc400000, 0x00000006cc400000| Complete 
|  48|0x00000006cc800000, 0x00000006ccc00000, 0x00000006ccc00000|100%| E|CS|TAMS 0x00000006cc800000, 0x00000006cc800000| Complete 
|  49|0x00000006ccc00000, 0x00000006cd000000, 0x00000006cd000000|100%| E|CS|TAMS 0x00000006ccc00000, 0x00000006ccc00000| Complete 
|  50|0x00000006cd000000, 0x00000006cd400000, 0x00000006cd400000|100%| E|CS|TAMS 0x00000006cd000000, 0x00000006cd000000| Complete 
|  51|0x00000006cd400000, 0x00000006cd800000, 0x00000006cd800000|100%| E|CS|TAMS 0x00000006cd400000, 0x00000006cd400000| Complete 
|  52|0x00000006cd800000, 0x00000006cdc00000, 0x00000006cdc00000|100%| E|CS|TAMS 0x00000006cd800000, 0x00000006cd800000| Complete 
|  53|0x00000006cdc00000, 0x00000006ce000000, 0x00000006ce000000|100%| E|CS|TAMS 0x00000006cdc00000, 0x00000006cdc00000| Complete 
|  54|0x00000006ce000000, 0x00000006ce400000, 0x00000006ce400000|100%| E|CS|TAMS 0x00000006ce000000, 0x00000006ce000000| Complete 
|  55|0x00000006ce400000, 0x00000006ce800000, 0x00000006ce800000|100%| E|CS|TAMS 0x00000006ce400000, 0x00000006ce400000| Complete 
|  56|0x00000006ce800000, 0x00000006cec00000, 0x00000006cec00000|100%| E|CS|TAMS 0x00000006ce800000, 0x00000006ce800000| Complete 
|  57|0x00000006cec00000, 0x00000006cf000000, 0x00000006cf000000|100%| E|CS|TAMS 0x00000006cec00000, 0x00000006cec00000| Complete 
|  58|0x00000006cf000000, 0x00000006cf400000, 0x00000006cf400000|100%| E|CS|TAMS 0x00000006cf000000, 0x00000006cf000000| Complete 
|  59|0x00000006cf400000, 0x00000006cf800000, 0x00000006cf800000|100%| E|CS|TAMS 0x00000006cf400000, 0x00000006cf400000| Complete 
|  60|0x00000006cf800000, 0x00000006cfc00000, 0x00000006cfc00000|100%| E|CS|TAMS 0x00000006cf800000, 0x00000006cf800000| Complete 
|  61|0x00000006cfc00000, 0x00000006d0000000, 0x00000006d0000000|100%| E|CS|TAMS 0x00000006cfc00000, 0x00000006cfc00000| Complete 
|  62|0x00000006d0000000, 0x00000006d0400000, 0x00000006d0400000|100%| E|CS|TAMS 0x00000006d0000000, 0x00000006d0000000| Complete 
|  63|0x00000006d0400000, 0x00000006d0800000, 0x00000006d0800000|100%| E|CS|TAMS 0x00000006d0400000, 0x00000006d0400000| Complete 
|  64|0x00000006d0800000, 0x00000006d0c00000, 0x00000006d0c00000|100%| E|CS|TAMS 0x00000006d0800000, 0x00000006d0800000| Complete 
|  65|0x00000006d0c00000, 0x00000006d1000000, 0x00000006d1000000|100%| E|CS|TAMS 0x00000006d0c00000, 0x00000006d0c00000| Complete 
|  66|0x00000006d1000000, 0x00000006d1400000, 0x00000006d1400000|100%| E|CS|TAMS 0x00000006d1000000, 0x00000006d1000000| Complete 
|  67|0x00000006d1400000, 0x00000006d1800000, 0x00000006d1800000|100%| E|CS|TAMS 0x00000006d1400000, 0x00000006d1400000| Complete 
|  68|0x00000006d1800000, 0x00000006d1c00000, 0x00000006d1c00000|100%| E|CS|TAMS 0x00000006d1800000, 0x00000006d1800000| Complete 
|  69|0x00000006d1c00000, 0x00000006d2000000, 0x00000006d2000000|100%| E|CS|TAMS 0x00000006d1c00000, 0x00000006d1c00000| Complete 
|  70|0x00000006d2000000, 0x00000006d2400000, 0x00000006d2400000|100%| E|CS|TAMS 0x00000006d2000000, 0x00000006d2000000| Complete 
|  71|0x00000006d2400000, 0x00000006d2800000, 0x00000006d2800000|100%| E|CS|TAMS 0x00000006d2400000, 0x00000006d2400000| Complete 
|  72|0x00000006d2800000, 0x00000006d2c00000, 0x00000006d2c00000|100%| E|CS|TAMS 0x00000006d2800000, 0x00000006d2800000| Complete 
|  73|0x00000006d2c00000, 0x00000006d3000000, 0x00000006d3000000|100%| E|CS|TAMS 0x00000006d2c00000, 0x00000006d2c00000| Complete 
|  74|0x00000006d3000000, 0x00000006d3400000, 0x00000006d3400000|100%| E|CS|TAMS 0x00000006d3000000, 0x00000006d3000000| Complete 
|  75|0x00000006d3400000, 0x00000006d3800000, 0x00000006d3800000|100%| E|CS|TAMS 0x00000006d3400000, 0x00000006d3400000| Complete 
|  76|0x00000006d3800000, 0x00000006d3c00000, 0x00000006d3c00000|100%| E|CS|TAMS 0x00000006d3800000, 0x00000006d3800000| Complete 
|  77|0x00000006d3c00000, 0x00000006d4000000, 0x00000006d4000000|100%| E|CS|TAMS 0x00000006d3c00000, 0x00000006d3c00000| Complete 
|  78|0x00000006d4000000, 0x00000006d4400000, 0x00000006d4400000|100%| E|CS|TAMS 0x00000006d4000000, 0x00000006d4000000| Complete 
|  79|0x00000006d4400000, 0x00000006d4800000, 0x00000006d4800000|100%| E|CS|TAMS 0x00000006d4400000, 0x00000006d4400000| Complete 

Card table byte_map: [0x000001b200000000,0x000001b200a00000] _byte_map_base: 0x000001b1fc9fc000

Marking Bits (Prev, Next): (CMBitMap*) 0x000001b2687820e0, (CMBitMap*) 0x000001b268782120
 Prev Bits: [0x000001b201400000, 0x000001b2063e0000)
 Next Bits: [0x000001b2063e0000, 0x000001b20b3c0000)

Polling page: 0x000001b266700000

Metaspace:

Usage:
  Non-class:      5.90 MB used.
      Class:    661.50 KB used.
       Both:      6.54 MB used.

Virtual space:
  Non-class space:        8.00 MB reserved,       6.00 MB ( 75%) committed,  1 nodes.
      Class space:        1.00 GB reserved,     768.00 KB ( <1%) committed,  1 nodes.
              Both:        1.01 GB reserved,       6.75 MB ( <1%) committed. 

Chunk freelists:
   Non-Class:  1.95 MB
       Class:  3.24 MB
        Both:  5.19 MB

MaxMetaspaceSize: 17179869184.00 GB
CompressedClassSpaceSize: 1.00 GB
 - commit_granule_bytes: 65536.
 - commit_granule_words: 8192.
 - virtual_space_node_default_size: 1048576.
 - enlarge_chunks_in_place: 1.
 - new_chunks_are_fully_committed: 0.
 - uncommit_free_chunks: 1.
 - use_allocation_guard: 0.
 - handle_deallocations: 1.


Internal statistics:

num_allocs_failed_limit: 0.
num_arena_births: 92.
num_arena_deaths: 0.
num_vsnodes_births: 2.
num_vsnodes_deaths: 0.
num_space_committed: 108.
num_space_uncommitted: 0.
num_chunks_returned_to_freelist: 0.
num_chunks_taken_from_freelist: 142.
num_chunk_merges: 0.
num_chunk_splits: 86.
num_chunks_enlarged: 46.
num_purges: 0.

CodeHeap 'non-profiled nmethods': size=120000Kb used=552Kb max_used=552Kb free=119447Kb
 bounds [0x000001b277980000, 0x000001b277bf0000, 0x000001b27eeb0000]
CodeHeap 'profiled nmethods': size=120000Kb used=1422Kb max_used=1422Kb free=118577Kb
 bounds [0x000001b270450000, 0x000001b2706c0000, 0x000001b277980000]
CodeHeap 'non-nmethods': size=5760Kb used=1282Kb max_used=1313Kb free=4478Kb
 bounds [0x000001b26feb0000, 0x000001b270120000, 0x000001b270450000]
 total_blobs=1374 nmethods=862 adapters=425
 compilation: enabled
              stopped_count=0, restarted_count=0
 full_count=0

Compilation events (20 events):
Event: 9986.533 Thread 0x000001b27fd41a30  866       4       java.lang.String::hashCode (60 bytes)
Event: 9986.537 Thread 0x000001b27fd41a30 nmethod 866 0x000001b277a09990 code [0x000001b277a09b20, 0x000001b277a09d68]
Event: 10149.968 Thread 0x000001b27fd41a30  867       4       org.eclipse.jdt.launching.internal.org.objectweb.asm.Symbol::<init> (38 bytes)
Event: 10149.973 Thread 0x000001b27fd41a30 

Event: 10417.860 Thread 0x000001b27fd41a30  868       4       org.eclipse.jdt.launching.internal.org.objectweb.asm.ClassReader::readUtf (44 bytes)
Event: 10417.860 Thread 0x000001b27fdb0ee0  869       3       org.eclipse.jdt.launching.internal.org.objectweb.asm.ClassReader::readMethod (1066 bytes)
Event: 10417.866 Thread 0x000001b27fdb0ee0 

Event: 10417.866 Thread 0x000001b27fdb0ee0  870       3       org.eclipse.jdt.launching.internal.org.objectweb.asm.ClassVisitor::visitMethod (24 bytes)
Event: 10417.867 Thread 0x000001b27fdb0ee0 nmethod 870 0x000001b2705b2190 code [0x000001b2705b2340, 0x000001b2705b25c8]
Event: 10417.867 Thread 0x000001b27fdb0ee0  871       3       org.eclipse.jdt.launching.internal.org.objectweb.asm.ClassWriter::visitMethod (57 bytes)
Event: 10417.867 Thread 0x000001b27fd41a30 

Event: 10417.867 Thread 0x000001b27fdb0ee0 nmethod 871 0x000001b2705b2710 code [0x000001b2705b28c0, 0x000001b2705b2c88]
Event: 10769.934 Thread 0x000001b27fdb0ee0  873       3       org.eclipse.jdt.launching.internal.org.objectweb.asm.SymbolTable$Entry::<init> (17 bytes)
Event: 10769.934 Thread 0x000001b27fdb0ee0 nmethod 873 0x000001b2705b2e10 code [0x000001b2705b2fc0, 0x000001b2705b3148]
Event: 10868.037 Thread 0x000001b27fd41a30  874       4       org.eclipse.jdt.launching.internal.org.objectweb.asm.Symbol::<init> (38 bytes)
Event: 10868.042 Thread 0x000001b27fd41a30 

Event: 10944.934 Thread 0x000001b27fdb0ee0  875       3       org.eclipse.jdt.launching.internal.org.objectweb.asm.SymbolTable::addConstantIntegerOrFloat (21 bytes)
Event: 10944.934 Thread 0x000001b27fdb0ee0 nmethod 875 0x000001b2705b3210 code [0x000001b2705b33e0, 0x000001b2705b3678]
Event: 10944.934 Thread 0x000001b27fdb0ee0  876       3       org.eclipse.jdt.launching.internal.org.objectweb.asm.SymbolTable::hash (7 bytes)
Event: 10944.934 Thread 0x000001b27fdb0ee0 nmethod 876 0x000001b2705b3790 code [0x000001b2705b3920, 0x000001b2705b3a18]

GC Heap History (20 events):
Event: 5.587 GC heap before
{Heap before GC invocations=5 (full 0):
 garbage-first heap   total 327680K, used 198777K [0x00000006c0800000, 0x0000000800000000)
  region size 4096K, 48 young (196608K), 1 survivors (4096K)
 Metaspace       used 6527K, committed 6720K, reserved 1056768K
  class space    used 657K, committed 768K, reserved 1048576K
}
Event: 5.587 GC heap after
{Heap after GC invocations=6 (full 0):
 garbage-first heap   total 327680K, used 6265K [0x00000006c0800000, 0x0000000800000000)
  region size 4096K, 1 young (4096K), 1 survivors (4096K)
 Metaspace       used 6527K, committed 6720K, reserved 1056768K
  class space    used 657K, committed 768K, reserved 1048576K
}
Event: 6.742 GC heap before
{Heap before GC invocations=6 (full 0):
 garbage-first heap   total 327680K, used 198777K [0x00000006c0800000, 0x0000000800000000)
  region size 4096K, 48 young (196608K), 1 survivors (4096K)
 Metaspace       used 6527K, committed 6720K, reserved 1056768K
  class space    used 657K, committed 768K, reserved 1048576K
}
Event: 6.742 GC heap after
{Heap after GC invocations=7 (full 0):
 garbage-first heap   total 327680K, used 6261K [0x00000006c0800000, 0x0000000800000000)
  region size 4096K, 1 young (4096K), 1 survivors (4096K)
 Metaspace       used 6527K, committed 6720K, reserved 1056768K
  class space    used 657K, committed 768K, reserved 1048576K
}
Event: 7.892 GC heap before
{Heap before GC invocations=7 (full 0):
 garbage-first heap   total 327680K, used 198773K [0x00000006c0800000, 0x0000000800000000)
  region size 4096K, 48 young (196608K), 1 survivors (4096K)
 Metaspace       used 6527K, committed 6720K, reserved 1056768K
  class space    used 657K, committed 768K, reserved 1048576K
}
Event: 7.893 GC heap after
{Heap after GC invocations=8 (full 0):
 garbage-first heap   total 327680K, used 6263K [0x00000006c0800000, 0x0000000800000000)
  region size 4096K, 1 young (4096K), 1 survivors (4096K)
 Metaspace       used 6527K, committed 6720K, reserved 1056768K
  class space    used 657K, committed 768K, reserved 1048576K
}
Event: 9.070 GC heap before
{Heap before GC invocations=8 (full 0):
 garbage-first heap   total 327680K, used 198775K [0x00000006c0800000, 0x0000000800000000)
  region size 4096K, 48 young (196608K), 1 survivors (4096K)
 Metaspace       used 6527K, committed 6720K, reserved 1056768K
  class space    used 657K, committed 768K, reserved 1048576K
}
Event: 9.071 GC heap after
{Heap after GC invocations=9 (full 0):
 garbage-first heap   total 327680K, used 6259K [0x00000006c0800000, 0x0000000800000000)
  region size 4096K, 1 young (4096K), 1 survivors (4096K)
 Metaspace       used 6527K, committed 6720K, reserved 1056768K
  class space    used 657K, committed 768K, reserved 1048576K
}
Event: 10.767 GC heap before
{Heap before GC invocations=9 (full 0):
 garbage-first heap   total 327680K, used 198771K [0x00000006c0800000, 0x0000000800000000)
  region size 4096K, 48 young (196608K), 1 survivors (4096K)
 Metaspace       used 6527K, committed 6720K, reserved 1056768K
  class space    used 657K, committed 768K, reserved 1048576K
}
Event: 10.767 GC heap after
{Heap after GC invocations=10 (full 0):
 garbage-first heap   total 327680K, used 6263K [0x00000006c0800000, 0x0000000800000000)
  region size 4096K, 1 young (4096K), 1 survivors (4096K)
 Metaspace       used 6527K, committed 6720K, reserved 1056768K
  class space    used 657K, committed 768K, reserved 1048576K
}
Event: 11.942 GC heap before
{Heap before GC invocations=10 (full 0):
 garbage-first heap   total 327680K, used 198775K [0x00000006c0800000, 0x0000000800000000)
  region size 4096K, 48 young (196608K), 1 survivors (4096K)
 Metaspace       used 6527K, committed 6720K, reserved 1056768K
  class space    used 657K, committed 768K, reserved 1048576K
}
Event: 11.942 GC heap after
{Heap after GC invocations=11 (full 0):
 garbage-first heap   total 327680K, used 6263K [0x00000006c0800000, 0x0000000800000000)
  region size 4096K, 1 young (4096K), 1 survivors (4096K)
 Metaspace       used 6527K, committed 6720K, reserved 1056768K
  class space    used 657K, committed 768K, reserved 1048576K
}
Event: 13.104 GC heap before
{Heap before GC invocations=11 (full 0):
 garbage-first heap   total 327680K, used 198775K [0x00000006c0800000, 0x0000000800000000)
  region size 4096K, 48 young (196608K), 1 survivors (4096K)
 Metaspace       used 6527K, committed 6720K, reserved 1056768K
  class space    used 657K, committed 768K, reserved 1048576K
}
Event: 13.104 GC heap after
{Heap after GC invocations=12 (full 0):
 garbage-first heap   total 327680K, used 6265K [0x00000006c0800000, 0x0000000800000000)
  region size 4096K, 1 young (4096K), 1 survivors (4096K)
 Metaspace       used 6527K, committed 6720K, reserved 1056768K
  class space    used 657K, committed 768K, reserved 1048576K
}
Event: 14.274 GC heap before
{Heap before GC invocations=12 (full 0):
 garbage-first heap   total 327680K, used 198777K [0x00000006c0800000, 0x0000000800000000)
  region size 4096K, 48 young (196608K), 1 survivors (4096K)
 Metaspace       used 6527K, committed 6720K, reserved 1056768K
  class space    used 657K, committed 768K, reserved 1048576K
}
Event: 14.274 GC heap after
{Heap after GC invocations=13 (full 0):
 garbage-first heap   total 327680K, used 6265K [0x00000006c0800000, 0x0000000800000000)
  region size 4096K, 1 young (4096K), 1 survivors (4096K)
 Metaspace       used 6527K, committed 6720K, reserved 1056768K
  class space    used 657K, committed 768K, reserved 1048576K
}
Event: 15.435 GC heap before
{Heap before GC invocations=13 (full 0):
 garbage-first heap   total 327680K, used 198777K [0x00000006c0800000, 0x0000000800000000)
  region size 4096K, 48 young (196608K), 1 survivors (4096K)
 Metaspace       used 6527K, committed 6720K, reserved 1056768K
  class space    used 657K, committed 768K, reserved 1048576K
}
Event: 15.435 GC heap after
{Heap after GC invocations=14 (full 0):
 garbage-first heap   total 327680K, used 6265K [0x00000006c0800000, 0x0000000800000000)
  region size 4096K, 1 young (4096K), 1 survivors (4096K)
 Metaspace       used 6527K, committed 6720K, reserved 1056768K
  class space    used 657K, committed 768K, reserved 1048576K
}
Event: 16.599 GC heap before
{Heap before GC invocations=14 (full 0):
 garbage-first heap   total 327680K, used 198777K [0x00000006c0800000, 0x0000000800000000)
  region size 4096K, 48 young (196608K), 1 survivors (4096K)
 Metaspace       used 6527K, committed 6720K, reserved 1056768K
  class space    used 657K, committed 768K, reserved 1048576K
}
Event: 16.600 GC heap after
{Heap after GC invocations=15 (full 0):
 garbage-first heap   total 327680K, used 6265K [0x00000006c0800000, 0x0000000800000000)
  region size 4096K, 1 young (4096K), 1 survivors (4096K)
 Metaspace       used 6527K, committed 6720K, reserved 1056768K
  class space    used 657K, committed 768K, reserved 1048576K
}

Deoptimization events (20 events):
Event: 9.590 Thread 0x000001b26872bde0 DEOPT PACKING pc=0x000001b2779ebf3c sp=0x00000095c5fff4f0
Event: 9.590 Thread 0x000001b26872bde0 DEOPT UNPACKING pc=0x000001b26fefd72e sp=0x00000095c5fff500 mode 2
Event: 9.590 Thread 0x000001b26872bde0 Uncommon trap: trap_request=0xffffffbe fr.pc=0x000001b2779ebf3c relative=0x0000000000003e1c
Event: 9.590 Thread 0x000001b26872bde0 Uncommon trap: reason=profile_predicate action=maybe_recompile pc=0x000001b2779ebf3c method=MyVersion.Core.Network_Teacher.teach(LMyVersion/Core/Network;LMyVersion/Core/Data_Set;Z)F @ 586 c2
Event: 9.590 Thread 0x000001b26872bde0 DEOPT PACKING pc=0x000001b2779ebf3c sp=0x00000095c5fff4f0
Event: 9.590 Thread 0x000001b26872bde0 DEOPT UNPACKING pc=0x000001b26fefd72e sp=0x00000095c5fff500 mode 2
Event: 9.590 Thread 0x000001b26872bde0 Uncommon trap: trap_request=0xffffffbe fr.pc=0x000001b2779e5b08 relative=0x00000000000024c8
Event: 9.590 Thread 0x000001b26872bde0 Uncommon trap: reason=profile_predicate action=maybe_recompile pc=0x000001b2779e5b08 method=MyVersion.Core.Network_Teacher.teach(LMyVersion/Core/Network;LMyVersion/Core/Data_Set;Z)F @ 586 c2
Event: 9.590 Thread 0x000001b26872bde0 DEOPT PACKING pc=0x000001b2779e5b08 sp=0x00000095c5fff4d0
Event: 9.590 Thread 0x000001b26872bde0 DEOPT UNPACKING pc=0x000001b26fefd72e sp=0x00000095c5fff500 mode 2
Event: 11.025 Thread 0x000001b26872bde0 DEOPT PACKING pc=0x000001b2705a2cd9 sp=0x00000095c5fff5c0
Event: 11.025 Thread 0x000001b26872bde0 DEOPT UNPACKING pc=0x000001b26fefdece sp=0x00000095c5ffeac8 mode 0
Event: 17.641 Thread 0x000001b26872bde0 Uncommon trap: trap_request=0xffffff45 fr.pc=0x000001b277a06b1c relative=0x00000000000002dc
Event: 17.641 Thread 0x000001b26872bde0 Uncommon trap: reason=unstable_if action=reinterpret pc=0x000001b277a06b1c method=MyVersion.Core.Network_Teacher.fullTeach(LMyVersion/Core/Network;)[F @ 71 c2
Event: 17.641 Thread 0x000001b26872bde0 DEOPT PACKING pc=0x000001b277a06b1c sp=0x00000095c5fff620
Event: 17.641 Thread 0x000001b26872bde0 DEOPT UNPACKING pc=0x000001b26fefd72e sp=0x00000095c5fff5d8 mode 2
Event: 119.610 Thread 0x000001b26872bde0 Uncommon trap: trap_request=0xffffff45 fr.pc=0x000001b2779d1cf0 relative=0x00000000000033d0
Event: 119.610 Thread 0x000001b26872bde0 Uncommon trap: reason=unstable_if action=reinterpret pc=0x000001b2779d1cf0 method=MyVersion.Core.Network.evaluteFitness([Ljava/lang/Float;Z)F @ 1 c2
Event: 119.610 Thread 0x000001b26872bde0 DEOPT PACKING pc=0x000001b2779d1cf0 sp=0x00000095c5fff510
Event: 119.610 Thread 0x000001b26872bde0 DEOPT UNPACKING pc=0x000001b26fefd72e sp=0x00000095c5fff550 mode 2

Classes unloaded (0 events):
No events

Classes redefined (20 events):
Event: 4310.969 Thread 0x000001b27fd237e0 redefined class name=MyVersion.Core.Network_Teacher, count=4
Event: 4572.193 Thread 0x000001b27fd237e0 redefined class name=MyVersion.Core.Network_Teacher, count=5
Event: 7772.951 Thread 0x000001b27fd237e0 redefined class name=MyVersion.Core.Network_Teacher, count=6
Event: 8073.663 Thread 0x000001b27fd237e0 redefined class name=MyVersion.Core.Network_Teacher, count=7
Event: 8181.397 Thread 0x000001b27fd237e0 redefined class name=MyVersion.Core.Network_Teacher, count=8
Event: 9141.452 Thread 0x000001b27fd237e0 redefined class name=MyVersion.Core.Network_Teacher, count=9
Event: 9173.921 Thread 0x000001b27fd237e0 redefined class name=MyVersion.Core.Network_Teacher, count=10
Event: 9220.627 Thread 0x000001b27fd237e0 redefined class name=MyVersion.Core.Network_Teacher, count=11
Event: 9275.964 Thread 0x000001b27fd237e0 redefined class name=MyVersion.Core.Network_Teacher, count=12
Event: 9471.558 Thread 0x000001b27fd237e0 redefined class name=MyVersion.Core.Network_Teacher, count=13
Event: 9574.537 Thread 0x000001b27fd237e0 redefined class name=MyVersion.Core.Network_Teacher, count=14
Event: 9752.504 Thread 0x000001b27fd237e0 redefined class name=MyVersion.Core.Network_Teacher, count=15
Event: 9986.543 Thread 0x000001b27fd237e0 redefined class name=MyVersion.Core.Network_Teacher, count=16
Event: 10123.676 Thread 0x000001b27fd237e0 redefined class name=MyVersion.Core.Network_Teacher, count=17
Event: 10149.970 Thread 0x000001b27fd237e0 redefined class name=MyVersion.Core.Network_Teacher, count=18
Event: 10417.864 Thread 0x000001b27fd237e0 redefined class name=MyVersion.Core.Network_Teacher, count=19
Event: 10769.936 Thread 0x000001b27fd237e0 redefined class name=MyVersion.Core.Network_Teacher, count=20
Event: 10868.040 Thread 0x000001b27fd237e0 redefined class name=MyVersion.Core.Network_Teacher, count=21
Event: 10944.936 Thread 0x000001b27fd237e0 redefined class name=MyVersion.Core.Network_Teacher, count=22
Event: 11010.484 Thread 0x000001b27fd237e0 redefined class name=MyVersion.Core.Network_Teacher, count=23

Internal exceptions (11 events):
Event: 0.991 Thread 0x000001b26872bde0 Exception <a 'java/lang/NoSuchMethodError'{0x00000006d47fae40}: 'java.lang.Object java.lang.invoke.DirectMethodHandle$Holder.invokeStatic(java.lang.Object)'> (0x00000006d47fae40) 
thrown [t:\workspace\open\src\hotspot\share\interpreter\linkResolver.cpp, line 790]
Event: 1.039 Thread 0x000001b26872bde0 Exception <a 'java/lang/NoSuchMethodError'{0x00000006d41454e0}: 'void java.lang.invoke.DirectMethodHandle$Holder.invokeSpecial(java.lang.Object, java.lang.Object, java.lang.Object)'> (0x00000006d41454e0) 
thrown [t:\workspace\open\src\hotspot\share\interpreter\linkResolver.cpp, line 790]
Event: 1.046 Thread 0x000001b26872bde0 Exception <a 'java/lang/ClassNotFoundException'{0x00000006d4184b10}: sun/awt/resources/spi/awtProvider> (0x00000006d4184b10) 
thrown [t:\workspace\open\src\hotspot\share\classfile\systemDictionary.cpp, line 256]
Event: 1.064 Thread 0x000001b26872bde0 Exception <a 'java/io/FileNotFoundException'{0x00000006d41e10f8}> (0x00000006d41e10f8) 
thrown [t:\workspace\open\src\hotspot\share\prims\jni.cpp, line 579]
Event: 1.072 Thread 0x000001b26872bde0 Exception <a 'java/io/FileNotFoundException'{0x00000006d4211d48}> (0x00000006d4211d48) 
thrown [t:\workspace\open\src\hotspot\share\prims\jni.cpp, line 579]
Event: 1.111 Thread 0x000001b26872bde0 Exception <a 'java/lang/NoSuchMethodError'{0x00000006d434e958}: 'java.lang.Object java.lang.invoke.DirectMethodHandle$Holder.invokeStaticInit(java.lang.Object)'> (0x00000006d434e958) 
thrown [t:\workspace\open\src\hotspot\share\interpreter\linkResolver.cpp, line 790]
Event: 1.290 Thread 0x000001b26872bde0 Exception <a 'java/lang/NoSuchMethodError'{0x00000006d3ca88b8}: 'java.lang.Object java.lang.invoke.DirectMethodHandle$Holder.newInvokeSpecial(java.lang.Object, java.lang.Object, java.lang.Object, java.lang.Object, java.lang.Object)'> (0x00000006d3ca88b8) 
thrown [t:\workspace\open\src\hotspot\share\interpreter\linkResolver.cpp, line 790]
Event: 1.292 Thread 0x000001b26872bde0 Exception <a 'java/lang/NoSuchMethodError'{0x00000006d3cb43a0}: 'java.lang.Object java.lang.invoke.DirectMethodHandle$Holder.invokeStatic(java.lang.Object, int, java.lang.Object, java.lang.Object, java.lang.Object, java.lang.Object)'> (0x00000006d3cb43a0) 
thrown [t:\workspace\open\src\hotspot\share\interpreter\linkResolver.cpp, line 790]
Event: 1.296 Thread 0x000001b26872bde0 Exception <a 'java/lang/NoSuchMethodError'{0x00000006d3cdaa98}: 'java.lang.Object java.lang.invoke.DirectMethodHandle$Holder.invokeStatic(java.lang.Object, int, java.lang.Object)'> (0x00000006d3cdaa98) 
thrown [t:\workspace\open\src\hotspot\share\interpreter\linkResolver.cpp, line 790]
Event: 1.321 Thread 0x000001b26872bde0 Exception <a 'java/lang/ClassNotFoundException'{0x00000006d3da1e38}: com/sun/swing/internal/plaf/metal/resources/spi/metalProvider> (0x00000006d3da1e38) 
thrown [t:\workspace\open\src\hotspot\share\classfile\systemDictionary.cpp, line 256]
Event: 1.322 Thread 0x000001b26872bde0 Exception <a 'java/lang/ClassNotFoundException'{0x00000006d3da88c8}: com/sun/swing/internal/plaf/basic/resources/spi/basicProvider> (0x00000006d3da88c8) 
thrown [t:\workspace\open\src\hotspot\share\classfile\systemDictionary.cpp, line 256]

Events (20 events):
Event: 10944.954 Executing  VM operation: ChangeBreakpoints done
Event: 10944.957 Executing  VM operation: ChangeBreakpoints
Event: 10944.958 Executing  VM operation: ChangeBreakpoints done
Event: 10944.964 Executing  VM operation: ChangeBreakpoints
Event: 10944.964 Executing  VM operation: ChangeBreakpoints done
Event: 11010.483 Executing  VM operation: RedefineClasses
Event: 11010.487 Executing  VM operation: RedefineClasses done
Event: 11010.501 Executing  VM operation: ChangeBreakpoints
Event: 11010.501 Executing  VM operation: ChangeBreakpoints done
Event: 11010.505 Executing  VM operation: ChangeBreakpoints
Event: 11010.505 Executing  VM operation: ChangeBreakpoints done
Event: 11010.510 Executing  VM operation: ChangeBreakpoints
Event: 11010.511 Executing  VM operation: ChangeBreakpoints done
Event: 11106.812 Executing  VM operation: ChangeBreakpoints
Event: 11106.812 Executing  VM operation: ChangeBreakpoints done
Event: 11111.805 Executing  VM operation: get/set locals
Event: 11111.805 Executing  VM operation: get/set locals done
Event: 11111.805 Executing  VM operation: get/set locals
Event: 11111.805 Executing  VM operation: get/set locals done
Event: 11120.666 Executing  VM operation: get/set locals


Dynamic libraries:
0x00007ff682410000 - 0x00007ff682420000 	C:\Program Files\Java\jdk-16.0.2\bin\javaw.exe
0x00007ffd5cc10000 - 0x00007ffd5ce08000 	C:\Windows\SYSTEM32\ntdll.dll
0x00007ffd5be60000 - 0x00007ffd5bf1f000 	C:\Windows\System32\KERNEL32.DLL
0x00007ffd5a860000 - 0x00007ffd5ab32000 	C:\Windows\System32\KERNELBASE.dll
0x00007ffd5a3a0000 - 0x00007ffd5a4a0000 	C:\Windows\System32\ucrtbase.dll
0x00007ffd487b0000 - 0x00007ffd487c8000 	C:\Program Files\Java\jdk-16.0.2\bin\jli.dll
0x00007ffd5c960000 - 0x00007ffd5ca0e000 	C:\Windows\System32\ADVAPI32.dll
0x00007ffd5b050000 - 0x00007ffd5b0ee000 	C:\Windows\System32\msvcrt.dll
0x00007ffd5ac50000 - 0x00007ffd5acec000 	C:\Windows\System32\sechost.dll
0x00007ffd5c6b0000 - 0x00007ffd5c7d5000 	C:\Windows\System32\RPCRT4.dll
0x00007ffd5b560000 - 0x00007ffd5b701000 	C:\Windows\System32\USER32.dll
0x00007ffd5ac20000 - 0x00007ffd5ac42000 	C:\Windows\System32\win32u.dll
0x00007ffd5ca10000 - 0x00007ffd5ca3b000 	C:\Windows\System32\GDI32.dll
0x00007ffd5a750000 - 0x00007ffd5a85f000 	C:\Windows\System32\gdi32full.dll
0x00007ffd5a600000 - 0x00007ffd5a69d000 	C:\Windows\System32\msvcp_win.dll
0x00007ffd48790000 - 0x00007ffd487a9000 	C:\Program Files\Java\jdk-16.0.2\bin\VCRUNTIME140.dll
0x00007ffd41b90000 - 0x00007ffd41e2a000 	C:\Windows\WinSxS\amd64_microsoft.windows.common-controls_6595b64144ccf1df_6.0.19041.1110_none_60b5254171f9507e\COMCTL32.dll
0x00007ffd582c0000 - 0x00007ffd582ca000 	C:\Windows\SYSTEM32\VERSION.dll
0x00007ffd5c7e0000 - 0x00007ffd5c812000 	C:\Windows\System32\IMM32.DLL
0x00007ffd57b60000 - 0x00007ffd57b6c000 	C:\Program Files\Java\jdk-16.0.2\bin\vcruntime140_1.dll
0x00007ffd42af0000 - 0x00007ffd42b81000 	C:\Program Files\Java\jdk-16.0.2\bin\msvcp140.dll
0x00007ffd0d200000 - 0x00007ffd0ddab000 	C:\Program Files\Java\jdk-16.0.2\bin\server\jvm.dll
0x00007ffd5c0f0000 - 0x00007ffd5c0f8000 	C:\Windows\System32\PSAPI.DLL
0x00007ffd57b80000 - 0x00007ffd57b89000 	C:\Windows\SYSTEM32\WSOCK32.dll
0x00007ffd5c460000 - 0x00007ffd5c4cb000 	C:\Windows\System32\WS2_32.dll
0x00007ffd567f0000 - 0x00007ffd56817000 	C:\Windows\SYSTEM32\WINMM.dll
0x00007ffd58b60000 - 0x00007ffd58b72000 	C:\Windows\SYSTEM32\kernel.appcore.dll
0x00007ffd4c580000 - 0x00007ffd4c58a000 	C:\Program Files\Java\jdk-16.0.2\bin\jimage.dll
0x00007ffd45af0000 - 0x00007ffd45cd4000 	C:\Windows\SYSTEM32\DBGHELP.DLL
0x00007ffd40c00000 - 0x00007ffd40c35000 	C:\Windows\SYSTEM32\dbgcore.DLL
0x00007ffd5ab40000 - 0x00007ffd5abc2000 	C:\Windows\System32\bcryptPrimitives.dll
0x00007ffd3e290000 - 0x00007ffd3e2cb000 	C:\Program Files\Java\jdk-16.0.2\bin\jdwp.dll
0x00007ffd48a20000 - 0x00007ffd48a2e000 	C:\Program Files\Java\jdk-16.0.2\bin\instrument.dll
0x00007ffd42a80000 - 0x00007ffd42aa5000 	C:\Program Files\Java\jdk-16.0.2\bin\java.dll
0x00007ffd5b710000 - 0x00007ffd5be55000 	C:\Windows\System32\SHELL32.dll
0x00007ffd583c0000 - 0x00007ffd58b52000 	C:\Windows\SYSTEM32\windows.storage.dll
0x00007ffd5c100000 - 0x00007ffd5c455000 	C:\Windows\System32\combase.dll
0x00007ffd59c80000 - 0x00007ffd59cb0000 	C:\Windows\SYSTEM32\Wldp.dll
0x00007ffd5c4d0000 - 0x00007ffd5c57d000 	C:\Windows\System32\SHCORE.dll
0x00007ffd5c820000 - 0x00007ffd5c875000 	C:\Windows\System32\shlwapi.dll
0x00007ffd5a240000 - 0x00007ffd5a25f000 	C:\Windows\SYSTEM32\profapi.dll
0x00007ffd48780000 - 0x00007ffd4878c000 	C:\Program Files\Java\jdk-16.0.2\bin\dt_socket.dll
0x00007ffd596d0000 - 0x00007ffd5970b000 	C:\Windows\SYSTEM32\IPHLPAPI.DLL
0x00007ffd599e0000 - 0x00007ffd59a4a000 	C:\Windows\system32\mswsock.dll
0x00007ffd59710000 - 0x00007ffd597db000 	C:\Windows\SYSTEM32\DNSAPI.dll
0x00007ffd5c0d0000 - 0x00007ffd5c0d8000 	C:\Windows\System32\NSI.dll
0x00007ffd537b0000 - 0x00007ffd537ba000 	C:\Windows\System32\rasadhlp.dll
0x00007ffd48480000 - 0x00007ffd48500000 	C:\Windows\System32\fwpuclnt.dll
0x00007ffd5a370000 - 0x00007ffd5a397000 	C:\Windows\System32\bcrypt.dll
0x00007ffd3e660000 - 0x00007ffd3e678000 	C:\Program Files\Java\jdk-16.0.2\bin\zip.dll
0x00007ffd3e270000 - 0x00007ffd3e289000 	C:\Program Files\Java\jdk-16.0.2\bin\net.dll
0x00007ffd51ed0000 - 0x00007ffd51fdc000 	C:\Windows\SYSTEM32\WINHTTP.dll
0x00007ffd3d310000 - 0x00007ffd3d323000 	C:\Program Files\Java\jdk-16.0.2\bin\nio.dll
0x00007ffd48520000 - 0x00007ffd48530000 	C:\Program Files\Java\jdk-16.0.2\bin\verify.dll
0x00007ffd3af50000 - 0x00007ffd3b0d0000 	C:\Program Files\Java\jdk-16.0.2\bin\awt.dll
0x00007ffd5ad50000 - 0x00007ffd5ae1d000 	C:\Windows\System32\OLEAUT32.dll
0x00007ffd577b0000 - 0x00007ffd57840000 	C:\Windows\SYSTEM32\apphelp.dll
0x00007ffd57cf0000 - 0x00007ffd57d1f000 	C:\Windows\system32\DWMAPI.DLL
0x00007ffd579a0000 - 0x00007ffd57a3e000 	C:\Windows\system32\uxtheme.dll
0x00007ffd3ae20000 - 0x00007ffd3af45000 	C:\Windows\system32\opengl32.dll
0x00007ffd3d2e0000 - 0x00007ffd3d30c000 	C:\Windows\SYSTEM32\GLU32.dll
0x00007ffd5aed0000 - 0x00007ffd5afe5000 	C:\Windows\System32\MSCTF.dll
0x00007ffd5c580000 - 0x00007ffd5c6aa000 	C:\Windows\System32\ole32.dll
0x00007ffd48150000 - 0x00007ffd4831e000 	C:\Windows\system32\d3d9.dll
0x00007ffd4d830000 - 0x00007ffd4d947000 	C:\Windows\System32\DriverStore\FileRepository\nv_dispi.inf_amd64_47917a79b8c7fd22\nvldumdx.dll
0x00007ffd59e10000 - 0x00007ffd59e22000 	C:\Windows\SYSTEM32\msasn1.dll
0x00007ffd4de60000 - 0x00007ffd4de91000 	C:\Windows\SYSTEM32\cryptnet.dll
0x00007ffd5a4a0000 - 0x00007ffd5a5f6000 	C:\Windows\System32\CRYPT32.dll
0x00007ffd4da50000 - 0x00007ffd4db98000 	C:\Windows\SYSTEM32\drvstore.dll
0x00007ffd59fd0000 - 0x00007ffd59ffc000 	C:\Windows\SYSTEM32\devobj.dll
0x00007ffd5abd0000 - 0x00007ffd5ac1e000 	C:\Windows\System32\cfgmgr32.dll
0x00007ffd59bf0000 - 0x00007ffd59bfc000 	C:\Windows\SYSTEM32\cryptbase.dll
0x00007ffd5a300000 - 0x00007ffd5a369000 	C:\Windows\System32\WINTRUST.DLL
0x00007ffd5aeb0000 - 0x00007ffd5aecd000 	C:\Windows\System32\imagehlp.dll
0x00007ffd59bd0000 - 0x00007ffd59be8000 	C:\Windows\SYSTEM32\CRYPTSP.dll
0x00007ffd59300000 - 0x00007ffd59334000 	C:\Windows\system32\rsaenh.dll
0x00007ffd08d00000 - 0x00007ffd0a50a000 	C:\Windows\System32\DriverStore\FileRepository\nv_dispi.inf_amd64_47917a79b8c7fd22\nvd3dumx.dll
0x00007ffd3b2e0000 - 0x00007ffd3b5b1000 	C:\Windows\system32\nvspcap64.dll
0x00007ffd59440000 - 0x00007ffd59473000 	C:\Windows\SYSTEM32\ntmarta.dll
0x00007ffd58b90000 - 0x00007ffd58bb3000 	C:\Windows\SYSTEM32\gpapi.dll
0x00007ffd52a80000 - 0x00007ffd52abb000 	C:\Windows\SYSTEM32\dxcore.dll

dbghelp: loaded successfully - version: 4.0.5 - missing functions: none
symbol engine: initialized successfully - sym options: 0x614 - pdb path: .;C:\Program Files\Java\jdk-16.0.2\bin;C:\Windows\SYSTEM32;C:\Windows\WinSxS\amd64_microsoft.windows.common-controls_6595b64144ccf1df_6.0.19041.1110_none_60b5254171f9507e;C:\Program Files\Java\jdk-16.0.2\bin\server;C:\Windows\System32\DriverStore\FileRepository\nv_dispi.inf_amd64_47917a79b8c7fd22

VM Arguments:
jvm_args: -XX:+ShowCodeDetailsInExceptionMessages -agentlib:jdwp=transport=dt_socket,suspend=y,address=localhost:59518 -javaagent:E:\java-2022-12\eclipse\configuration\org.eclipse.osgi\227\0\.cp\lib\javaagent-shaded.jar -Dfile.encoding=UTF-8 
java_command: MyVersion.Frame.World
java_class_path (initial): C:\Users\Timurs\git\GM\out\production\GM2;C:\Users\Timurs\git\GM\out\artifacts\GM2_jar\GM2.jar
Launcher Type: SUN_STANDARD

[Global flags]
     intx CICompilerCount                          = 3                                         {product} {ergonomic}
     uint ConcGCThreads                            = 1                                         {product} {ergonomic}
     uint G1ConcRefinementThreads                  = 4                                         {product} {ergonomic}
   size_t G1HeapRegionSize                         = 4194304                                   {product} {ergonomic}
    uintx GCDrainStackTargetSize                   = 64                                        {product} {ergonomic}
   size_t InitialHeapSize                          = 335544320                                 {product} {ergonomic}
   size_t MarkStackSize                            = 4194304                                   {product} {ergonomic}
   size_t MaxHeapSize                              = 5360320512                                {product} {ergonomic}
   size_t MaxNewSize                               = 3212836864                                {product} {ergonomic}
   size_t MinHeapDeltaBytes                        = 4194304                                   {product} {ergonomic}
   size_t MinHeapSize                              = 8388608                                   {product} {ergonomic}
    uintx NonNMethodCodeHeapSize                   = 5832780                                {pd product} {ergonomic}
    uintx NonProfiledCodeHeapSize                  = 122912730                              {pd product} {ergonomic}
    uintx ProfiledCodeHeapSize                     = 122912730                              {pd product} {ergonomic}
    uintx ReservedCodeCacheSize                    = 251658240                              {pd product} {ergonomic}
     bool SegmentedCodeCache                       = true                                      {product} {ergonomic}
     bool ShowCodeDetailsInExceptionMessages       = true                                   {manageable} {command line}
   size_t SoftMaxHeapSize                          = 5360320512                             {manageable} {ergonomic}
     bool UseCompressedClassPointers               = true                           {product lp64_product} {ergonomic}
     bool UseCompressedOops                        = true                           {product lp64_product} {ergonomic}
     bool UseG1GC                                  = true                                      {product} {ergonomic}
     bool UseLargePagesIndividualAllocation        = false                                  {pd product} {ergonomic}

Logging:
Log output configuration:
 #0: stdout all=warning uptime,level,tags
 #1: stderr all=off uptime,level,tags

Environment Variables:
JAVA_HOME=C:\Program Files\Java\jdk-16.0.2\bin\java.exe
PATH=C:/Program Files/Java/jdk-18/bin/server;C:/Program Files/Java/jdk-18/bin;C:\Program Files\Java\jdk-16.0.2\bin;C:\ProgramData\Oracle\Java\javapath;C:\Program Files\Common Files\Oracle\Java\javapath;C:\Windows\system32;C:\Windows;C:\Windows\System32\Wbem;C:\Windows\System32\WindowsPowerShell\v1.0\;C:\Windows\System32\OpenSSH\;C:\Program Files\NVIDIA Corporation\NVIDIA NvDLISR;C:\Program Files (x86)\NVIDIA Corporation\PhysX\Common;C:\Program Files\Git\cmd;C:\Program Files\Java\jdk-16.0.2\bin;C:\Users\Timurs\AppData\Local\GitHubDesktop\bin;C:\Users\Timurs\Desktop;
USERNAME=Timurs
OS=Windows_NT
PROCESSOR_IDENTIFIER=Intel64 Family 6 Model 58 Stepping 9, GenuineIntel



---------------  S Y S T E M  ---------------

OS:
 Windows 10 , 64 bit Build 19041 (10.0.19041.2546)
OS uptime: 0 days 23:00 hours

CPU: total 4 (initial active 4) (4 cores per cpu, 1 threads per core) family 6 model 58 stepping 9 microcode 0x21, cx8, cmov, fxsr, mmx, sse, sse2, sse3, ssse3, sse4.1, sse4.2, popcnt, tsc, tscinvbit, avx, aes, erms, clmul, vzeroupper, clflush

Memory: 4k page, system-wide physical 20447M (11822M free)
TotalPageFile size 20511M (AvailPageFile size 8539M)
current process WorkingSet (physical memory assigned to process): 260M, peak: 277M
current process commit charge ("private bytes"): 424M, peak: 449M

vm_info: Java HotSpot(TM) 64-Bit Server VM (16.0.2+7-67) for windows-amd64 JRE (16.0.2+7-67), built on Jun  8 2021 23:24:19 by "mach5one" with MS VC++ 16.7 (VS2019)

END.
