#
# A fatal error has been detected by the Java Runtime Environment:
#
#  EXCEPTION_ACCESS_VIOLATION (0xc0000005) at pc=0x00007ffd0d52cad5, pid=5596, tid=5856
#
# JRE version: Java(TM) SE Runtime Environment (16.0.2+7) (build 16.0.2+7-67)
# Java VM: Java HotSpot(TM) 64-Bit Server VM (16.0.2+7-67, mixed mode, sharing, tiered, compressed oops, compressed class ptrs, g1 gc, windows-amd64)
# Problematic frame:
# V  [jvm.dll+0x32cad5]
#
# No core dump will be written. Minidumps are not enabled by default on client versions of Windows
#
# If you would like to submit a bug report, please visit:
#   https://bugreport.java.com/bugreport/crash.jsp
#

---------------  S U M M A R Y ------------

Command Line: -XX:+ShowCodeDetailsInExceptionMessages -agentlib:jdwp=transport=dt_socket,suspend=y,address=localhost:49702 -javaagent:E:\java-2022-12\eclipse\configuration\org.eclipse.osgi\227\0\.cp\lib\javaagent-shaded.jar -Dfile.encoding=UTF-8 MyVersion.Core.Network_Teacher

Host: Intel(R) Core(TM) i5-3570 CPU @ 3.40GHz, 4 cores, 19G,  Windows 10 , 64 bit Build 19041 (10.0.19041.2546)
Time: Wed Mar  8 14:54:20 2023  Windows 10 , 64 bit Build 19041 (10.0.19041.2546) elapsed time: 5688.341068 seconds (0d 1h 34m 48s)

---------------  T H R E A D  ---------------

Current thread (0x0000023a45173100):  GCTaskThread "GC Thread#3" [stack: 0x0000009bcc200000,0x0000009bcc300000] [id=5856]

Stack: [0x0000009bcc200000,0x0000009bcc300000],  sp=0x0000009bcc2fdaa0,  free space=1014k
Native frames: (J=compiled Java code, j=interpreted, Vv=VM code, C=native code)
V  [jvm.dll+0x32cad5]
V  [jvm.dll+0x32f022]
V  [jvm.dll+0x32f72e]
V  [jvm.dll+0x32cdaf]
V  [jvm.dll+0x32c037]
V  [jvm.dll+0x656cce]
V  [jvm.dll+0x657534]
V  [jvm.dll+0x61c1d7]
V  [jvm.dll+0x2c043a]
V  [jvm.dll+0x2bfcc0]
V  [jvm.dll+0x2bfc55]
V  [jvm.dll+0x77da22]
V  [jvm.dll+0x77d8d9]
V  [jvm.dll+0x77dfa0]
V  [jvm.dll+0x30f35d]
V  [jvm.dll+0x30f1c8]
V  [jvm.dll+0x2d6b14]
V  [jvm.dll+0x2d84ab]
V  [jvm.dll+0x7f7f0b]
V  [jvm.dll+0x7795aa]
V  [jvm.dll+0x667066]
C  [ucrtbase.dll+0x21bb2]
C  [KERNEL32.DLL+0x17614]
C  [ntdll.dll+0x526a1]

JavaThread 0x0000023a1f1abe70 (nid = 11436) was being processed
Java frames: (J=compiled Java code, j=interpreted, Vv=VM code)
j  MyVersion.Core.Network_Teacher.fullTeach(LMyVersion/Core/Network;)[F+0
j  MyVersion.Core.Network_Teacher.main([Ljava/lang/String;)V+10
v  ~StubRoutines::call_stub

siginfo: EXCEPTION_ACCESS_VIOLATION (0xc0000005), reading address 0x0000000000430048


Register to memory mapping:

RIP=0x00007ffd0d52cad5 jvm.dll
RAX=0x0000000000430042 is an unknown value
RBX=0x0000009bcc2fdd40 points into unknown readable memory: 0x00007ffd0db32208 | 08 22 b3 0d fd 7f 00 00
RCX=0x0000000000000041 is an unknown value
RDX=0x0000000000000004 is an unknown value
RSP=0x0000009bcc2fdaa0 points into unknown readable memory: 0x0000009bcc2fdb10 | 10 db 2f cc 9b 00 00 00
RBP=0x0000000000000001 is an unknown value
RSI=0x0000000000000001 is an unknown value
RDI=0x0000023a4444a360 is pointing into metadata
R8 =0x0 is NULL
R9 =0x0000023a4444a360 is pointing into metadata
R10=0x0000023a4503b938 points into unknown readable memory: 0x4700000147000000 | 00 00 00 47 01 00 00 47
R11=0x0000023a43be52f0 points into unknown readable memory: 0x4700000147000000 | 00 00 00 47 01 00 00 47
R12=0x00007ffd0d200000 jvm.dll
R13=0x0000023a43be51d0 points into unknown readable memory: 0x0000003245ebd500 | 00 d5 eb 45 32 00 00 00
R14=0x0 is NULL
R15=0x000000000000004f is an unknown value


Registers:
RAX=0x0000000000430042, RBX=0x0000009bcc2fdd40, RCX=0x0000000000000041, RDX=0x0000000000000004
RSP=0x0000009bcc2fdaa0, RBP=0x0000000000000001, RSI=0x0000000000000001, RDI=0x0000023a4444a360
R8 =0x0000000000000000, R9 =0x0000023a4444a360, R10=0x0000023a4503b938, R11=0x0000023a43be52f0
R12=0x00007ffd0d200000, R13=0x0000023a43be51d0, R14=0x0000000000000000, R15=0x000000000000004f
RIP=0x00007ffd0d52cad5, EFLAGS=0x0000000000010206

Top of Stack: (sp=0x0000009bcc2fdaa0)
0x0000009bcc2fdaa0:   0000009bcc2fdb10 00007ffd0d5306b3
0x0000009bcc2fdab0:   0000009bcc2fdb10 00007ffd0d3250fe
0x0000009bcc2fdac0:   0000023a444481a0 00007ffd0d5309f7
0x0000009bcc2fdad0:   8fffffff4600000d 00007ffd0d530962
0x0000009bcc2fdae0:   00002678bd788b51 00002678bd788b41
0x0000009bcc2fdaf0:   0000000000000000 0000000000000050
0x0000009bcc2fdb00:   0000009bcc2fdd40 00007ffd0d52f022
0x0000009bcc2fdb10:   0000009bcc2fdd40 0000009bcc2fdbb0
0x0000009bcc2fdb20:   0000000000000001 00007ffd0d541c34
0x0000009bcc2fdb30:   0000009b00000032 0000000000000002
0x0000009bcc2fdb40:   0000000000000000 000000000000002f
0x0000009bcc2fdb50:   0000009bcc2fdbb0 00007ffd0d3250fe
0x0000009bcc2fdb60:   0000023a444481a0 0000009bcc2fdd40
0x0000009bcc2fdb70:   000000000000004f 0000000000000002
0x0000009bcc2fdb80:   0000009bcc2fdd40 00007ffd0d52f72e
0x0000009bcc2fdb90:   0000009bcc2fdbe0 0000009bcc2fdbe0 

Instructions: (pc=0x00007ffd0d52cad5)
0x00007ffd0d52c9d5:   42 8b 1c 81 4e 8d 34 81 8b 75 58 41 81 e0 ff ff
0x00007ffd0d52c9e5:   ff 00 41 81 c8 00 00 00 47 48 8b cd 45 89 06 c7
0x00007ffd0d52c9f5:   45 58 01 00 00 00 e8 b0 38 00 00 66 83 7c 24 68
0x00007ffd0d52ca05:   00 41 89 1e 89 75 58 74 40 8b 4c 24 70 49 ff c7
0x00007ffd0d52ca15:   0f b7 c1 48 83 c7 08 4c 3b f8 0f 8c 4b ff ff ff
0x00007ffd0d52ca25:   83 7d 5c 00 74 23 48 83 3d fd ac 7a 00 00 74 15
0x00007ffd0d52ca35:   80 7d 42 00 74 0f 48 8d 15 96 0a 5c 00 48 8b cd
0x00007ffd0d52ca45:   e8 d6 42 00 00 c6 45 42 00 4c 8b 74 24 28 4c 8b
0x00007ffd0d52ca55:   6c 24 30 4c 8b 64 24 38 48 8b 7c 24 40 48 8b 74
0x00007ffd0d52ca65:   24 48 48 8b 5c 24 60 4c 8b 7c 24 20 48 83 c4 50
0x00007ffd0d52ca75:   5d c3 cc cc cc cc cc cc cc cc cc 48 89 5c 24 10
0x00007ffd0d52ca85:   48 89 6c 24 18 56 57 41 56 48 83 ec 50 48 8b 05
0x00007ffd0d52ca95:   6f 42 77 00 48 33 c4 48 89 44 24 40 48 8b 41 08
0x00007ffd0d52caa5:   48 8b d9 41 8b e8 8b f2 45 33 c0 41 8b d1 48 8b
0x00007ffd0d52cab5:   48 08 48 8b 79 08 48 8b cf e8 5d d8 f0 ff 8b d0
0x00007ffd0d52cac5:   48 8b cf e8 83 03 f1 ff 48 63 c8 48 8b 44 cf 48
0x00007ffd0d52cad5:   0f be 48 06 e8 12 88 3b 00 8b 0d 44 ab 7a 00 48
0x00007ffd0d52cae5:   8d 3d 41 ab 7a 00 8d 50 f4 83 fa 01 76 27 8d 50
0x00007ffd0d52caf5:   f9 f7 c2 fb ff ff ff 74 13 83 f8 0e 48 8d 15 30
0x00007ffd0d52cb05:   ab 7a 00 4c 8b d7 4c 0f 45 d2 eb 27 4c 8d 15 50
0x00007ffd0d52cb15:   ab 7a 00 eb 1e 8b 84 24 90 00 00 00 4c 8d 54 24
0x00007ffd0d52cb25:   30 25 ff ff ff 00 89 4c 24 34 0d 00 00 00 46 89
0x00007ffd0d52cb35:   44 24 30 45 33 c0 85 f6 74 05 49 8b fa eb 29 41
0x00007ffd0d52cb45:   8b 02 85 c0 74 22 49 8b d0 4d 8b c8 42 89 44 0c
0x00007ffd0d52cb55:   20 48 8d 52 01 4c 8d 0c 95 00 00 00 00 41 ff c0
0x00007ffd0d52cb65:   43 8b 04 11 85 c0 75 e4 85 ed 75 10 8b 05 dd 53
0x00007ffd0d52cb75:   74 00 49 63 d0 41 ff c0 89 44 94 20 49 63 c0 4c
0x00007ffd0d52cb85:   8d 74 24 20 89 4c 84 20 8b 74 24 20 85 f6 74 4c
0x00007ffd0d52cb95:   48 63 53 58 85 d2 7f 18 48 8d 15 9c e1 57 00 48
0x00007ffd0d52cba5:   8b cb e8 44 48 00 00 44 8b 05 81 aa 7a 00 eb 16
0x00007ffd0d52cbb5:   48 63 4b 20 8d 42 ff 89 43 58 48 03 ca 48 8b 43
0x00007ffd0d52cbc5:   48 44 8b 44 88 fc 8b d6 48 8b cb e8 6b f0 ff ff 


Stack slot to memory mapping:
stack at sp + 0 slots: 0x0000009bcc2fdb10 points into unknown readable memory: 0x0000009bcc2fdd40 | 40 dd 2f cc 9b 00 00 00
stack at sp + 1 slots: 0x00007ffd0d5306b3 jvm.dll
stack at sp + 2 slots: 0x0000009bcc2fdb10 points into unknown readable memory: 0x0000009bcc2fdd40 | 40 dd 2f cc 9b 00 00 00
stack at sp + 3 slots: 0x00007ffd0d3250fe jvm.dll
stack at sp + 4 slots: {method} {0x0000023a444481a8} 'fullTeach' '(LMyVersion/Core/Network;)[F' in 'MyVersion/Core/Network_Teacher'
stack at sp + 5 slots: 0x00007ffd0d5309f7 jvm.dll
stack at sp + 6 slots: 0x8fffffff4600000d is an unknown value
stack at sp + 7 slots: 0x00007ffd0d530962 jvm.dll


---------------  P R O C E S S  ---------------

Threads class SMR info:
_java_thread_list=0x0000023a44b56460, length=20, elements={
0x0000023a1f1abe70, 0x0000023a43b6bd70, 0x0000023a43b6cc30, 0x0000023a43b80050,
0x0000023a43b82a60, 0x0000023a43b83460, 0x0000023a43b878f0, 0x0000023a43b9a660,
0x0000023a43b9ccc0, 0x0000023a43bb9330, 0x0000023a4488a820, 0x0000023a449dfea0,
0x0000023a449e2da0, 0x0000023a449e3670, 0x0000023a44888840, 0x0000023a44888d90,
0x0000023a44889d80, 0x0000023a44887300, 0x0000023a44887850, 0x0000023a448892e0
}

Java Threads: ( => current thread )
  0x0000023a1f1abe70 JavaThread "main" [_thread_blocked, id=11436, stack(0x0000009bca600000,0x0000009bca700000)]
  0x0000023a43b6bd70 JavaThread "Reference Handler" daemon [_thread_blocked, id=7384, stack(0x0000009bcad00000,0x0000009bcae00000)]
  0x0000023a43b6cc30 JavaThread "Finalizer" daemon [_thread_blocked, id=3892, stack(0x0000009bcae00000,0x0000009bcaf00000)]
  0x0000023a43b80050 JavaThread "Signal Dispatcher" daemon [_thread_blocked, id=11456, stack(0x0000009bcaf00000,0x0000009bcb000000)]
  0x0000023a43b82a60 JavaThread "Attach Listener" daemon [_thread_blocked, id=13424, stack(0x0000009bcb000000,0x0000009bcb100000)]
  0x0000023a43b83460 JavaThread "Service Thread" daemon [_thread_blocked, id=10620, stack(0x0000009bcb100000,0x0000009bcb200000)]
  0x0000023a43b878f0 JavaThread "Monitor Deflation Thread" daemon [_thread_blocked, id=13024, stack(0x0000009bcb200000,0x0000009bcb300000)]
  0x0000023a43b9a660 JavaThread "C2 CompilerThread0" daemon [_thread_blocked, id=2684, stack(0x0000009bcb300000,0x0000009bcb400000)]
  0x0000023a43b9ccc0 JavaThread "C1 CompilerThread0" daemon [_thread_blocked, id=13560, stack(0x0000009bcb400000,0x0000009bcb500000)]
  0x0000023a43bb9330 JavaThread "Sweeper thread" daemon [_thread_blocked, id=11576, stack(0x0000009bcb500000,0x0000009bcb600000)]
  0x0000023a4488a820 JavaThread "Common-Cleaner" daemon [_thread_blocked, id=8840, stack(0x0000009bcb600000,0x0000009bcb700000)]
  0x0000023a449dfea0 JavaThread "JDWP Transport Listener: dt_socket" daemon [_thread_blocked, id=6908, stack(0x0000009bcb700000,0x0000009bcb800000)]
  0x0000023a449e2da0 JavaThread "JDWP Event Helper Thread" daemon [_thread_blocked, id=11944, stack(0x0000009bcb800000,0x0000009bcb900000)]
  0x0000023a449e3670 JavaThread "JDWP Command Reader" daemon [_thread_in_native, id=10548, stack(0x0000009bcb900000,0x0000009bcba00000)]
  0x0000023a44888840 JavaThread "Notification Thread" daemon [_thread_blocked, id=14308, stack(0x0000009bcba00000,0x0000009bcbb00000)]
  0x0000023a44888d90 JavaThread "RMI TCP Accept-0" daemon [_thread_in_native, id=9140, stack(0x0000009bcbc00000,0x0000009bcbd00000)]
  0x0000023a44889d80 JavaThread "RMI Scheduler(0)" daemon [_thread_blocked, id=13352, stack(0x0000009bcbe00000,0x0000009bcbf00000)]
  0x0000023a44887300 JavaThread "JMX server connection timeout 21" daemon [_thread_blocked, id=11452, stack(0x0000009bcbf00000,0x0000009bcc000000)]
  0x0000023a44887850 JavaThread "RMI TCP Connection(12)-192.168.42.12" daemon [_thread_blocked, id=8220, stack(0x0000009bca400000,0x0000009bca500000)]
  0x0000023a448892e0 JavaThread "RMI TCP Connection(10)-192.168.42.12" daemon [_thread_in_native, id=2584, stack(0x0000009bcbd00000,0x0000009bcbe00000)]

Other Threads:
  0x0000023a43b69130 VMThread "VM Thread" [stack: 0x0000009bcac00000,0x0000009bcad00000] [id=5520]
  0x0000023a1f1acc80 WatcherThread [stack: 0x0000009bcbb00000,0x0000009bcbc00000] [id=11760]
  0x0000023a1f201b00 GCTaskThread "GC Thread#0" [stack: 0x0000009bca700000,0x0000009bca800000] [id=7280]
  0x0000023a45107c50 GCTaskThread "GC Thread#1" [stack: 0x0000009bcc000000,0x0000009bcc100000] [id=13748]
  0x0000023a45172df0 GCTaskThread "GC Thread#2" [stack: 0x0000009bcc100000,0x0000009bcc200000] [id=5648]
=>0x0000023a45173100 GCTaskThread "GC Thread#3" [stack: 0x0000009bcc200000,0x0000009bcc300000] [id=5856]
  0x0000023a1f20cb00 ConcurrentGCThread "G1 Main Marker" [stack: 0x0000009bca800000,0x0000009bca900000] [id=14320]
  0x0000023a1f20dd10 ConcurrentGCThread "G1 Conc#0" [stack: 0x0000009bca900000,0x0000009bcaa00000] [id=7632]
  0x0000023a1f28d6c0 ConcurrentGCThread "G1 Refine#0" [stack: 0x0000009bcaa00000,0x0000009bcab00000] [id=9284]
  0x0000023a1f28e140 ConcurrentGCThread "G1 Service" [stack: 0x0000009bcab00000,0x0000009bcac00000] [id=7776]

Threads with active compile tasks:

VM state: at safepoint (normal execution)

VM Mutex/Monitor currently owned by a thread:  ([mutex/lock_event])
[0x0000023a1f1a7da0] Threads_lock - owner thread: 0x0000023a43b69130
[0x0000023a1f1a8190] Heap_lock - owner thread: 0x0000023a44887850

Heap address: 0x00000006c0800000, size: 5112 MB, Compressed Oops mode: Zero based, Oop shift amount: 3

CDS archive(s) mapped at: [0x0000000800000000-0x0000000800bb0000-0x0000000800bb0000), size 12255232, SharedBaseAddress: 0x0000000800000000, ArchiveRelocationMode: 0.
Compressed class space mapped at: 0x0000000800c00000-0x0000000840c00000, reserved size: 1073741824
Narrow klass base: 0x0000000800000000, Narrow klass shift: 3, Narrow klass range: 0x100000000

GC Precious Log:
 CPUs: 4 total, 4 available
 Memory: 20447M
 Large Page Support: Disabled
 NUMA Support: Disabled
 Compressed Oops: Enabled (Zero based)
 Heap Region Size: 4M
 Heap Min Capacity: 8M
 Heap Initial Capacity: 320M
 Heap Max Capacity: 5112M
 Pre-touch: Disabled
 Parallel Workers: 4
 Concurrent Workers: 1
 Concurrent Refinement Workers: 4
 Periodic GC: Disabled

Heap:
 garbage-first heap   total 327680K, used 195915K [0x00000006c0800000, 0x0000000800000000)
  region size 4096K, 48 young (196608K), 1 survivors (4096K)
 Metaspace       used 8232K, committed 8512K, reserved 1056768K
  class space    used 813K, committed 960K, reserved 1048576K

Heap Regions: E=young(eden), S=young(survivor), O=old, HS=humongous(starts), HC=humongous(continues), CS=collection set, F=free, OA=open archive, CA=closed archive, TAMS=top-at-mark-start (previous, next)
|   0|0x00000006c0800000, 0x00000006c0b09e00, 0x00000006c0c00000| 75%| O|  |TAMS 0x00000006c0800000, 0x00000006c0800000| Untracked 
|   1|0x00000006c0c00000, 0x00000006c0c00000, 0x00000006c1000000|  0%| F|  |TAMS 0x00000006c0c00000, 0x00000006c0c00000| Untracked 
|   2|0x00000006c1000000, 0x00000006c1000000, 0x00000006c1400000|  0%| F|  |TAMS 0x00000006c1000000, 0x00000006c1000000| Untracked 
|   3|0x00000006c1400000, 0x00000006c1400000, 0x00000006c1800000|  0%| F|  |TAMS 0x00000006c1400000, 0x00000006c1400000| Untracked 
|   4|0x00000006c1800000, 0x00000006c1800000, 0x00000006c1c00000|  0%| F|  |TAMS 0x00000006c1800000, 0x00000006c1800000| Untracked 
|   5|0x00000006c1c00000, 0x00000006c1c00000, 0x00000006c2000000|  0%| F|  |TAMS 0x00000006c1c00000, 0x00000006c1c00000| Untracked 
|   6|0x00000006c2000000, 0x00000006c2000000, 0x00000006c2400000|  0%| F|  |TAMS 0x00000006c2000000, 0x00000006c2000000| Untracked 
|   7|0x00000006c2400000, 0x00000006c2400000, 0x00000006c2800000|  0%| F|  |TAMS 0x00000006c2400000, 0x00000006c2400000| Untracked 
|   8|0x00000006c2800000, 0x00000006c2800000, 0x00000006c2c00000|  0%| F|  |TAMS 0x00000006c2800000, 0x00000006c2800000| Untracked 
|   9|0x00000006c2c00000, 0x00000006c2c00000, 0x00000006c3000000|  0%| F|  |TAMS 0x00000006c2c00000, 0x00000006c2c00000| Untracked 
|  10|0x00000006c3000000, 0x00000006c3000000, 0x00000006c3400000|  0%| F|  |TAMS 0x00000006c3000000, 0x00000006c3000000| Untracked 
|  11|0x00000006c3400000, 0x00000006c3400000, 0x00000006c3800000|  0%| F|  |TAMS 0x00000006c3400000, 0x00000006c3400000| Untracked 
|  12|0x00000006c3800000, 0x00000006c3800000, 0x00000006c3c00000|  0%| F|  |TAMS 0x00000006c3800000, 0x00000006c3800000| Untracked 
|  13|0x00000006c3c00000, 0x00000006c3c00000, 0x00000006c4000000|  0%| F|  |TAMS 0x00000006c3c00000, 0x00000006c3c00000| Untracked 
|  14|0x00000006c4000000, 0x00000006c4000000, 0x00000006c4400000|  0%| F|  |TAMS 0x00000006c4000000, 0x00000006c4000000| Untracked 
|  15|0x00000006c4400000, 0x00000006c4400000, 0x00000006c4800000|  0%| F|  |TAMS 0x00000006c4400000, 0x00000006c4400000| Untracked 
|  16|0x00000006c4800000, 0x00000006c4800000, 0x00000006c4c00000|  0%| F|  |TAMS 0x00000006c4800000, 0x00000006c4800000| Untracked 
|  17|0x00000006c4c00000, 0x00000006c4c00000, 0x00000006c5000000|  0%| F|  |TAMS 0x00000006c4c00000, 0x00000006c4c00000| Untracked 
|  18|0x00000006c5000000, 0x00000006c5000000, 0x00000006c5400000|  0%| F|  |TAMS 0x00000006c5000000, 0x00000006c5000000| Untracked 
|  19|0x00000006c5400000, 0x00000006c5400000, 0x00000006c5800000|  0%| F|  |TAMS 0x00000006c5400000, 0x00000006c5400000| Untracked 
|  20|0x00000006c5800000, 0x00000006c5800000, 0x00000006c5c00000|  0%| F|  |TAMS 0x00000006c5800000, 0x00000006c5800000| Untracked 
|  21|0x00000006c5c00000, 0x00000006c5c00000, 0x00000006c6000000|  0%| F|  |TAMS 0x00000006c5c00000, 0x00000006c5c00000| Untracked 
|  22|0x00000006c6000000, 0x00000006c6000000, 0x00000006c6400000|  0%| F|  |TAMS 0x00000006c6000000, 0x00000006c6000000| Untracked 
|  23|0x00000006c6400000, 0x00000006c6400000, 0x00000006c6800000|  0%| F|  |TAMS 0x00000006c6400000, 0x00000006c6400000| Untracked 
|  24|0x00000006c6800000, 0x00000006c6800000, 0x00000006c6c00000|  0%| F|  |TAMS 0x00000006c6800000, 0x00000006c6800000| Untracked 
|  25|0x00000006c6c00000, 0x00000006c6c00000, 0x00000006c7000000|  0%| F|  |TAMS 0x00000006c6c00000, 0x00000006c6c00000| Untracked 
|  26|0x00000006c7000000, 0x00000006c7000000, 0x00000006c7400000|  0%| F|  |TAMS 0x00000006c7000000, 0x00000006c7000000| Untracked 
|  27|0x00000006c7400000, 0x00000006c7400000, 0x00000006c7800000|  0%| F|  |TAMS 0x00000006c7400000, 0x00000006c7400000| Untracked 
|  28|0x00000006c7800000, 0x00000006c7800000, 0x00000006c7c00000|  0%| F|  |TAMS 0x00000006c7800000, 0x00000006c7800000| Untracked 
|  29|0x00000006c7c00000, 0x00000006c7c00000, 0x00000006c8000000|  0%| F|  |TAMS 0x00000006c7c00000, 0x00000006c7c00000| Untracked 
|  30|0x00000006c8000000, 0x00000006c8000000, 0x00000006c8400000|  0%| F|  |TAMS 0x00000006c8000000, 0x00000006c8000000| Untracked 
|  31|0x00000006c8400000, 0x00000006c8449158, 0x00000006c8800000|  7%| E|CS|TAMS 0x00000006c8400000, 0x00000006c8400000| Complete 
|  32|0x00000006c8800000, 0x00000006c8846d10, 0x00000006c8c00000|  6%| S|  |TAMS 0x00000006c8800000, 0x00000006c8800000| Complete 
|  33|0x00000006c8c00000, 0x00000006c9000000, 0x00000006c9000000|100%| E|CS|TAMS 0x00000006c8c00000, 0x00000006c8c00000| Complete 
|  34|0x00000006c9000000, 0x00000006c9400000, 0x00000006c9400000|100%| E|CS|TAMS 0x00000006c9000000, 0x00000006c9000000| Complete 
|  35|0x00000006c9400000, 0x00000006c9800000, 0x00000006c9800000|100%| E|CS|TAMS 0x00000006c9400000, 0x00000006c9400000| Complete 
|  36|0x00000006c9800000, 0x00000006c9c00000, 0x00000006c9c00000|100%| E|CS|TAMS 0x00000006c9800000, 0x00000006c9800000| Complete 
|  37|0x00000006c9c00000, 0x00000006ca000000, 0x00000006ca000000|100%| E|CS|TAMS 0x00000006c9c00000, 0x00000006c9c00000| Complete 
|  38|0x00000006ca000000, 0x00000006ca400000, 0x00000006ca400000|100%| E|CS|TAMS 0x00000006ca000000, 0x00000006ca000000| Complete 
|  39|0x00000006ca400000, 0x00000006ca800000, 0x00000006ca800000|100%| E|CS|TAMS 0x00000006ca400000, 0x00000006ca400000| Complete 
|  40|0x00000006ca800000, 0x00000006cac00000, 0x00000006cac00000|100%| E|CS|TAMS 0x00000006ca800000, 0x00000006ca800000| Complete 
|  41|0x00000006cac00000, 0x00000006cb000000, 0x00000006cb000000|100%| E|CS|TAMS 0x00000006cac00000, 0x00000006cac00000| Complete 
|  42|0x00000006cb000000, 0x00000006cb400000, 0x00000006cb400000|100%| E|CS|TAMS 0x00000006cb000000, 0x00000006cb000000| Complete 
|  43|0x00000006cb400000, 0x00000006cb800000, 0x00000006cb800000|100%| E|CS|TAMS 0x00000006cb400000, 0x00000006cb400000| Complete 
|  44|0x00000006cb800000, 0x00000006cbc00000, 0x00000006cbc00000|100%| E|CS|TAMS 0x00000006cb800000, 0x00000006cb800000| Complete 
|  45|0x00000006cbc00000, 0x00000006cc000000, 0x00000006cc000000|100%| E|CS|TAMS 0x00000006cbc00000, 0x00000006cbc00000| Complete 
|  46|0x00000006cc000000, 0x00000006cc400000, 0x00000006cc400000|100%| E|CS|TAMS 0x00000006cc000000, 0x00000006cc000000| Complete 
|  47|0x00000006cc400000, 0x00000006cc800000, 0x00000006cc800000|100%| E|CS|TAMS 0x00000006cc400000, 0x00000006cc400000| Complete 
|  48|0x00000006cc800000, 0x00000006ccc00000, 0x00000006ccc00000|100%| E|CS|TAMS 0x00000006cc800000, 0x00000006cc800000| Complete 
|  49|0x00000006ccc00000, 0x00000006cd000000, 0x00000006cd000000|100%| E|CS|TAMS 0x00000006ccc00000, 0x00000006ccc00000| Complete 
|  50|0x00000006cd000000, 0x00000006cd400000, 0x00000006cd400000|100%| E|CS|TAMS 0x00000006cd000000, 0x00000006cd000000| Complete 
|  51|0x00000006cd400000, 0x00000006cd800000, 0x00000006cd800000|100%| E|CS|TAMS 0x00000006cd400000, 0x00000006cd400000| Complete 
|  52|0x00000006cd800000, 0x00000006cdc00000, 0x00000006cdc00000|100%| E|CS|TAMS 0x00000006cd800000, 0x00000006cd800000| Complete 
|  53|0x00000006cdc00000, 0x00000006ce000000, 0x00000006ce000000|100%| E|CS|TAMS 0x00000006cdc00000, 0x00000006cdc00000| Complete 
|  54|0x00000006ce000000, 0x00000006ce400000, 0x00000006ce400000|100%| E|CS|TAMS 0x00000006ce000000, 0x00000006ce000000| Complete 
|  55|0x00000006ce400000, 0x00000006ce800000, 0x00000006ce800000|100%| E|CS|TAMS 0x00000006ce400000, 0x00000006ce400000| Complete 
|  56|0x00000006ce800000, 0x00000006cec00000, 0x00000006cec00000|100%| E|CS|TAMS 0x00000006ce800000, 0x00000006ce800000| Complete 
|  57|0x00000006cec00000, 0x00000006cf000000, 0x00000006cf000000|100%| E|CS|TAMS 0x00000006cec00000, 0x00000006cec00000| Complete 
|  58|0x00000006cf000000, 0x00000006cf400000, 0x00000006cf400000|100%| E|CS|TAMS 0x00000006cf000000, 0x00000006cf000000| Complete 
|  59|0x00000006cf400000, 0x00000006cf800000, 0x00000006cf800000|100%| E|CS|TAMS 0x00000006cf400000, 0x00000006cf400000| Complete 
|  60|0x00000006cf800000, 0x00000006cfc00000, 0x00000006cfc00000|100%| E|CS|TAMS 0x00000006cf800000, 0x00000006cf800000| Complete 
|  61|0x00000006cfc00000, 0x00000006d0000000, 0x00000006d0000000|100%| E|CS|TAMS 0x00000006cfc00000, 0x00000006cfc00000| Complete 
|  62|0x00000006d0000000, 0x00000006d0400000, 0x00000006d0400000|100%| E|CS|TAMS 0x00000006d0000000, 0x00000006d0000000| Complete 
|  63|0x00000006d0400000, 0x00000006d0800000, 0x00000006d0800000|100%| E|CS|TAMS 0x00000006d0400000, 0x00000006d0400000| Complete 
|  64|0x00000006d0800000, 0x00000006d0c00000, 0x00000006d0c00000|100%| E|CS|TAMS 0x00000006d0800000, 0x00000006d0800000| Complete 
|  65|0x00000006d0c00000, 0x00000006d1000000, 0x00000006d1000000|100%| E|CS|TAMS 0x00000006d0c00000, 0x00000006d0c00000| Complete 
|  66|0x00000006d1000000, 0x00000006d1400000, 0x00000006d1400000|100%| E|CS|TAMS 0x00000006d1000000, 0x00000006d1000000| Complete 
|  67|0x00000006d1400000, 0x00000006d1800000, 0x00000006d1800000|100%| E|CS|TAMS 0x00000006d1400000, 0x00000006d1400000| Complete 
|  68|0x00000006d1800000, 0x00000006d1c00000, 0x00000006d1c00000|100%| E|CS|TAMS 0x00000006d1800000, 0x00000006d1800000| Complete 
|  69|0x00000006d1c00000, 0x00000006d2000000, 0x00000006d2000000|100%| E|CS|TAMS 0x00000006d1c00000, 0x00000006d1c00000| Complete 
|  70|0x00000006d2000000, 0x00000006d2400000, 0x00000006d2400000|100%| E|CS|TAMS 0x00000006d2000000, 0x00000006d2000000| Complete 
|  71|0x00000006d2400000, 0x00000006d2800000, 0x00000006d2800000|100%| E|CS|TAMS 0x00000006d2400000, 0x00000006d2400000| Complete 
|  72|0x00000006d2800000, 0x00000006d2c00000, 0x00000006d2c00000|100%| E|CS|TAMS 0x00000006d2800000, 0x00000006d2800000| Complete 
|  73|0x00000006d2c00000, 0x00000006d3000000, 0x00000006d3000000|100%| E|CS|TAMS 0x00000006d2c00000, 0x00000006d2c00000| Complete 
|  74|0x00000006d3000000, 0x00000006d3400000, 0x00000006d3400000|100%| E|CS|TAMS 0x00000006d3000000, 0x00000006d3000000| Complete 
|  75|0x00000006d3400000, 0x00000006d3800000, 0x00000006d3800000|100%| E|CS|TAMS 0x00000006d3400000, 0x00000006d3400000| Complete 
|  76|0x00000006d3800000, 0x00000006d3c00000, 0x00000006d3c00000|100%| E|CS|TAMS 0x00000006d3800000, 0x00000006d3800000| Complete 
|  77|0x00000006d3c00000, 0x00000006d4000000, 0x00000006d4000000|100%| E|CS|TAMS 0x00000006d3c00000, 0x00000006d3c00000| Complete 
|  78|0x00000006d4000000, 0x00000006d4400000, 0x00000006d4400000|100%| E|CS|TAMS 0x00000006d4000000, 0x00000006d4000000| Complete 
|  79|0x00000006d4400000, 0x00000006d4800000, 0x00000006d4800000|100%| E|CS|TAMS 0x00000006d4400000, 0x00000006d4400000| Complete 

Card table byte_map: [0x0000023a36330000,0x0000023a36d30000] _byte_map_base: 0x0000023a32d2c000

Marking Bits (Prev, Next): (CMBitMap*) 0x0000023a1f202170, (CMBitMap*) 0x0000023a1f2021b0
 Prev Bits: [0x0000023a37730000, 0x0000023a3c710000)
 Next Bits: [0x0000023a3c710000, 0x0000023a416f0000)

Polling page: 0x0000023a1d080000

Metaspace:

Usage:
  Non-class:      7.25 MB used.
      Class:    813.02 KB used.
       Both:      8.04 MB used.

Virtual space:
  Non-class space:        8.00 MB reserved,       7.38 MB ( 92%) committed,  1 nodes.
      Class space:        1.00 GB reserved,     960.00 KB ( <1%) committed,  1 nodes.
              Both:        1.01 GB reserved,       8.31 MB ( <1%) committed. 

Chunk freelists:
   Non-Class:  678.00 KB
       Class:  3.00 MB
        Both:  3.67 MB

MaxMetaspaceSize: 17179869184.00 GB
CompressedClassSpaceSize: 1.00 GB
 - commit_granule_bytes: 65536.
 - commit_granule_words: 8192.
 - virtual_space_node_default_size: 1048576.
 - enlarge_chunks_in_place: 1.
 - new_chunks_are_fully_committed: 0.
 - uncommit_free_chunks: 1.
 - use_allocation_guard: 0.
 - handle_deallocations: 1.


Internal statistics:

num_allocs_failed_limit: 0.
num_arena_births: 304.
num_arena_deaths: 0.
num_vsnodes_births: 2.
num_vsnodes_deaths: 0.
num_space_committed: 133.
num_space_uncommitted: 0.
num_chunks_returned_to_freelist: 0.
num_chunks_taken_from_freelist: 474.
num_chunk_merges: 0.
num_chunk_splits: 252.
num_chunks_enlarged: 78.
num_purges: 0.

CodeHeap 'non-profiled nmethods': size=120000Kb used=2221Kb max_used=2221Kb free=117778Kb
 bounds [0x0000023a2e400000, 0x0000023a2e670000, 0x0000023a35930000]
CodeHeap 'profiled nmethods': size=120000Kb used=3805Kb max_used=3805Kb free=116194Kb
 bounds [0x0000023a26ed0000, 0x0000023a27290000, 0x0000023a2e400000]
CodeHeap 'non-nmethods': size=5760Kb used=1268Kb max_used=1353Kb free=4491Kb
 bounds [0x0000023a26930000, 0x0000023a26ba0000, 0x0000023a26ed0000]
 total_blobs=2610 nmethods=2124 adapters=398
 compilation: enabled
              stopped_count=0, restarted_count=0
 full_count=0

Compilation events (20 events):
Event: 5516.811 Thread 0x0000023a43b9a660 2123       4       javax.management.MBeanPermission::hashCode (16 bytes)
Event: 5516.817 Thread 0x0000023a43b9a660 nmethod 2123 0x0000023a2e628590 code [0x0000023a2e628740, 0x0000023a2e628cd8]
Event: 5535.763 Thread 0x0000023a43b9a660 2124       4       java.io.ObjectStreamClass$FieldReflector::setPrimFieldValues (329 bytes)
Event: 5535.770 Thread 0x0000023a43b9a660 nmethod 2124 0x0000023a2e628f90 code [0x0000023a2e629180, 0x0000023a2e6299f0]
Event: 5548.312 Thread 0x0000023a43b9a660 2125   !   4       jdk.internal.reflect.GeneratedSerializationConstructorAccessor20::newInstance (49 bytes)
Event: 5548.313 Thread 0x0000023a43b9a660 nmethod 2125 0x0000023a2e629f90 code [0x0000023a2e62a140, 0x0000023a2e62a2a8]
Event: 5549.912 Thread 0x0000023a43b9a660 2126   !   4       jdk.internal.reflect.GeneratedMethodAccessor39::invoke (121 bytes)
Event: 5549.915 Thread 0x0000023a43b9a660 nmethod 2126 0x0000023a2e62a410 code [0x0000023a2e62a5c0, 0x0000023a2e62a8e8]
Event: 5557.339 Thread 0x0000023a43b9a660 2127       4       org.eclipse.jdt.launching.internal.org.objectweb.asm.ClassReader::readUtf (44 bytes)
Event: 5557.346 Thread 0x0000023a43b9a660 

Event: 5600.819 Thread 0x0000023a43b9ccc0 2128       3       java.net.NetworkInterface$1::hasMoreElements (18 bytes)
Event: 5600.819 Thread 0x0000023a43b9ccc0 nmethod 2128 0x0000023a27286810 code [0x0000023a272869a0, 0x0000023a27286b18]
Event: 5608.574 Thread 0x0000023a43b9ccc0 2129       3       org.eclipse.jdt.launching.internal.org.objectweb.asm.ByteVector::putByteArray (49 bytes)
Event: 5608.574 Thread 0x0000023a43b9ccc0 nmethod 2129 0x0000023a27286c10 code [0x0000023a27286dc0, 0x0000023a27287098]
Event: 5672.502 Thread 0x0000023a43b9a660 2130       4       org.eclipse.jdt.launching.internal.org.objectweb.asm.ClassReader::readUTF8 (23 bytes)
Event: 5672.503 Thread 0x0000023a43b9ccc0 2132       3       org.eclipse.jdt.launching.internal.org.objectweb.asm.SymbolTable$Entry::<init> (17 bytes)
Event: 5672.503 Thread 0x0000023a43b9ccc0 nmethod 2132 0x0000023a27287190 code [0x0000023a27287340, 0x0000023a272874c8]
Event: 5672.512 Thread 0x0000023a43b9a660 

Event: 5672.512 Thread 0x0000023a43b9a660 2131       4       org.eclipse.jdt.launching.internal.org.objectweb.asm.ClassReader::readUtf (44 bytes)
Event: 5672.515 Thread 0x0000023a43b9a660 nmethod 2131 0x0000023a2e62ad10 code [0x0000023a2e62aec0, 0x0000023a2e62b268]

GC Heap History (17 events):
Event: 5004.331 GC heap before
{Heap before GC invocations=0 (full 0):
 garbage-first heap   total 327680K, used 20480K [0x00000006c0800000, 0x0000000800000000)
  region size 4096K, 4 young (16384K), 0 survivors (0K)
 Metaspace       used 7255K, committed 7424K, reserved 1056768K
  class space    used 769K, committed 832K, reserved 1048576K
}
Event: 5004.337 GC heap after
{Heap after GC invocations=1 (full 0):
 garbage-first heap   total 327680K, used 3114K [0x00000006c0800000, 0x0000000800000000)
  region size 4096K, 1 young (4096K), 1 survivors (4096K)
 Metaspace       used 7255K, committed 7424K, reserved 1056768K
  class space    used 769K, committed 832K, reserved 1048576K
}
Event: 5016.813 GC heap before
{Heap before GC invocations=1 (full 0):
 garbage-first heap   total 327680K, used 15402K [0x00000006c0800000, 0x0000000800000000)
  region size 4096K, 4 young (16384K), 1 survivors (4096K)
 Metaspace       used 7916K, committed 8192K, reserved 1056768K
  class space    used 807K, committed 960K, reserved 1048576K
}
Event: 5016.815 GC heap after
{Heap after GC invocations=2 (full 0):
 garbage-first heap   total 327680K, used 3689K [0x00000006c0800000, 0x0000000800000000)
  region size 4096K, 1 young (4096K), 1 survivors (4096K)
 Metaspace       used 7916K, committed 8192K, reserved 1056768K
  class space    used 807K, committed 960K, reserved 1048576K
}
Event: 5039.112 GC heap before
{Heap before GC invocations=2 (full 0):
 garbage-first heap   total 327680K, used 40553K [0x00000006c0800000, 0x0000000800000000)
  region size 4096K, 10 young (40960K), 1 survivors (4096K)
 Metaspace       used 8125K, committed 8384K, reserved 1056768K
  class space    used 811K, committed 960K, reserved 1048576K
}
Event: 5039.113 GC heap after
{Heap after GC invocations=3 (full 0):
 garbage-first heap   total 327680K, used 3371K [0x00000006c0800000, 0x0000000800000000)
  region size 4096K, 1 young (4096K), 1 survivors (4096K)
 Metaspace       used 8125K, committed 8384K, reserved 1056768K
  class space    used 811K, committed 960K, reserved 1048576K
}
Event: 5147.012 GC heap before
{Heap before GC invocations=3 (full 0):
 garbage-first heap   total 327680K, used 195883K [0x00000006c0800000, 0x0000000800000000)
  region size 4096K, 48 young (196608K), 1 survivors (4096K)
 Metaspace       used 8169K, committed 8448K, reserved 1056768K
  class space    used 811K, committed 960K, reserved 1048576K
}
Event: 5147.013 GC heap after
{Heap after GC invocations=4 (full 0):
 garbage-first heap   total 327680K, used 3317K [0x00000006c0800000, 0x0000000800000000)
  region size 4096K, 1 young (4096K), 1 survivors (4096K)
 Metaspace       used 8169K, committed 8448K, reserved 1056768K
  class space    used 811K, committed 960K, reserved 1048576K
}
Event: 5255.112 GC heap before
{Heap before GC invocations=4 (full 0):
 garbage-first heap   total 327680K, used 195829K [0x00000006c0800000, 0x0000000800000000)
  region size 4096K, 48 young (196608K), 1 survivors (4096K)
 Metaspace       used 8184K, committed 8448K, reserved 1056768K
  class space    used 813K, committed 960K, reserved 1048576K
}
Event: 5255.113 GC heap after
{Heap after GC invocations=5 (full 0):
 garbage-first heap   total 327680K, used 3400K [0x00000006c0800000, 0x0000000800000000)
  region size 4096K, 1 young (4096K), 1 survivors (4096K)
 Metaspace       used 8184K, committed 8448K, reserved 1056768K
  class space    used 813K, committed 960K, reserved 1048576K
}
Event: 5360.313 GC heap before
{Heap before GC invocations=5 (full 0):
 garbage-first heap   total 327680K, used 195912K [0x00000006c0800000, 0x0000000800000000)
  region size 4096K, 48 young (196608K), 1 survivors (4096K)
 Metaspace       used 8207K, committed 8512K, reserved 1056768K
  class space    used 813K, committed 960K, reserved 1048576K
}
Event: 5360.315 GC heap after
{Heap after GC invocations=6 (full 0):
 garbage-first heap   total 327680K, used 3431K [0x00000006c0800000, 0x0000000800000000)
  region size 4096K, 1 young (4096K), 1 survivors (4096K)
 Metaspace       used 8207K, committed 8512K, reserved 1056768K
  class space    used 813K, committed 960K, reserved 1048576K
}
Event: 5469.111 GC heap before
{Heap before GC invocations=6 (full 0):
 garbage-first heap   total 327680K, used 195943K [0x00000006c0800000, 0x0000000800000000)
  region size 4096K, 48 young (196608K), 1 survivors (4096K)
 Metaspace       used 8215K, committed 8512K, reserved 1056768K
  class space    used 813K, committed 960K, reserved 1048576K
}
Event: 5469.113 GC heap after
{Heap after GC invocations=7 (full 0):
 garbage-first heap   total 327680K, used 3424K [0x00000006c0800000, 0x0000000800000000)
  region size 4096K, 1 young (4096K), 1 survivors (4096K)
 Metaspace       used 8215K, committed 8512K, reserved 1056768K
  class space    used 813K, committed 960K, reserved 1048576K
}
Event: 5579.812 GC heap before
{Heap before GC invocations=7 (full 0):
 garbage-first heap   total 327680K, used 195936K [0x00000006c0800000, 0x0000000800000000)
  region size 4096K, 48 young (196608K), 1 survivors (4096K)
 Metaspace       used 8222K, committed 8512K, reserved 1056768K
  class space    used 813K, committed 960K, reserved 1048576K
}
Event: 5579.813 GC heap after
{Heap after GC invocations=8 (full 0):
 garbage-first heap   total 327680K, used 3403K [0x00000006c0800000, 0x0000000800000000)
  region size 4096K, 1 young (4096K), 1 survivors (4096K)
 Metaspace       used 8222K, committed 8512K, reserved 1056768K
  class space    used 813K, committed 960K, reserved 1048576K
}
Event: 5688.312 GC heap before
{Heap before GC invocations=8 (full 0):
 garbage-first heap   total 327680K, used 195915K [0x00000006c0800000, 0x0000000800000000)
  region size 4096K, 48 young (196608K), 1 survivors (4096K)
 Metaspace       used 8232K, committed 8512K, reserved 1056768K
  class space    used 813K, committed 960K, reserved 1048576K
}

Deoptimization events (20 events):
Event: 5405.666 Thread 0x0000023a44887850 Uncommon trap: trap_request=0xffffffbe fr.pc=0x0000023a2e5f27b4 relative=0x0000000000001e74
Event: 5405.666 Thread 0x0000023a44887850 Uncommon trap: reason=profile_predicate action=maybe_recompile pc=0x0000023a2e5f27b4 method=com.sun.jmx.mbeanserver.PerInterface.invoke(Ljava/lang/Object;Ljava/lang/String;[Ljava/lang/Object;[Ljava/lang/String;Ljava/lang/Object;)Ljava/lang/Object; @ 72 c2
Event: 5405.666 Thread 0x0000023a44887850 DEOPT PACKING pc=0x0000023a2e5f27b4 sp=0x0000009bca4fe900
Event: 5405.666 Thread 0x0000023a44887850 DEOPT UNPACKING pc=0x0000023a2697d72e sp=0x0000009bca4fe730 mode 2
Event: 5415.672 Thread 0x0000023a44887850 Uncommon trap: trap_request=0xffffffbe fr.pc=0x0000023a2e5f27b4 relative=0x0000000000001e74
Event: 5415.672 Thread 0x0000023a44887850 Uncommon trap: reason=profile_predicate action=maybe_recompile pc=0x0000023a2e5f27b4 method=com.sun.jmx.mbeanserver.PerInterface.invoke(Ljava/lang/Object;Ljava/lang/String;[Ljava/lang/Object;[Ljava/lang/String;Ljava/lang/Object;)Ljava/lang/Object; @ 72 c2
Event: 5415.672 Thread 0x0000023a44887850 DEOPT PACKING pc=0x0000023a2e5f27b4 sp=0x0000009bca4fe900
Event: 5415.672 Thread 0x0000023a44887850 DEOPT UNPACKING pc=0x0000023a2697d72e sp=0x0000009bca4fe730 mode 2
Event: 5425.681 Thread 0x0000023a44887850 Uncommon trap: trap_request=0xffffffbe fr.pc=0x0000023a2e5f27b4 relative=0x0000000000001e74
Event: 5425.681 Thread 0x0000023a44887850 Uncommon trap: reason=profile_predicate action=maybe_recompile pc=0x0000023a2e5f27b4 method=com.sun.jmx.mbeanserver.PerInterface.invoke(Ljava/lang/Object;Ljava/lang/String;[Ljava/lang/Object;[Ljava/lang/String;Ljava/lang/Object;)Ljava/lang/Object; @ 72 c2
Event: 5425.681 Thread 0x0000023a44887850 DEOPT PACKING pc=0x0000023a2e5f27b4 sp=0x0000009bca4fe900
Event: 5425.681 Thread 0x0000023a44887850 DEOPT UNPACKING pc=0x0000023a2697d72e sp=0x0000009bca4fe730 mode 2
Event: 5435.690 Thread 0x0000023a44887850 Uncommon trap: trap_request=0xffffffbe fr.pc=0x0000023a2e5f27b4 relative=0x0000000000001e74
Event: 5435.690 Thread 0x0000023a44887850 Uncommon trap: reason=profile_predicate action=maybe_recompile pc=0x0000023a2e5f27b4 method=com.sun.jmx.mbeanserver.PerInterface.invoke(Ljava/lang/Object;Ljava/lang/String;[Ljava/lang/Object;[Ljava/lang/String;Ljava/lang/Object;)Ljava/lang/Object; @ 72 c2
Event: 5435.690 Thread 0x0000023a44887850 DEOPT PACKING pc=0x0000023a2e5f27b4 sp=0x0000009bca4fe900
Event: 5435.690 Thread 0x0000023a44887850 DEOPT UNPACKING pc=0x0000023a2697d72e sp=0x0000009bca4fe730 mode 2
Event: 5604.297 Thread 0x0000023a44889d80 Uncommon trap: trap_request=0xffffff45 fr.pc=0x0000023a2e5a2984 relative=0x0000000000000164
Event: 5604.297 Thread 0x0000023a44889d80 Uncommon trap: reason=unstable_if action=reinterpret pc=0x0000023a2e5a2984 method=java.util.HashMap.values()Ljava/util/Collection; @ 6 c2
Event: 5604.297 Thread 0x0000023a44889d80 DEOPT PACKING pc=0x0000023a2e5a2984 sp=0x0000009bcbefee40
Event: 5604.297 Thread 0x0000023a44889d80 DEOPT UNPACKING pc=0x0000023a2697d72e sp=0x0000009bcbefedf8 mode 2

Classes unloaded (0 events):
No events

Classes redefined (18 events):
Event: 39.768 Thread 0x0000023a43b69130 redefined class name=MyVersion.Core.Network_Teacher, count=1
Event: 2190.259 Thread 0x0000023a43b69130 redefined class name=MyVersion.Core.Network_Teacher, count=2
Event: 2335.415 Thread 0x0000023a43b69130 redefined class name=MyVersion.Core.Network_Teacher, count=3
Event: 2444.394 Thread 0x0000023a43b69130 redefined class name=MyVersion.Core.Network_Teacher, count=4
Event: 4589.098 Thread 0x0000023a43b69130 redefined class name=MyVersion.Core.Network_Teacher, count=5
Event: 4860.362 Thread 0x0000023a43b69130 redefined class name=MyVersion.Core.Network, count=1
Event: 4994.131 Thread 0x0000023a43b69130 redefined class name=MyVersion.Core.Network, count=2
Event: 4994.131 Thread 0x0000023a43b69130 redefined class name=MyVersion.Core.Network_Teacher, count=6
Event: 5034.806 Thread 0x0000023a43b69130 redefined class name=MyVersion.Core.Network_Teacher, count=7
Event: 5134.814 Thread 0x0000023a43b69130 redefined class name=MyVersion.Core.Dot, count=1
Event: 5171.805 Thread 0x0000023a43b69130 redefined class name=MyVersion.Core.Dot, count=2
Event: 5225.436 Thread 0x0000023a43b69130 redefined class name=MyVersion.Core.Network_Teacher, count=8
Event: 5289.639 Thread 0x0000023a43b69130 redefined class name=MyVersion.Core.Network_Teacher, count=9
Event: 5340.487 Thread 0x0000023a43b69130 redefined class name=MyVersion.Core.Network_Teacher, count=10
Event: 5444.421 Thread 0x0000023a43b69130 redefined class name=MyVersion.Core.Network_Teacher, count=11
Event: 5557.342 Thread 0x0000023a43b69130 redefined class name=MyVersion.Core.Network_Teacher, count=12
Event: 5608.578 Thread 0x0000023a43b69130 redefined class name=MyVersion.Core.Network_Teacher, count=13
Event: 5672.506 Thread 0x0000023a43b69130 redefined class name=MyVersion.Core.Network_Teacher, count=14

Internal exceptions (20 events):
Event: 5004.080 Thread 0x0000023a43b82a60 Exception <a 'java/lang/NoSuchMethodError'{0x00000006d3ca53d8}: 'void java.lang.invoke.DirectMethodHandle$Holder.invokeStatic(java.lang.Object, java.lang.Object)'> (0x00000006d3ca53d8) 
thrown [t:\workspace\open\src\hotspot\share\interpreter\linkResolver.cpp, line 790]
Event: 5004.127 Thread 0x0000023a43b82a60 Exception <a 'java/lang/NoSuchMethodError'{0x00000006d3e04408}: 'int java.lang.invoke.DirectMethodHandle$Holder.invokeSpecial(java.lang.Object, java.lang.Object, java.lang.Object)'> (0x00000006d3e04408) 
thrown [t:\workspace\open\src\hotspot\share\interpreter\linkResolver.cpp, line 790]
Event: 5004.162 Thread 0x0000023a43b82a60 Exception <a 'java/lang/NoSuchMethodError'{0x00000006d3f13300}: 'void java.lang.invoke.DirectMethodHandle$Holder.invokeStatic(java.lang.Object, java.lang.Object, java.lang.Object)'> (0x00000006d3f13300) 
thrown [t:\workspace\open\src\hotspot\share\interpreter\linkResolver.cpp, line 790]
Event: 5004.186 Thread 0x0000023a43b82a60 Exception <a 'java/lang/NoSuchMethodError'{0x00000006d3fe9bc0}: 'java.lang.Object java.lang.invoke.DirectMethodHandle$Holder.invokeStaticInit(java.lang.Object, int, int, int, int)'> (0x00000006d3fe9bc0) 
thrown [t:\workspace\open\src\hotspot\share\interpreter\linkResolver.cpp, line 790]
Event: 5004.226 Thread 0x0000023a43b82a60 Exception <a 'java/lang/NoSuchMethodError'{0x00000006d381fce0}: 'java.lang.Object java.lang.invoke.DirectMethodHandle$Holder.invokeStaticInit(java.lang.Object, java.lang.Object, int, int, int, int)'> (0x00000006d381fce0) 
thrown [t:\workspace\open\src\hotspot\share\interpreter\linkResolver.cpp, line 790]
Event: 5004.237 Thread 0x0000023a43b82a60 Exception <a 'java/lang/ClassNotFoundException'{0x00000006d385ba20}: javax/management/remote/rmi/RMIServerImpl_Skel> (0x00000006d385ba20) 
thrown [t:\workspace\open\src\hotspot\share\classfile\systemDictionary.cpp, line 256]
Event: 5004.288 Thread 0x0000023a448892e0 Exception <a 'java/lang/NoSuchMethodError'{0x00000006d39e7d90}: static [B.<clinit>()V> (0x00000006d39e7d90) 
thrown [t:\workspace\open\src\hotspot\share\prims\jni.cpp, line 1210]
Event: 5004.296 Thread 0x0000023a448892e0 Exception <a 'java/lang/ClassNotFoundException'{0x00000006d3a7ba60}: javax/management/remote/rmi/RMIConnectionImpl_Skel> (0x00000006d3a7ba60) 
thrown [t:\workspace\open\src\hotspot\share\classfile\systemDictionary.cpp, line 256]
Event: 5004.302 Thread 0x0000023a44887300 Exception <a 'java/lang/NoSuchMethodError'{0x00000006d3abdc90}: 'java.lang.Object java.lang.invoke.Invokers$Holder.linkToTargetMethod(java.lang.Object, long, java.lang.Object)'> (0x00000006d3abdc90) 
thrown [t:\workspace\open\src\hotspot\share\interpreter\linkResolver.cpp, line 790]
Event: 5004.319 Thread 0x0000023a448892e0 Exception <a 'java/lang/NoSuchMethodError'{0x00000006d3b767d8}: static [Ljavax/management/openmbean/CompositeData;.<clinit>()V> (0x00000006d3b767d8) 
thrown [t:\workspace\open\src\hotspot\share\prims\jni.cpp, line 1210]
Event: 5004.327 Thread 0x0000023a448892e0 Exception <a 'java/lang/NoSuchMethodError'{0x00000006d3b8daa8}: static [Ljavax/management/MBeanAttributeInfo;.<clinit>()V> (0x00000006d3b8daa8) 
thrown [t:\workspace\open\src\hotspot\share\prims\jni.cpp, line 1210]
Event: 5004.329 Thread 0x0000023a448892e0 Exception <a 'java/lang/NoSuchMethodError'{0x00000006d3bef540}: static [Ljava/lang/String;.<clinit>()V> (0x00000006d3bef540) 
thrown [t:\workspace\open\src\hotspot\share\prims\jni.cpp, line 1210]
Event: 5004.329 Thread 0x0000023a448892e0 Exception <a 'java/lang/NoSuchMethodError'{0x00000006d3bf00e8}: static [Ljava/lang/Object;.<clinit>()V> (0x00000006d3bf00e8) 
thrown [t:\workspace\open\src\hotspot\share\prims\jni.cpp, line 1210]
Event: 5004.337 Thread 0x0000023a448892e0 Exception <a 'java/lang/NoSuchMethodError'{0x00000006d3401110}: static [Ljavax/management/MBeanConstructorInfo;.<clinit>()V> (0x00000006d3401110) 
thrown [t:\workspace\open\src\hotspot\share\prims\jni.cpp, line 1210]
Event: 5004.337 Thread 0x0000023a448892e0 Exception <a 'java/lang/NoSuchMethodError'{0x00000006d4400c50}: static [Ljavax/management/MBeanNotificationInfo;.<clinit>()V> (0x00000006d4400c50) 
thrown [t:\workspace\open\src\hotspot\share\prims\jni.cpp, line 1210]
Event: 5004.337 Thread 0x0000023a448892e0 Exception <a 'java/lang/NoSuchMethodError'{0x00000006d44019f8}: static [Ljavax/management/MBeanOperationInfo;.<clinit>()V> (0x00000006d44019f8) 
thrown [t:\workspace\open\src\hotspot\share\prims\jni.cpp, line 1210]
Event: 5004.349 Thread 0x0000023a448892e0 Exception <a 'java/lang/reflect/InvocationTargetException'{0x00000006d446fdc8}> (0x00000006d446fdc8) 
thrown [t:\workspace\open\src\hotspot\share\runtime\reflection.cpp, line 1157]
Event: 5004.350 Thread 0x0000023a448892e0 Exception <a 'java/lang/reflect/InvocationTargetException'{0x00000006d4472b48}> (0x00000006d4472b48) 
thrown [t:\workspace\open\src\hotspot\share\runtime\reflection.cpp, line 1157]
Event: 5004.353 Thread 0x0000023a448892e0 Exception <a 'java/lang/NoSuchMethodError'{0x00000006d449b520}: static [Ljava/lang/StackTraceElement;.<clinit>()V> (0x00000006d449b520) 
thrown [t:\workspace\open\src\hotspot\share\prims\jni.cpp, line 1210]
Event: 5005.361 Thread 0x0000023a448892e0 Exception <a 'java/lang/NoSuchMethodError'{0x00000006d450cd50}: static [J.<clinit>()V> (0x00000006d450cd50) 
thrown [t:\workspace\open\src\hotspot\share\prims\jni.cpp, line 1210]

Events (20 events):
Event: 5687.512 Executing  VM operation: ThreadDump done
Event: 5687.612 Executing  VM operation: ThreadDump
Event: 5687.612 Executing  VM operation: ThreadDump done
Event: 5687.712 Executing  VM operation: ThreadDump
Event: 5687.712 Executing  VM operation: ThreadDump done
Event: 5687.812 Executing  VM operation: ThreadDump
Event: 5687.812 Executing  VM operation: ThreadDump done
Event: 5687.879 Executing  VM operation: ThreadDump
Event: 5687.879 Executing  VM operation: ThreadDump done
Event: 5687.912 Executing  VM operation: ThreadDump
Event: 5687.912 Executing  VM operation: ThreadDump done
Event: 5688.012 Executing  VM operation: ThreadDump
Event: 5688.012 Executing  VM operation: ThreadDump done
Event: 5688.112 Executing  VM operation: ThreadDump
Event: 5688.112 Executing  VM operation: ThreadDump done
Event: 5688.212 Executing  VM operation: ThreadDump
Event: 5688.212 Executing  VM operation: ThreadDump done
Event: 5688.311 Executing  VM operation: ThreadDump
Event: 5688.312 Executing  VM operation: ThreadDump done
Event: 5688.312 Executing  VM operation: G1CollectForAllocation


Dynamic libraries:
0x00007ff682410000 - 0x00007ff682420000 	C:\Program Files\Java\jdk-16.0.2\bin\javaw.exe
0x00007ffd5cc10000 - 0x00007ffd5ce08000 	C:\Windows\SYSTEM32\ntdll.dll
0x00007ffd5be60000 - 0x00007ffd5bf1f000 	C:\Windows\System32\KERNEL32.DLL
0x00007ffd5a860000 - 0x00007ffd5ab32000 	C:\Windows\System32\KERNELBASE.dll
0x00007ffd5a3a0000 - 0x00007ffd5a4a0000 	C:\Windows\System32\ucrtbase.dll
0x00007ffd487b0000 - 0x00007ffd487c8000 	C:\Program Files\Java\jdk-16.0.2\bin\jli.dll
0x00007ffd5c960000 - 0x00007ffd5ca0e000 	C:\Windows\System32\ADVAPI32.dll
0x00007ffd5b050000 - 0x00007ffd5b0ee000 	C:\Windows\System32\msvcrt.dll
0x00007ffd5ac50000 - 0x00007ffd5acec000 	C:\Windows\System32\sechost.dll
0x00007ffd5c6b0000 - 0x00007ffd5c7d5000 	C:\Windows\System32\RPCRT4.dll
0x00007ffd5b560000 - 0x00007ffd5b701000 	C:\Windows\System32\USER32.dll
0x00007ffd5ac20000 - 0x00007ffd5ac42000 	C:\Windows\System32\win32u.dll
0x00007ffd5ca10000 - 0x00007ffd5ca3b000 	C:\Windows\System32\GDI32.dll
0x00007ffd5a750000 - 0x00007ffd5a85f000 	C:\Windows\System32\gdi32full.dll
0x00007ffd5a600000 - 0x00007ffd5a69d000 	C:\Windows\System32\msvcp_win.dll
0x00007ffd48790000 - 0x00007ffd487a9000 	C:\Program Files\Java\jdk-16.0.2\bin\VCRUNTIME140.dll
0x00007ffd41b90000 - 0x00007ffd41e2a000 	C:\Windows\WinSxS\amd64_microsoft.windows.common-controls_6595b64144ccf1df_6.0.19041.1110_none_60b5254171f9507e\COMCTL32.dll
0x00007ffd582c0000 - 0x00007ffd582ca000 	C:\Windows\SYSTEM32\VERSION.dll
0x00007ffd5c7e0000 - 0x00007ffd5c812000 	C:\Windows\System32\IMM32.DLL
0x00007ffd57b60000 - 0x00007ffd57b6c000 	C:\Program Files\Java\jdk-16.0.2\bin\vcruntime140_1.dll
0x00007ffd42af0000 - 0x00007ffd42b81000 	C:\Program Files\Java\jdk-16.0.2\bin\msvcp140.dll
0x00007ffd0d200000 - 0x00007ffd0ddab000 	C:\Program Files\Java\jdk-16.0.2\bin\server\jvm.dll
0x00007ffd5c0f0000 - 0x00007ffd5c0f8000 	C:\Windows\System32\PSAPI.DLL
0x00007ffd57b80000 - 0x00007ffd57b89000 	C:\Windows\SYSTEM32\WSOCK32.dll
0x00007ffd5c460000 - 0x00007ffd5c4cb000 	C:\Windows\System32\WS2_32.dll
0x00007ffd567f0000 - 0x00007ffd56817000 	C:\Windows\SYSTEM32\WINMM.dll
0x00007ffd58b60000 - 0x00007ffd58b72000 	C:\Windows\SYSTEM32\kernel.appcore.dll
0x00007ffd4c580000 - 0x00007ffd4c58a000 	C:\Program Files\Java\jdk-16.0.2\bin\jimage.dll
0x00007ffd45af0000 - 0x00007ffd45cd4000 	C:\Windows\SYSTEM32\DBGHELP.DLL
0x00007ffd40c00000 - 0x00007ffd40c35000 	C:\Windows\SYSTEM32\dbgcore.DLL
0x00007ffd5ab40000 - 0x00007ffd5abc2000 	C:\Windows\System32\bcryptPrimitives.dll
0x00007ffd3e290000 - 0x00007ffd3e2cb000 	C:\Program Files\Java\jdk-16.0.2\bin\jdwp.dll
0x00007ffd48a20000 - 0x00007ffd48a2e000 	C:\Program Files\Java\jdk-16.0.2\bin\instrument.dll
0x00007ffd42a80000 - 0x00007ffd42aa5000 	C:\Program Files\Java\jdk-16.0.2\bin\java.dll
0x00007ffd5b710000 - 0x00007ffd5be55000 	C:\Windows\System32\SHELL32.dll
0x00007ffd583c0000 - 0x00007ffd58b52000 	C:\Windows\SYSTEM32\windows.storage.dll
0x00007ffd5c100000 - 0x00007ffd5c455000 	C:\Windows\System32\combase.dll
0x00007ffd59c80000 - 0x00007ffd59cb0000 	C:\Windows\SYSTEM32\Wldp.dll
0x00007ffd5c4d0000 - 0x00007ffd5c57d000 	C:\Windows\System32\SHCORE.dll
0x00007ffd5c820000 - 0x00007ffd5c875000 	C:\Windows\System32\shlwapi.dll
0x00007ffd5a240000 - 0x00007ffd5a25f000 	C:\Windows\SYSTEM32\profapi.dll
0x00007ffd48780000 - 0x00007ffd4878c000 	C:\Program Files\Java\jdk-16.0.2\bin\dt_socket.dll
0x00007ffd596d0000 - 0x00007ffd5970b000 	C:\Windows\SYSTEM32\IPHLPAPI.DLL
0x00007ffd599e0000 - 0x00007ffd59a4a000 	C:\Windows\system32\mswsock.dll
0x00007ffd59710000 - 0x00007ffd597db000 	C:\Windows\SYSTEM32\DNSAPI.dll
0x00007ffd5c0d0000 - 0x00007ffd5c0d8000 	C:\Windows\System32\NSI.dll
0x00007ffd537b0000 - 0x00007ffd537ba000 	C:\Windows\System32\rasadhlp.dll
0x00007ffd48480000 - 0x00007ffd48500000 	C:\Windows\System32\fwpuclnt.dll
0x00007ffd5a370000 - 0x00007ffd5a397000 	C:\Windows\System32\bcrypt.dll
0x00007ffd3e660000 - 0x00007ffd3e678000 	C:\Program Files\Java\jdk-16.0.2\bin\zip.dll
0x00007ffd3e270000 - 0x00007ffd3e289000 	C:\Program Files\Java\jdk-16.0.2\bin\net.dll
0x00007ffd51ed0000 - 0x00007ffd51fdc000 	C:\Windows\SYSTEM32\WINHTTP.dll
0x00007ffd3d310000 - 0x00007ffd3d323000 	C:\Program Files\Java\jdk-16.0.2\bin\nio.dll
0x00007ffd48520000 - 0x00007ffd48530000 	C:\Program Files\Java\jdk-16.0.2\bin\verify.dll
0x00007ffd3d100000 - 0x00007ffd3d109000 	C:\Program Files\Java\jdk-16.0.2\bin\management.dll
0x00007ffd3c040000 - 0x00007ffd3c04b000 	C:\Program Files\Java\jdk-16.0.2\bin\management_ext.dll
0x00007ffd59bd0000 - 0x00007ffd59be8000 	C:\Windows\SYSTEM32\CRYPTSP.dll
0x00007ffd59300000 - 0x00007ffd59334000 	C:\Windows\system32\rsaenh.dll
0x00007ffd5a1c0000 - 0x00007ffd5a1ee000 	C:\Windows\SYSTEM32\USERENV.dll
0x00007ffd59bf0000 - 0x00007ffd59bfc000 	C:\Windows\SYSTEM32\CRYPTBASE.dll
0x00007ffd52960000 - 0x00007ffd52977000 	C:\Windows\SYSTEM32\dhcpcsvc6.DLL
0x00007ffd52a60000 - 0x00007ffd52a7d000 	C:\Windows\SYSTEM32\dhcpcsvc.DLL
0x00007ffd3e630000 - 0x00007ffd3e647000 	C:\Windows\system32\napinsp.dll
0x00007ffd3e610000 - 0x00007ffd3e62b000 	C:\Windows\system32\pnrpnsp.dll
0x00007ffd54090000 - 0x00007ffd540a5000 	C:\Windows\system32\wshbth.dll
0x00007ffd56430000 - 0x00007ffd5644d000 	C:\Windows\system32\NLAapi.dll
0x00007ffd440f0000 - 0x00007ffd44102000 	C:\Windows\System32\winrnr.dll

dbghelp: loaded successfully - version: 4.0.5 - missing functions: none
symbol engine: initialized successfully - sym options: 0x614 - pdb path: .;C:\Program Files\Java\jdk-16.0.2\bin;C:\Windows\SYSTEM32;C:\Windows\WinSxS\amd64_microsoft.windows.common-controls_6595b64144ccf1df_6.0.19041.1110_none_60b5254171f9507e;C:\Program Files\Java\jdk-16.0.2\bin\server

VM Arguments:
jvm_args: -XX:+ShowCodeDetailsInExceptionMessages -agentlib:jdwp=transport=dt_socket,suspend=y,address=localhost:49702 -javaagent:E:\java-2022-12\eclipse\configuration\org.eclipse.osgi\227\0\.cp\lib\javaagent-shaded.jar -Dfile.encoding=UTF-8 
java_command: MyVersion.Core.Network_Teacher
java_class_path (initial): C:\Users\Timurs\git\GM\out\production\GM2;C:\Users\Timurs\git\GM\out\artifacts\GM2_jar\GM2.jar
Launcher Type: SUN_STANDARD

[Global flags]
     intx CICompilerCount                          = 3                                         {product} {ergonomic}
     uint ConcGCThreads                            = 1                                         {product} {ergonomic}
     uint G1ConcRefinementThreads                  = 4                                         {product} {ergonomic}
   size_t G1HeapRegionSize                         = 4194304                                   {product} {ergonomic}
    uintx GCDrainStackTargetSize                   = 64                                        {product} {ergonomic}
   size_t InitialHeapSize                          = 335544320                                 {product} {ergonomic}
   size_t MarkStackSize                            = 4194304                                   {product} {ergonomic}
   size_t MaxHeapSize                              = 5360320512                                {product} {ergonomic}
   size_t MaxNewSize                               = 3212836864                                {product} {ergonomic}
   size_t MinHeapDeltaBytes                        = 4194304                                   {product} {ergonomic}
   size_t MinHeapSize                              = 8388608                                   {product} {ergonomic}
    uintx NonNMethodCodeHeapSize                   = 5832780                                {pd product} {ergonomic}
    uintx NonProfiledCodeHeapSize                  = 122912730                              {pd product} {ergonomic}
    uintx ProfiledCodeHeapSize                     = 122912730                              {pd product} {ergonomic}
    uintx ReservedCodeCacheSize                    = 251658240                              {pd product} {ergonomic}
     bool SegmentedCodeCache                       = true                                      {product} {ergonomic}
     bool ShowCodeDetailsInExceptionMessages       = true                                   {manageable} {command line}
   size_t SoftMaxHeapSize                          = 5360320512                             {manageable} {ergonomic}
     bool UseCompressedClassPointers               = true                           {product lp64_product} {ergonomic}
     bool UseCompressedOops                        = true                           {product lp64_product} {ergonomic}
     bool UseG1GC                                  = true                                      {product} {ergonomic}
     bool UseLargePagesIndividualAllocation        = false                                  {pd product} {ergonomic}

Logging:
Log output configuration:
 #0: stdout all=warning uptime,level,tags
 #1: stderr all=off uptime,level,tags

Environment Variables:
JAVA_HOME=C:\Program Files\Java\jdk-16.0.2\bin\java.exe
PATH=C:/Program Files/Java/jdk-18/bin/server;C:/Program Files/Java/jdk-18/bin;C:\Program Files\Java\jdk-16.0.2\bin;C:\ProgramData\Oracle\Java\javapath;C:\Program Files\Common Files\Oracle\Java\javapath;C:\Windows\system32;C:\Windows;C:\Windows\System32\Wbem;C:\Windows\System32\WindowsPowerShell\v1.0\;C:\Windows\System32\OpenSSH\;C:\Program Files\NVIDIA Corporation\NVIDIA NvDLISR;C:\Program Files (x86)\NVIDIA Corporation\PhysX\Common;C:\Program Files\Git\cmd;C:\Program Files\Java\jdk-16.0.2\bin;C:\Users\Timurs\AppData\Local\GitHubDesktop\bin;C:\Users\Timurs\Desktop;
USERNAME=Timurs
OS=Windows_NT
PROCESSOR_IDENTIFIER=Intel64 Family 6 Model 58 Stepping 9, GenuineIntel



---------------  S Y S T E M  ---------------

OS:
 Windows 10 , 64 bit Build 19041 (10.0.19041.2546)
OS uptime: 1 days 0:36 hours

CPU: total 4 (initial active 4) (4 cores per cpu, 1 threads per core) family 6 model 58 stepping 9 microcode 0x21, cx8, cmov, fxsr, mmx, sse, sse2, sse3, ssse3, sse4.1, sse4.2, popcnt, tsc, tscinvbit, avx, aes, erms, clmul, vzeroupper, clflush

Memory: 4k page, system-wide physical 20447M (10250M free)
TotalPageFile size 20511M (AvailPageFile size 6113M)
current process WorkingSet (physical memory assigned to process): 258M, peak: 282M
current process commit charge ("private bytes"): 424M, peak: 465M

vm_info: Java HotSpot(TM) 64-Bit Server VM (16.0.2+7-67) for windows-amd64 JRE (16.0.2+7-67), built on Jun  8 2021 23:24:19 by "mach5one" with MS VC++ 16.7 (VS2019)

END.
