#
# There is insufficient memory for the Java Runtime Environment to continue.
# Native memory allocation (mmap) failed to map 65536 bytes for Failed to commit metaspace.
# Possible reasons:
#   The system is out of physical RAM or swap space
#   The process is running with CompressedOops enabled, and the Java Heap may be blocking the growth of the native heap
# Possible solutions:
#   Reduce memory load on the system
#   Increase physical memory or swap space
#   Check if swap backing store is full
#   Decrease Java heap size (-Xmx/-Xms)
#   Decrease number of Java threads
#   Decrease Java thread stack sizes (-Xss)
#   Set larger code cache with -XX:ReservedCodeCacheSize=
#   JVM is running with Unscaled Compressed Oops mode in which the Java heap is
#     placed in the first 4GB address space. The Java Heap base address is the
#     maximum limit for the native heap growth. Please use -XX:HeapBaseMinAddress
#     to set the Java Heap base and to place the Java Heap above 4GB virtual address.
# This output file may be truncated or incomplete.
#
#  Out of Memory Error (virtualSpaceNode.cpp:108), pid=9416, tid=2972
#
# JRE version: Java(TM) SE Runtime Environment (16.0.2+7) (build 16.0.2+7-67)
# Java VM: Java HotSpot(TM) 64-Bit Server VM (16.0.2+7-67, mixed mode, sharing, tiered, compressed oops, compressed class ptrs, g1 gc, windows-amd64)
# No core dump will be written. Minidumps are not enabled by default on client versions of Windows
#

---------------  S U M M A R Y ------------

Command Line: -Dfile.encoding=UTF-8 -XX:+ShowCodeDetailsInExceptionMessages MyVersion.Graphic_Builder.Graphic_Builder

Host: Intel(R) Core(TM) i5-3570 CPU @ 3.40GHz, 4 cores, 7G,  Windows 10 , 64 bit Build 19041 (10.0.19041.2364)
Time: Mon Jan 23 19:45:49 2023  Windows 10 , 64 bit Build 19041 (10.0.19041.2364) elapsed time: 0.860384 seconds (0d 0h 0m 0s)

---------------  T H R E A D  ---------------

Current thread (0x0000020c581c90b0):  JavaThread "main" [_thread_in_vm, id=2972, stack(0x00000075ec400000,0x00000075ec500000)]

Stack: [0x00000075ec400000,0x00000075ec500000]
Native frames: (J=compiled Java code, j=interpreted, Vv=VM code, C=native code)
V  [jvm.dll+0x6681ca]
V  [jvm.dll+0x7c9e69]
V  [jvm.dll+0x7cb61e]
V  [jvm.dll+0x7cbc73]
V  [jvm.dll+0x242c55]
V  [jvm.dll+0x7c64eb]
V  [jvm.dll+0x60ddd6]
V  [jvm.dll+0x60de3a]
V  [jvm.dll+0x61046a]
V  [jvm.dll+0x60e6d1]
V  [jvm.dll+0x2406bc]
V  [jvm.dll+0x6bf02d]
V  [jvm.dll+0x6bfa4f]
V  [jvm.dll+0x367023]
V  [jvm.dll+0x366e86]
V  [jvm.dll+0x366252]
V  [jvm.dll+0x3661f8]
V  [jvm.dll+0x555995]
V  [jvm.dll+0x554acd]
V  [jvm.dll+0x37999e]
V  [jvm.dll+0x378fdf]
C  0x0000020c5f96b0ac

Java frames: (J=compiled Java code, j=interpreted, Vv=VM code)
j  sun.awt.windows.WComponentPeer.updateCursorImmediately()V+0 java.desktop@16.0.2
j  java.awt.Component.updateCursorImmediately()V+49 java.desktop@16.0.2
j  java.awt.Component.show()V+73 java.desktop@16.0.2
j  java.awt.Window.show()V+48 java.desktop@16.0.2
j  java.awt.Component.show(Z)V+5 java.desktop@16.0.2
j  java.awt.Component.setVisible(Z)V+2 java.desktop@16.0.2
j  java.awt.Window.setVisible(Z)V+2 java.desktop@16.0.2
j  MyVersion.Graphic_Builder.Graphic_Builder.main([Ljava/lang/String;)V+27
v  ~StubRoutines::call_stub

---------------  P R O C E S S  ---------------

Threads class SMR info:
_java_thread_list=0x0000020c76f8cb70, length=16, elements={
0x0000020c581c90b0, 0x0000020c7597f980, 0x0000020c75980640, 0x0000020c75990df0,
0x0000020c759917f0, 0x0000020c759921f0, 0x0000020c7599e100, 0x0000020c759c2f10,
0x0000020c759c4a10, 0x0000020c759d9840, 0x0000020c764bb6e0, 0x0000020c764bcc20,
0x0000020c764bbc30, 0x0000020c764bb190, 0x0000020c764bc180, 0x0000020c764bc6d0
}

Java Threads: ( => current thread )
=>0x0000020c581c90b0 JavaThread "main" [_thread_in_vm, id=2972, stack(0x00000075ec400000,0x00000075ec500000)]
  0x0000020c7597f980 JavaThread "Reference Handler" daemon [_thread_blocked, id=8412, stack(0x00000075ecb00000,0x00000075ecc00000)]
  0x0000020c75980640 JavaThread "Finalizer" daemon [_thread_blocked, id=10360, stack(0x00000075ecc00000,0x00000075ecd00000)]
  0x0000020c75990df0 JavaThread "Signal Dispatcher" daemon [_thread_blocked, id=4124, stack(0x00000075ecd00000,0x00000075ece00000)]
  0x0000020c759917f0 JavaThread "Attach Listener" daemon [_thread_blocked, id=7892, stack(0x00000075ece00000,0x00000075ecf00000)]
  0x0000020c759921f0 JavaThread "Service Thread" daemon [_thread_blocked, id=11128, stack(0x00000075ecf00000,0x00000075ed000000)]
  0x0000020c7599e100 JavaThread "Monitor Deflation Thread" daemon [_thread_blocked, id=9056, stack(0x00000075ed000000,0x00000075ed100000)]
  0x0000020c759c2f10 JavaThread "C2 CompilerThread0" daemon [_thread_blocked, id=1160, stack(0x00000075ed100000,0x00000075ed200000)]
  0x0000020c759c4a10 JavaThread "C1 CompilerThread0" daemon [_thread_blocked, id=4112, stack(0x00000075ed200000,0x00000075ed300000)]
  0x0000020c759d9840 JavaThread "Sweeper thread" daemon [_thread_blocked, id=9304, stack(0x00000075ed300000,0x00000075ed400000)]
  0x0000020c764bb6e0 JavaThread "Notification Thread" daemon [_thread_blocked, id=3164, stack(0x00000075ed400000,0x00000075ed500000)]
  0x0000020c764bcc20 JavaThread "Common-Cleaner" daemon [_thread_blocked, id=10176, stack(0x00000075ed600000,0x00000075ed700000)]
  0x0000020c764bbc30 JavaThread "Java2D Disposer" daemon [_thread_blocked, id=9568, stack(0x00000075ed700000,0x00000075ed800000)]
  0x0000020c764bb190 JavaThread "AWT-Shutdown" [_thread_blocked, id=2016, stack(0x00000075ed800000,0x00000075ed900000)]
  0x0000020c764bc180 JavaThread "AWT-Windows" daemon [_thread_in_native, id=7304, stack(0x00000075ed900000,0x00000075eda00000)]
  0x0000020c764bc6d0 JavaThread "AWT-EventQueue-0" [_thread_blocked, id=10900, stack(0x00000075edc40000,0x00000075edd40000)]

Other Threads:
  0x0000020c75979a20 VMThread "VM Thread" [stack: 0x00000075eca00000,0x00000075ecb00000] [id=5976]
  0x0000020c764bf150 WatcherThread [stack: 0x00000075ed500000,0x00000075ed600000] [id=7244]
  0x0000020c58209870 GCTaskThread "GC Thread#0" [stack: 0x00000075ec500000,0x00000075ec600000] [id=6456]
  0x0000020c5821bf70 ConcurrentGCThread "G1 Main Marker" [stack: 0x00000075ec600000,0x00000075ec700000] [id=6972]
  0x0000020c5821c9e0 ConcurrentGCThread "G1 Conc#0" [stack: 0x00000075ec700000,0x00000075ec800000] [id=8668]
  0x0000020c58299c80 ConcurrentGCThread "G1 Refine#0" [stack: 0x00000075ec800000,0x00000075ec900000] [id=9412]
  0x0000020c5829c610 ConcurrentGCThread "G1 Service" [stack: 0x00000075ec900000,0x00000075eca00000] [id=7900]

Threads with active compile tasks:

VM state: not at safepoint (normal execution)

VM Mutex/Monitor currently owned by a thread:  ([mutex/lock_event])
[0x0000020c581c49c0] MetaspaceExpand_lock - owner thread: 0x0000020c581c90b0

Heap address: 0x0000000080800000, size: 2040 MB, Compressed Oops mode: 32-bit

CDS archive(s) mapped at: [0x0000000800000000-0x0000000800bb0000-0x0000000800bb0000), size 12255232, SharedBaseAddress: 0x0000000800000000, ArchiveRelocationMode: 0.
Compressed class space mapped at: 0x0000000800c00000-0x0000000840c00000, reserved size: 1073741824
Narrow klass base: 0x0000000800000000, Narrow klass shift: 3, Narrow klass range: 0x100000000

GC Precious Log:
 CPUs: 4 total, 4 available
 Memory: 8159M
 Large Page Support: Disabled
 NUMA Support: Disabled
 Compressed Oops: Enabled (32-bit)
 Heap Region Size: 1M
 Heap Min Capacity: 8M
 Heap Initial Capacity: 128M
 Heap Max Capacity: 2040M
 Pre-touch: Disabled
 Parallel Workers: 4
 Concurrent Workers: 1
 Concurrent Refinement Workers: 4
 Periodic GC: Disabled

Heap:
 garbage-first heap   total 131072K, used 4096K [0x0000000080800000, 0x0000000100000000)
  region size 1024K, 5 young (5120K), 0 survivors (0K)
 Metaspace       used 5395K, committed 5568K, reserved 1056768K
  class space    used 578K, committed 704K, reserved 1048576K

Heap Regions: E=young(eden), S=young(survivor), O=old, HS=humongous(starts), HC=humongous(continues), CS=collection set, F=free, OA=open archive, CA=closed archive, TAMS=top-at-mark-start (previous, next)
|   0|0x0000000080800000, 0x0000000080800000, 0x0000000080900000|  0%| F|  |TAMS 0x0000000080800000, 0x0000000080800000| Untracked 
|   1|0x0000000080900000, 0x0000000080900000, 0x0000000080a00000|  0%| F|  |TAMS 0x0000000080900000, 0x0000000080900000| Untracked 
|   2|0x0000000080a00000, 0x0000000080a00000, 0x0000000080b00000|  0%| F|  |TAMS 0x0000000080a00000, 0x0000000080a00000| Untracked 
|   3|0x0000000080b00000, 0x0000000080b00000, 0x0000000080c00000|  0%| F|  |TAMS 0x0000000080b00000, 0x0000000080b00000| Untracked 
|   4|0x0000000080c00000, 0x0000000080c00000, 0x0000000080d00000|  0%| F|  |TAMS 0x0000000080c00000, 0x0000000080c00000| Untracked 
|   5|0x0000000080d00000, 0x0000000080d00000, 0x0000000080e00000|  0%| F|  |TAMS 0x0000000080d00000, 0x0000000080d00000| Untracked 
|   6|0x0000000080e00000, 0x0000000080e00000, 0x0000000080f00000|  0%| F|  |TAMS 0x0000000080e00000, 0x0000000080e00000| Untracked 
|   7|0x0000000080f00000, 0x0000000080f00000, 0x0000000081000000|  0%| F|  |TAMS 0x0000000080f00000, 0x0000000080f00000| Untracked 
|   8|0x0000000081000000, 0x0000000081000000, 0x0000000081100000|  0%| F|  |TAMS 0x0000000081000000, 0x0000000081000000| Untracked 
|   9|0x0000000081100000, 0x0000000081100000, 0x0000000081200000|  0%| F|  |TAMS 0x0000000081100000, 0x0000000081100000| Untracked 
|  10|0x0000000081200000, 0x0000000081200000, 0x0000000081300000|  0%| F|  |TAMS 0x0000000081200000, 0x0000000081200000| Untracked 
|  11|0x0000000081300000, 0x0000000081300000, 0x0000000081400000|  0%| F|  |TAMS 0x0000000081300000, 0x0000000081300000| Untracked 
|  12|0x0000000081400000, 0x0000000081400000, 0x0000000081500000|  0%| F|  |TAMS 0x0000000081400000, 0x0000000081400000| Untracked 
|  13|0x0000000081500000, 0x0000000081500000, 0x0000000081600000|  0%| F|  |TAMS 0x0000000081500000, 0x0000000081500000| Untracked 
|  14|0x0000000081600000, 0x0000000081600000, 0x0000000081700000|  0%| F|  |TAMS 0x0000000081600000, 0x0000000081600000| Untracked 
|  15|0x0000000081700000, 0x0000000081700000, 0x0000000081800000|  0%| F|  |TAMS 0x0000000081700000, 0x0000000081700000| Untracked 
|  16|0x0000000081800000, 0x0000000081800000, 0x0000000081900000|  0%| F|  |TAMS 0x0000000081800000, 0x0000000081800000| Untracked 
|  17|0x0000000081900000, 0x0000000081900000, 0x0000000081a00000|  0%| F|  |TAMS 0x0000000081900000, 0x0000000081900000| Untracked 
|  18|0x0000000081a00000, 0x0000000081a00000, 0x0000000081b00000|  0%| F|  |TAMS 0x0000000081a00000, 0x0000000081a00000| Untracked 
|  19|0x0000000081b00000, 0x0000000081b00000, 0x0000000081c00000|  0%| F|  |TAMS 0x0000000081b00000, 0x0000000081b00000| Untracked 
|  20|0x0000000081c00000, 0x0000000081c00000, 0x0000000081d00000|  0%| F|  |TAMS 0x0000000081c00000, 0x0000000081c00000| Untracked 
|  21|0x0000000081d00000, 0x0000000081d00000, 0x0000000081e00000|  0%| F|  |TAMS 0x0000000081d00000, 0x0000000081d00000| Untracked 
|  22|0x0000000081e00000, 0x0000000081e00000, 0x0000000081f00000|  0%| F|  |TAMS 0x0000000081e00000, 0x0000000081e00000| Untracked 
|  23|0x0000000081f00000, 0x0000000081f00000, 0x0000000082000000|  0%| F|  |TAMS 0x0000000081f00000, 0x0000000081f00000| Untracked 
|  24|0x0000000082000000, 0x0000000082000000, 0x0000000082100000|  0%| F|  |TAMS 0x0000000082000000, 0x0000000082000000| Untracked 
|  25|0x0000000082100000, 0x0000000082100000, 0x0000000082200000|  0%| F|  |TAMS 0x0000000082100000, 0x0000000082100000| Untracked 
|  26|0x0000000082200000, 0x0000000082200000, 0x0000000082300000|  0%| F|  |TAMS 0x0000000082200000, 0x0000000082200000| Untracked 
|  27|0x0000000082300000, 0x0000000082300000, 0x0000000082400000|  0%| F|  |TAMS 0x0000000082300000, 0x0000000082300000| Untracked 
|  28|0x0000000082400000, 0x0000000082400000, 0x0000000082500000|  0%| F|  |TAMS 0x0000000082400000, 0x0000000082400000| Untracked 
|  29|0x0000000082500000, 0x0000000082500000, 0x0000000082600000|  0%| F|  |TAMS 0x0000000082500000, 0x0000000082500000| Untracked 
|  30|0x0000000082600000, 0x0000000082600000, 0x0000000082700000|  0%| F|  |TAMS 0x0000000082600000, 0x0000000082600000| Untracked 
|  31|0x0000000082700000, 0x0000000082700000, 0x0000000082800000|  0%| F|  |TAMS 0x0000000082700000, 0x0000000082700000| Untracked 
|  32|0x0000000082800000, 0x0000000082800000, 0x0000000082900000|  0%| F|  |TAMS 0x0000000082800000, 0x0000000082800000| Untracked 
|  33|0x0000000082900000, 0x0000000082900000, 0x0000000082a00000|  0%| F|  |TAMS 0x0000000082900000, 0x0000000082900000| Untracked 
|  34|0x0000000082a00000, 0x0000000082a00000, 0x0000000082b00000|  0%| F|  |TAMS 0x0000000082a00000, 0x0000000082a00000| Untracked 
|  35|0x0000000082b00000, 0x0000000082b00000, 0x0000000082c00000|  0%| F|  |TAMS 0x0000000082b00000, 0x0000000082b00000| Untracked 
|  36|0x0000000082c00000, 0x0000000082c00000, 0x0000000082d00000|  0%| F|  |TAMS 0x0000000082c00000, 0x0000000082c00000| Untracked 
|  37|0x0000000082d00000, 0x0000000082d00000, 0x0000000082e00000|  0%| F|  |TAMS 0x0000000082d00000, 0x0000000082d00000| Untracked 
|  38|0x0000000082e00000, 0x0000000082e00000, 0x0000000082f00000|  0%| F|  |TAMS 0x0000000082e00000, 0x0000000082e00000| Untracked 
|  39|0x0000000082f00000, 0x0000000082f00000, 0x0000000083000000|  0%| F|  |TAMS 0x0000000082f00000, 0x0000000082f00000| Untracked 
|  40|0x0000000083000000, 0x0000000083000000, 0x0000000083100000|  0%| F|  |TAMS 0x0000000083000000, 0x0000000083000000| Untracked 
|  41|0x0000000083100000, 0x0000000083100000, 0x0000000083200000|  0%| F|  |TAMS 0x0000000083100000, 0x0000000083100000| Untracked 
|  42|0x0000000083200000, 0x0000000083200000, 0x0000000083300000|  0%| F|  |TAMS 0x0000000083200000, 0x0000000083200000| Untracked 
|  43|0x0000000083300000, 0x0000000083300000, 0x0000000083400000|  0%| F|  |TAMS 0x0000000083300000, 0x0000000083300000| Untracked 
|  44|0x0000000083400000, 0x0000000083400000, 0x0000000083500000|  0%| F|  |TAMS 0x0000000083400000, 0x0000000083400000| Untracked 
|  45|0x0000000083500000, 0x0000000083500000, 0x0000000083600000|  0%| F|  |TAMS 0x0000000083500000, 0x0000000083500000| Untracked 
|  46|0x0000000083600000, 0x0000000083600000, 0x0000000083700000|  0%| F|  |TAMS 0x0000000083600000, 0x0000000083600000| Untracked 
|  47|0x0000000083700000, 0x0000000083700000, 0x0000000083800000|  0%| F|  |TAMS 0x0000000083700000, 0x0000000083700000| Untracked 
|  48|0x0000000083800000, 0x0000000083800000, 0x0000000083900000|  0%| F|  |TAMS 0x0000000083800000, 0x0000000083800000| Untracked 
|  49|0x0000000083900000, 0x0000000083900000, 0x0000000083a00000|  0%| F|  |TAMS 0x0000000083900000, 0x0000000083900000| Untracked 
|  50|0x0000000083a00000, 0x0000000083a00000, 0x0000000083b00000|  0%| F|  |TAMS 0x0000000083a00000, 0x0000000083a00000| Untracked 
|  51|0x0000000083b00000, 0x0000000083b00000, 0x0000000083c00000|  0%| F|  |TAMS 0x0000000083b00000, 0x0000000083b00000| Untracked 
|  52|0x0000000083c00000, 0x0000000083c00000, 0x0000000083d00000|  0%| F|  |TAMS 0x0000000083c00000, 0x0000000083c00000| Untracked 
|  53|0x0000000083d00000, 0x0000000083d00000, 0x0000000083e00000|  0%| F|  |TAMS 0x0000000083d00000, 0x0000000083d00000| Untracked 
|  54|0x0000000083e00000, 0x0000000083e00000, 0x0000000083f00000|  0%| F|  |TAMS 0x0000000083e00000, 0x0000000083e00000| Untracked 
|  55|0x0000000083f00000, 0x0000000083f00000, 0x0000000084000000|  0%| F|  |TAMS 0x0000000083f00000, 0x0000000083f00000| Untracked 
|  56|0x0000000084000000, 0x0000000084000000, 0x0000000084100000|  0%| F|  |TAMS 0x0000000084000000, 0x0000000084000000| Untracked 
|  57|0x0000000084100000, 0x0000000084100000, 0x0000000084200000|  0%| F|  |TAMS 0x0000000084100000, 0x0000000084100000| Untracked 
|  58|0x0000000084200000, 0x0000000084200000, 0x0000000084300000|  0%| F|  |TAMS 0x0000000084200000, 0x0000000084200000| Untracked 
|  59|0x0000000084300000, 0x0000000084300000, 0x0000000084400000|  0%| F|  |TAMS 0x0000000084300000, 0x0000000084300000| Untracked 
|  60|0x0000000084400000, 0x0000000084400000, 0x0000000084500000|  0%| F|  |TAMS 0x0000000084400000, 0x0000000084400000| Untracked 
|  61|0x0000000084500000, 0x0000000084500000, 0x0000000084600000|  0%| F|  |TAMS 0x0000000084500000, 0x0000000084500000| Untracked 
|  62|0x0000000084600000, 0x0000000084600000, 0x0000000084700000|  0%| F|  |TAMS 0x0000000084600000, 0x0000000084600000| Untracked 
|  63|0x0000000084700000, 0x0000000084700000, 0x0000000084800000|  0%| F|  |TAMS 0x0000000084700000, 0x0000000084700000| Untracked 
|  64|0x0000000084800000, 0x0000000084800000, 0x0000000084900000|  0%| F|  |TAMS 0x0000000084800000, 0x0000000084800000| Untracked 
|  65|0x0000000084900000, 0x0000000084900000, 0x0000000084a00000|  0%| F|  |TAMS 0x0000000084900000, 0x0000000084900000| Untracked 
|  66|0x0000000084a00000, 0x0000000084a00000, 0x0000000084b00000|  0%| F|  |TAMS 0x0000000084a00000, 0x0000000084a00000| Untracked 
|  67|0x0000000084b00000, 0x0000000084b00000, 0x0000000084c00000|  0%| F|  |TAMS 0x0000000084b00000, 0x0000000084b00000| Untracked 
|  68|0x0000000084c00000, 0x0000000084c00000, 0x0000000084d00000|  0%| F|  |TAMS 0x0000000084c00000, 0x0000000084c00000| Untracked 
|  69|0x0000000084d00000, 0x0000000084d00000, 0x0000000084e00000|  0%| F|  |TAMS 0x0000000084d00000, 0x0000000084d00000| Untracked 
|  70|0x0000000084e00000, 0x0000000084e00000, 0x0000000084f00000|  0%| F|  |TAMS 0x0000000084e00000, 0x0000000084e00000| Untracked 
|  71|0x0000000084f00000, 0x0000000084f00000, 0x0000000085000000|  0%| F|  |TAMS 0x0000000084f00000, 0x0000000084f00000| Untracked 
|  72|0x0000000085000000, 0x0000000085000000, 0x0000000085100000|  0%| F|  |TAMS 0x0000000085000000, 0x0000000085000000| Untracked 
|  73|0x0000000085100000, 0x0000000085100000, 0x0000000085200000|  0%| F|  |TAMS 0x0000000085100000, 0x0000000085100000| Untracked 
|  74|0x0000000085200000, 0x0000000085200000, 0x0000000085300000|  0%| F|  |TAMS 0x0000000085200000, 0x0000000085200000| Untracked 
|  75|0x0000000085300000, 0x0000000085300000, 0x0000000085400000|  0%| F|  |TAMS 0x0000000085300000, 0x0000000085300000| Untracked 
|  76|0x0000000085400000, 0x0000000085400000, 0x0000000085500000|  0%| F|  |TAMS 0x0000000085400000, 0x0000000085400000| Untracked 
|  77|0x0000000085500000, 0x0000000085500000, 0x0000000085600000|  0%| F|  |TAMS 0x0000000085500000, 0x0000000085500000| Untracked 
|  78|0x0000000085600000, 0x0000000085600000, 0x0000000085700000|  0%| F|  |TAMS 0x0000000085600000, 0x0000000085600000| Untracked 
|  79|0x0000000085700000, 0x0000000085700000, 0x0000000085800000|  0%| F|  |TAMS 0x0000000085700000, 0x0000000085700000| Untracked 
|  80|0x0000000085800000, 0x0000000085800000, 0x0000000085900000|  0%| F|  |TAMS 0x0000000085800000, 0x0000000085800000| Untracked 
|  81|0x0000000085900000, 0x0000000085900000, 0x0000000085a00000|  0%| F|  |TAMS 0x0000000085900000, 0x0000000085900000| Untracked 
|  82|0x0000000085a00000, 0x0000000085a00000, 0x0000000085b00000|  0%| F|  |TAMS 0x0000000085a00000, 0x0000000085a00000| Untracked 
|  83|0x0000000085b00000, 0x0000000085b00000, 0x0000000085c00000|  0%| F|  |TAMS 0x0000000085b00000, 0x0000000085b00000| Untracked 
|  84|0x0000000085c00000, 0x0000000085c00000, 0x0000000085d00000|  0%| F|  |TAMS 0x0000000085c00000, 0x0000000085c00000| Untracked 
|  85|0x0000000085d00000, 0x0000000085d00000, 0x0000000085e00000|  0%| F|  |TAMS 0x0000000085d00000, 0x0000000085d00000| Untracked 
|  86|0x0000000085e00000, 0x0000000085e00000, 0x0000000085f00000|  0%| F|  |TAMS 0x0000000085e00000, 0x0000000085e00000| Untracked 
|  87|0x0000000085f00000, 0x0000000085f00000, 0x0000000086000000|  0%| F|  |TAMS 0x0000000085f00000, 0x0000000085f00000| Untracked 
|  88|0x0000000086000000, 0x0000000086000000, 0x0000000086100000|  0%| F|  |TAMS 0x0000000086000000, 0x0000000086000000| Untracked 
|  89|0x0000000086100000, 0x0000000086100000, 0x0000000086200000|  0%| F|  |TAMS 0x0000000086100000, 0x0000000086100000| Untracked 
|  90|0x0000000086200000, 0x0000000086200000, 0x0000000086300000|  0%| F|  |TAMS 0x0000000086200000, 0x0000000086200000| Untracked 
|  91|0x0000000086300000, 0x0000000086300000, 0x0000000086400000|  0%| F|  |TAMS 0x0000000086300000, 0x0000000086300000| Untracked 
|  92|0x0000000086400000, 0x0000000086400000, 0x0000000086500000|  0%| F|  |TAMS 0x0000000086400000, 0x0000000086400000| Untracked 
|  93|0x0000000086500000, 0x0000000086500000, 0x0000000086600000|  0%| F|  |TAMS 0x0000000086500000, 0x0000000086500000| Untracked 
|  94|0x0000000086600000, 0x0000000086600000, 0x0000000086700000|  0%| F|  |TAMS 0x0000000086600000, 0x0000000086600000| Untracked 
|  95|0x0000000086700000, 0x0000000086700000, 0x0000000086800000|  0%| F|  |TAMS 0x0000000086700000, 0x0000000086700000| Untracked 
|  96|0x0000000086800000, 0x0000000086800000, 0x0000000086900000|  0%| F|  |TAMS 0x0000000086800000, 0x0000000086800000| Untracked 
|  97|0x0000000086900000, 0x0000000086900000, 0x0000000086a00000|  0%| F|  |TAMS 0x0000000086900000, 0x0000000086900000| Untracked 
|  98|0x0000000086a00000, 0x0000000086a00000, 0x0000000086b00000|  0%| F|  |TAMS 0x0000000086a00000, 0x0000000086a00000| Untracked 
|  99|0x0000000086b00000, 0x0000000086b00000, 0x0000000086c00000|  0%| F|  |TAMS 0x0000000086b00000, 0x0000000086b00000| Untracked 
| 100|0x0000000086c00000, 0x0000000086c00000, 0x0000000086d00000|  0%| F|  |TAMS 0x0000000086c00000, 0x0000000086c00000| Untracked 
| 101|0x0000000086d00000, 0x0000000086d00000, 0x0000000086e00000|  0%| F|  |TAMS 0x0000000086d00000, 0x0000000086d00000| Untracked 
| 102|0x0000000086e00000, 0x0000000086e00000, 0x0000000086f00000|  0%| F|  |TAMS 0x0000000086e00000, 0x0000000086e00000| Untracked 
| 103|0x0000000086f00000, 0x0000000086f00000, 0x0000000087000000|  0%| F|  |TAMS 0x0000000086f00000, 0x0000000086f00000| Untracked 
| 104|0x0000000087000000, 0x0000000087000000, 0x0000000087100000|  0%| F|  |TAMS 0x0000000087000000, 0x0000000087000000| Untracked 
| 105|0x0000000087100000, 0x0000000087100000, 0x0000000087200000|  0%| F|  |TAMS 0x0000000087100000, 0x0000000087100000| Untracked 
| 106|0x0000000087200000, 0x0000000087200000, 0x0000000087300000|  0%| F|  |TAMS 0x0000000087200000, 0x0000000087200000| Untracked 
| 107|0x0000000087300000, 0x0000000087300000, 0x0000000087400000|  0%| F|  |TAMS 0x0000000087300000, 0x0000000087300000| Untracked 
| 108|0x0000000087400000, 0x0000000087400000, 0x0000000087500000|  0%| F|  |TAMS 0x0000000087400000, 0x0000000087400000| Untracked 
| 109|0x0000000087500000, 0x0000000087500000, 0x0000000087600000|  0%| F|  |TAMS 0x0000000087500000, 0x0000000087500000| Untracked 
| 110|0x0000000087600000, 0x0000000087600000, 0x0000000087700000|  0%| F|  |TAMS 0x0000000087600000, 0x0000000087600000| Untracked 
| 111|0x0000000087700000, 0x0000000087700000, 0x0000000087800000|  0%| F|  |TAMS 0x0000000087700000, 0x0000000087700000| Untracked 
| 112|0x0000000087800000, 0x0000000087800000, 0x0000000087900000|  0%| F|  |TAMS 0x0000000087800000, 0x0000000087800000| Untracked 
| 113|0x0000000087900000, 0x0000000087900000, 0x0000000087a00000|  0%| F|  |TAMS 0x0000000087900000, 0x0000000087900000| Untracked 
| 114|0x0000000087a00000, 0x0000000087a00000, 0x0000000087b00000|  0%| F|  |TAMS 0x0000000087a00000, 0x0000000087a00000| Untracked 
| 115|0x0000000087b00000, 0x0000000087b00000, 0x0000000087c00000|  0%| F|  |TAMS 0x0000000087b00000, 0x0000000087b00000| Untracked 
| 116|0x0000000087c00000, 0x0000000087c00000, 0x0000000087d00000|  0%| F|  |TAMS 0x0000000087c00000, 0x0000000087c00000| Untracked 
| 117|0x0000000087d00000, 0x0000000087d00000, 0x0000000087e00000|  0%| F|  |TAMS 0x0000000087d00000, 0x0000000087d00000| Untracked 
| 118|0x0000000087e00000, 0x0000000087e00000, 0x0000000087f00000|  0%| F|  |TAMS 0x0000000087e00000, 0x0000000087e00000| Untracked 
| 119|0x0000000087f00000, 0x0000000087f00000, 0x0000000088000000|  0%| F|  |TAMS 0x0000000087f00000, 0x0000000087f00000| Untracked 
| 120|0x0000000088000000, 0x0000000088000000, 0x0000000088100000|  0%| F|  |TAMS 0x0000000088000000, 0x0000000088000000| Untracked 
| 121|0x0000000088100000, 0x0000000088100000, 0x0000000088200000|  0%| F|  |TAMS 0x0000000088100000, 0x0000000088100000| Untracked 
| 122|0x0000000088200000, 0x0000000088200000, 0x0000000088300000|  0%| F|  |TAMS 0x0000000088200000, 0x0000000088200000| Untracked 
| 123|0x0000000088300000, 0x00000000883c8708, 0x0000000088400000| 78%| E|  |TAMS 0x0000000088300000, 0x0000000088300000| Complete 
| 124|0x0000000088400000, 0x0000000088500000, 0x0000000088500000|100%| E|CS|TAMS 0x0000000088400000, 0x0000000088400000| Complete 
| 125|0x0000000088500000, 0x0000000088600000, 0x0000000088600000|100%| E|CS|TAMS 0x0000000088500000, 0x0000000088500000| Complete 
| 126|0x0000000088600000, 0x0000000088700000, 0x0000000088700000|100%| E|CS|TAMS 0x0000000088600000, 0x0000000088600000| Complete 
| 127|0x0000000088700000, 0x0000000088800000, 0x0000000088800000|100%| E|CS|TAMS 0x0000000088700000, 0x0000000088700000| Complete 

Card table byte_map: [0x0000020c6ed50000,0x0000020c6f150000] _byte_map_base: 0x0000020c6e94c000

Marking Bits (Prev, Next): (CMBitMap*) 0x0000020c5820aef0, (CMBitMap*) 0x0000020c5820af30
 Prev Bits: [0x0000020c6f550000, 0x0000020c71530000)
 Next Bits: [0x0000020c71530000, 0x0000020c73510000)

Polling page: 0x0000020c56190000

Metaspace:

Usage:
  Non-class:      4.70 MB used.
      Class:    578.11 KB used.
       Both:      5.27 MB used.

Virtual space:
  Non-class space:        8.00 MB reserved,       4.75 MB ( 59%) committed,  1 nodes.
      Class space:        1.00 GB reserved,     704.00 KB ( <1%) committed,  1 nodes.
              Both:        1.01 GB reserved,       5.44 MB ( <1%) committed. 

Chunk freelists:
   Non-Class:  2.89 MB
       Class:  3.24 MB
        Both:  6.13 MB

MaxMetaspaceSize: 17179869184.00 GB
CompressedClassSpaceSize: 1.00 GB
 - commit_granule_bytes: 65536.
 - commit_granule_words: 8192.
 - virtual_space_node_default_size: 1048576.
 - enlarge_chunks_in_place: 1.
 - new_chunks_are_fully_committed: 0.
 - uncommit_free_chunks: 1.
 - use_allocation_guard: 0.
 - handle_deallocations: 1.


Internal statistics:

num_allocs_failed_limit: 0.
num_arena_births: 108.
num_arena_deaths: 0.
num_vsnodes_births: 2.
num_vsnodes_deaths: 0.
num_space_committed: 87.
num_space_uncommitted: 0.
num_chunks_returned_to_freelist: 0.
num_chunks_taken_from_freelist: 127.
num_chunk_merges: 0.
num_chunk_splits: 83.
num_chunks_enlarged: 44.
num_purges: 0.

CodeHeap 'non-profiled nmethods': size=120000Kb used=142Kb max_used=142Kb free=119857Kb
 bounds [0x0000020c67420000, 0x0000020c67690000, 0x0000020c6e950000]
CodeHeap 'profiled nmethods': size=120000Kb used=816Kb max_used=816Kb free=119184Kb
 bounds [0x0000020c5fef0000, 0x0000020c60160000, 0x0000020c67420000]
CodeHeap 'non-nmethods': size=5760Kb used=1242Kb max_used=1253Kb free=4517Kb
 bounds [0x0000020c5f950000, 0x0000020c5fbc0000, 0x0000020c5fef0000]
 total_blobs=1107 nmethods=554 adapters=466
 compilation: enabled
              stopped_count=0, restarted_count=0
 full_count=0

Compilation events (20 events):
Event: 0.443 Thread 0x0000020c759c4a10 nmethod 543 0x0000020c67442410 code [0x0000020c674425a0, 0x0000020c67442678]
Event: 0.443 Thread 0x0000020c759c4a10  544       1       jdk.internal.jimage.ImageHeader::getTableLength (5 bytes)
Event: 0.443 Thread 0x0000020c759c4a10 nmethod 544 0x0000020c67442710 code [0x0000020c674428a0, 0x0000020c67442978]
Event: 0.443 Thread 0x0000020c759c4a10  545       3       java.nio.ByteBuffer::position (8 bytes)
Event: 0.443 Thread 0x0000020c759c4a10 nmethod 545 0x0000020c5ffb9890 code [0x0000020c5ffb9a40, 0x0000020c5ffb9b88]
Event: 0.443 Thread 0x0000020c759c4a10  546       3       java.nio.ByteBuffer::limit (8 bytes)
Event: 0.443 Thread 0x0000020c759c4a10 nmethod 546 0x0000020c5ffb9c10 code [0x0000020c5ffb9dc0, 0x0000020c5ffb9f08]
Event: 0.443 Thread 0x0000020c759c4a10  547       3       java.nio.MappedByteBuffer::limit (8 bytes)
Event: 0.443 Thread 0x0000020c759c4a10 nmethod 547 0x0000020c5ffb9f90 code [0x0000020c5ffba140, 0x0000020c5ffba2e8]
Event: 0.443 Thread 0x0000020c759c4a10  548       3       java.nio.MappedByteBuffer::position (8 bytes)
Event: 0.443 Thread 0x0000020c759c4a10 nmethod 548 0x0000020c5ffba390 code [0x0000020c5ffba540, 0x0000020c5ffba6e8]
Event: 0.443 Thread 0x0000020c759c2f10 nmethod 535 0x0000020c67442a10 code [0x0000020c67442ba0, 0x0000020c67442eb8]
Event: 0.444 Thread 0x0000020c759c4a10  549   !   3       sun.awt.AppContext::get (123 bytes)
Event: 0.444 Thread 0x0000020c759c4a10 nmethod 549 0x0000020c5ffba790 code [0x0000020c5ffba9c0, 0x0000020c5ffbb428]
Event: 0.446 Thread 0x0000020c759c4a10  551       1       java.lang.reflect.Method::getModifiers (5 bytes)
Event: 0.446 Thread 0x0000020c759c4a10 nmethod 551 0x0000020c67443390 code [0x0000020c67443520, 0x0000020c674435f8]
Event: 0.446 Thread 0x0000020c759c4a10  552       3       java.lang.reflect.AccessibleObject::<init> (5 bytes)
Event: 0.446 Thread 0x0000020c759c4a10 nmethod 552 0x0000020c5ffbb790 code [0x0000020c5ffbb940, 0x0000020c5ffbba98]
Event: 0.446 Thread 0x0000020c759c4a10  553       3       java.lang.reflect.Executable::<init> (5 bytes)
Event: 0.446 Thread 0x0000020c759c4a10 nmethod 553 0x0000020c5ffbbb90 code [0x0000020c5ffbbd40, 0x0000020c5ffbbef8]

GC Heap History (0 events):
No events

Deoptimization events (4 events):
Event: 0.421 Thread 0x0000020c581c90b0 Uncommon trap: trap_request=0xffffff45 fr.pc=0x0000020c6743977c relative=0x000000000000005c
Event: 0.421 Thread 0x0000020c581c90b0 Uncommon trap: reason=unstable_if action=reinterpret pc=0x0000020c6743977c method=java.lang.String.isLatin1()Z @ 10 c2
Event: 0.421 Thread 0x0000020c581c90b0 DEOPT PACKING pc=0x0000020c6743977c sp=0x00000075ec4fd190
Event: 0.421 Thread 0x0000020c581c90b0 DEOPT UNPACKING pc=0x0000020c5f99d72e sp=0x00000075ec4fd120 mode 2

Classes unloaded (0 events):
No events

Classes redefined (0 events):
No events

Internal exceptions (13 events):
Event: 0.073 Thread 0x0000020c581c90b0 Exception <a 'java/lang/NoSuchMethodError'{0x000000008861b7b8}: 'void java.lang.invoke.DirectMethodHandle$Holder.invokeSpecial(java.lang.Object, java.lang.Object, java.lang.Object)'> (0x000000008861b7b8) 
thrown [t:\workspace\open\src\hotspot\share\interpreter\linkResolver.cpp, line 790]
Event: 0.102 Thread 0x0000020c581c90b0 Exception <a 'java/lang/ClassNotFoundException'{0x0000000088643630}: sun/awt/resources/spi/awtProvider> (0x0000000088643630) 
thrown [t:\workspace\open\src\hotspot\share\classfile\systemDictionary.cpp, line 256]
Event: 0.126 Thread 0x0000020c581c90b0 Exception <a 'java/io/FileNotFoundException'{0x000000008869d3a8}> (0x000000008869d3a8) 
thrown [t:\workspace\open\src\hotspot\share\prims\jni.cpp, line 579]
Event: 0.139 Thread 0x0000020c581c90b0 Exception <a 'java/io/FileNotFoundException'{0x00000000886cc158}> (0x00000000886cc158) 
thrown [t:\workspace\open\src\hotspot\share\prims\jni.cpp, line 579]
Event: 0.140 Thread 0x0000020c581c90b0 Exception <a 'java/lang/NoSuchMethodError'{0x00000000886cd558}: 'java.lang.Object java.lang.invoke.DirectMethodHandle$Holder.invokeStatic(java.lang.Object)'> (0x00000000886cd558) 
thrown [t:\workspace\open\src\hotspot\share\interpreter\linkResolver.cpp, line 790]
Event: 0.174 Thread 0x0000020c581c90b0 Exception <a 'java/lang/NoSuchMethodError'{0x0000000088518b50}: 'java.lang.Object java.lang.invoke.DirectMethodHandle$Holder.invokeStaticInit(java.lang.Object)'> (0x0000000088518b50) 
thrown [t:\workspace\open\src\hotspot\share\interpreter\linkResolver.cpp, line 790]
Event: 0.353 Thread 0x0000020c581c90b0 Exception <a 'java/lang/NoSuchMethodError'{0x00000000885cda80}: 'java.lang.Object java.lang.invoke.DirectMethodHandle$Holder.newInvokeSpecial(java.lang.Object, java.lang.Object, java.lang.Object, java.lang.Object, java.lang.Object)'> (0x00000000885cda80) 
thrown [t:\workspace\open\src\hotspot\share\interpreter\linkResolver.cpp, line 790]
Event: 0.354 Thread 0x0000020c581c90b0 Exception <a 'java/lang/NoSuchMethodError'{0x00000000885d9568}: 'java.lang.Object java.lang.invoke.DirectMethodHandle$Holder.invokeStatic(java.lang.Object, int, java.lang.Object, java.lang.Object, java.lang.Object, java.lang.Object)'> (0x00000000885d9568) 
thrown [t:\workspace\open\src\hotspot\share\interpreter\linkResolver.cpp, line 790]
Event: 0.358 Thread 0x0000020c581c90b0 Exception <a 'java/lang/NoSuchMethodError'{0x00000000885ff630}: 'java.lang.Object java.lang.invoke.DirectMethodHandle$Holder.invokeStatic(java.lang.Object, int, java.lang.Object)'> (0x00000000885ff630) 
thrown [t:\workspace\open\src\hotspot\share\interpreter\linkResolver.cpp, line 790]
Event: 0.380 Thread 0x0000020c581c90b0 Exception <a 'java/lang/ClassNotFoundException'{0x00000000884b7ef0}: com/sun/swing/internal/plaf/metal/resources/spi/metalProvider> (0x00000000884b7ef0) 
thrown [t:\workspace\open\src\hotspot\share\classfile\systemDictionary.cpp, line 256]
Event: 0.381 Thread 0x0000020c581c90b0 Exception <a 'java/lang/ClassNotFoundException'{0x00000000884bbf40}: com/sun/swing/internal/plaf/basic/resources/spi/basicProvider> (0x00000000884bbf40) 
thrown [t:\workspace\open\src\hotspot\share\classfile\systemDictionary.cpp, line 256]
Event: 0.408 Thread 0x0000020c581c90b0 Exception <a 'java/lang/NoSuchMethodError'{0x00000000884fb9c0}: 'void java.lang.invoke.DirectMethodHandle$Holder.invokeStaticInit(java.lang.Object)'> (0x00000000884fb9c0) 
thrown [t:\workspace\open\src\hotspot\share\interpreter\linkResolver.cpp, line 790]
Event: 0.533 Thread 0x0000020c764bc180 Exception <a 'java/lang/NoSuchMethodError'{0x0000000088553640}: 'void java.lang.invoke.DirectMethodHandle$Holder.invokeVirtual(java.lang.Object, java.lang.Object)'> (0x0000000088553640) 
thrown [t:\workspace\open\src\hotspot\share\interpreter\linkResolver.cpp, line 790]

Events (20 events):
Event: 0.445 loading class java/util/concurrent/locks/AbstractQueuedSynchronizer$ConditionNode
Event: 0.445 loading class java/util/concurrent/ForkJoinPool$ManagedBlocker
Event: 0.445 loading class java/awt/Dialog$ModalityType
Event: 0.445 loading class java/util/concurrent/ForkJoinPool$ManagedBlocker done
Event: 0.445 loading class java/util/concurrent/locks/AbstractQueuedSynchronizer$Node
Event: 0.445 loading class java/awt/Dialog$ModalityType done
Event: 0.445 loading class java/util/concurrent/locks/AbstractQueuedSynchronizer$Node done
Event: 0.445 loading class java/util/concurrent/locks/AbstractQueuedSynchronizer$ConditionNode done
Event: 0.448 loading class sun/awt/TimedWindowEvent
Event: 0.448 loading class sun/awt/TimedWindowEvent done
Event: 0.448 loading class java/util/concurrent/locks/AbstractQueuedSynchronizer$ExclusiveNode
Event: 0.448 loading class java/util/concurrent/locks/AbstractQueuedSynchronizer$ExclusiveNode done
Event: 0.448 loading class java/awt/DefaultKeyboardFocusManager$DefaultKeyboardFocusManagerSentEvent
Event: 0.448 loading class java/awt/SentEvent
Event: 0.449 loading class java/awt/SentEvent done
Event: 0.449 loading class java/awt/DefaultKeyboardFocusManager$DefaultKeyboardFocusManagerSentEvent done
Event: 0.534 loading class sun/awt/windows/WGlobalCursorManager
Event: 0.534 loading class sun/awt/GlobalCursorManager
Event: 0.534 loading class sun/awt/GlobalCursorManager done
Event: 0.534 loading class sun/awt/windows/WGlobalCursorManager done


Dynamic libraries:
0x00007ff71bc80000 - 0x00007ff71bc90000 	C:\Program Files\Java\jdk-16.0.2\bin\javaw.exe
0x00007ffa1af70000 - 0x00007ffa1b168000 	C:\Windows\SYSTEM32\ntdll.dll
0x00007ffa1ad40000 - 0x00007ffa1adff000 	C:\Windows\System32\KERNEL32.DLL
0x00007ffa187c0000 - 0x00007ffa18a92000 	C:\Windows\System32\KERNELBASE.dll
0x00007ffa18be0000 - 0x00007ffa18ce0000 	C:\Windows\System32\ucrtbase.dll
0x00007ffa14b30000 - 0x00007ffa14b48000 	C:\Program Files\Java\jdk-16.0.2\bin\jli.dll
0x00007ffa19fe0000 - 0x00007ffa1a08e000 	C:\Windows\System32\ADVAPI32.dll
0x00007ffa18fb0000 - 0x00007ffa1904e000 	C:\Windows\System32\msvcrt.dll
0x00007ffa19490000 - 0x00007ffa1952c000 	C:\Windows\System32\sechost.dll
0x00007ffa1ae00000 - 0x00007ffa1af25000 	C:\Windows\System32\RPCRT4.dll
0x00007ffa19660000 - 0x00007ffa19801000 	C:\Windows\System32\USER32.dll
0x00007ffa18f80000 - 0x00007ffa18fa2000 	C:\Windows\System32\win32u.dll
0x00007ffa19460000 - 0x00007ffa1948b000 	C:\Windows\System32\GDI32.dll
0x00007ffa18660000 - 0x00007ffa1876f000 	C:\Windows\System32\gdi32full.dll
0x00007ffa18e40000 - 0x00007ffa18edd000 	C:\Windows\System32\msvcp_win.dll
0x00007ffa122b0000 - 0x00007ffa122c9000 	C:\Program Files\Java\jdk-16.0.2\bin\VCRUNTIME140.dll
0x00007ffa13700000 - 0x00007ffa1399a000 	C:\Windows\WinSxS\amd64_microsoft.windows.common-controls_6595b64144ccf1df_6.0.19041.1110_none_60b5254171f9507e\COMCTL32.dll
0x00007ffa10bc0000 - 0x00007ffa10bca000 	C:\Windows\SYSTEM32\VERSION.dll
0x00007ffa1ac50000 - 0x00007ffa1ac82000 	C:\Windows\System32\IMM32.DLL
0x00007ffa14b20000 - 0x00007ffa14b2c000 	C:\Program Files\Java\jdk-16.0.2\bin\vcruntime140_1.dll
0x00007ff9ebfa0000 - 0x00007ff9ec031000 	C:\Program Files\Java\jdk-16.0.2\bin\msvcp140.dll
0x00007ff9b7460000 - 0x00007ff9b800b000 	C:\Program Files\Java\jdk-16.0.2\bin\server\jvm.dll
0x00007ffa1a160000 - 0x00007ffa1a168000 	C:\Windows\System32\PSAPI.DLL
0x00007ff9fb800000 - 0x00007ff9fb809000 	C:\Windows\SYSTEM32\WSOCK32.dll
0x00007ffa1abe0000 - 0x00007ffa1ac4b000 	C:\Windows\System32\WS2_32.dll
0x00007ffa081a0000 - 0x00007ffa081c7000 	C:\Windows\SYSTEM32\WINMM.dll
0x00007ffa16460000 - 0x00007ffa16472000 	C:\Windows\SYSTEM32\kernel.appcore.dll
0x00007ffa14ac0000 - 0x00007ffa14aca000 	C:\Program Files\Java\jdk-16.0.2\bin\jimage.dll
0x00007ffa06d30000 - 0x00007ffa06f14000 	C:\Windows\SYSTEM32\DBGHELP.DLL
0x00007ff9ff890000 - 0x00007ff9ff8c5000 	C:\Windows\SYSTEM32\dbgcore.DLL
0x00007ffa18b50000 - 0x00007ffa18bd2000 	C:\Windows\System32\bcryptPrimitives.dll
0x00007ffa04f80000 - 0x00007ffa04fa5000 	C:\Program Files\Java\jdk-16.0.2\bin\java.dll
0x00007ffa19880000 - 0x00007ffa19fc4000 	C:\Windows\System32\SHELL32.dll
0x00007ffa16740000 - 0x00007ffa16ed2000 	C:\Windows\SYSTEM32\windows.storage.dll
0x00007ffa1a320000 - 0x00007ffa1a675000 	C:\Windows\System32\combase.dll
0x00007ffa17fe0000 - 0x00007ffa18010000 	C:\Windows\SYSTEM32\Wldp.dll
0x00007ffa19590000 - 0x00007ffa1963d000 	C:\Windows\System32\SHCORE.dll
0x00007ffa190d0000 - 0x00007ffa19125000 	C:\Windows\System32\shlwapi.dll
0x00007ffa185a0000 - 0x00007ffa185bf000 	C:\Windows\SYSTEM32\profapi.dll
0x00007ff9fafb0000 - 0x00007ff9fafc9000 	C:\Program Files\Java\jdk-16.0.2\bin\net.dll
0x00007ffa10540000 - 0x00007ffa1064c000 	C:\Windows\SYSTEM32\WINHTTP.dll
0x00007ffa17d40000 - 0x00007ffa17daa000 	C:\Windows\system32\mswsock.dll
0x00007ff9f7dc0000 - 0x00007ff9f7dd3000 	C:\Program Files\Java\jdk-16.0.2\bin\nio.dll
0x00007ff9f7da0000 - 0x00007ff9f7db8000 	C:\Program Files\Java\jdk-16.0.2\bin\zip.dll
0x00007ff9c6e30000 - 0x00007ff9c6fb0000 	C:\Program Files\Java\jdk-16.0.2\bin\awt.dll
0x00007ffa1a090000 - 0x00007ffa1a15d000 	C:\Windows\System32\OLEAUT32.dll
0x00007ffa15f90000 - 0x00007ffa16021000 	C:\Windows\SYSTEM32\apphelp.dll
0x00007ffa16430000 - 0x00007ffa1645f000 	C:\Windows\system32\DWMAPI.DLL
0x00007ffa16170000 - 0x00007ffa1620e000 	C:\Windows\system32\uxtheme.dll
0x00007ff9c7240000 - 0x00007ff9c7365000 	C:\Windows\system32\opengl32.dll
0x00007ff9e8b50000 - 0x00007ff9e8b7c000 	C:\Windows\SYSTEM32\GLU32.dll
0x00007ffa19340000 - 0x00007ffa19455000 	C:\Windows\System32\MSCTF.dll
0x00007ffa19130000 - 0x00007ffa1925a000 	C:\Windows\System32\ole32.dll
0x00007ffa077d0000 - 0x00007ffa0799e000 	C:\Windows\system32\d3d9.dll
0x00007ffa0c090000 - 0x00007ffa0c1a7000 	C:\Windows\System32\DriverStore\FileRepository\nv_dispi.inf_amd64_47917a79b8c7fd22\nvldumdx.dll
0x00007ffa18170000 - 0x00007ffa18182000 	C:\Windows\SYSTEM32\msasn1.dll
0x00007ffa0fa90000 - 0x00007ffa0fac1000 	C:\Windows\SYSTEM32\cryptnet.dll
0x00007ffa18ce0000 - 0x00007ffa18e36000 	C:\Windows\System32\CRYPT32.dll
0x00007ffa0efa0000 - 0x00007ffa0f0e8000 	C:\Windows\SYSTEM32\drvstore.dll
0x00007ffa18330000 - 0x00007ffa1835c000 	C:\Windows\SYSTEM32\devobj.dll
0x00007ffa18770000 - 0x00007ffa187be000 	C:\Windows\System32\cfgmgr32.dll
0x00007ffa17f50000 - 0x00007ffa17f5c000 	C:\Windows\SYSTEM32\cryptbase.dll
0x00007ffa18f10000 - 0x00007ffa18f79000 	C:\Windows\System32\WINTRUST.DLL
0x00007ffa19640000 - 0x00007ffa1965d000 	C:\Windows\System32\imagehlp.dll
0x00007ffa17f30000 - 0x00007ffa17f48000 	C:\Windows\SYSTEM32\CRYPTSP.dll
0x00007ffa17660000 - 0x00007ffa17694000 	C:\Windows\system32\rsaenh.dll
0x00007ffa18ee0000 - 0x00007ffa18f07000 	C:\Windows\System32\bcrypt.dll
0x00007ff9b2f10000 - 0x00007ff9b471a000 	C:\Windows\System32\DriverStore\FileRepository\nv_dispi.inf_amd64_47917a79b8c7fd22\nvd3dumx.dll
0x00007ff9c4b10000 - 0x00007ff9c4ddf000 	C:\Windows\system32\nvspcap64.dll
0x00007ffa17780000 - 0x00007ffa177b3000 	C:\Windows\SYSTEM32\ntmarta.dll
0x00007ffa16ef0000 - 0x00007ffa16f13000 	C:\Windows\SYSTEM32\gpapi.dll
0x00007ffa10ad0000 - 0x00007ffa10b0b000 	C:\Windows\SYSTEM32\dxcore.dll
0x00007ff9ebec0000 - 0x00007ff9ebf49000 	C:\Program Files\Java\jdk-16.0.2\bin\freetype.dll
0x00007ff9dce30000 - 0x00007ff9dcf26000 	C:\Program Files\Java\jdk-16.0.2\bin\harfbuzz.dll
0x00007ff9ec1f0000 - 0x00007ff9ec202000 	C:\Program Files\Java\jdk-16.0.2\bin\fontmanager.dll

dbghelp: loaded successfully - version: 4.0.5 - missing functions: none
symbol engine: initialized successfully - sym options: 0x614 - pdb path: .;C:\Program Files\Java\jdk-16.0.2\bin;C:\Windows\SYSTEM32;C:\Windows\WinSxS\amd64_microsoft.windows.common-controls_6595b64144ccf1df_6.0.19041.1110_none_60b5254171f9507e;C:\Program Files\Java\jdk-16.0.2\bin\server;C:\Windows\System32\DriverStore\FileRepository\nv_dispi.inf_amd64_47917a79b8c7fd22

VM Arguments:
jvm_args: -Dfile.encoding=UTF-8 -XX:+ShowCodeDetailsInExceptionMessages 
java_command: MyVersion.Graphic_Builder.Graphic_Builder
java_class_path (initial): C:\Users\Timurs\git\GM\out\production\GM2;C:\Users\Timurs\git\GM\out\artifacts\GM2_jar\GM2.jar
Launcher Type: SUN_STANDARD

[Global flags]
     intx CICompilerCount                          = 3                                         {product} {ergonomic}
     uint ConcGCThreads                            = 1                                         {product} {ergonomic}
     uint G1ConcRefinementThreads                  = 4                                         {product} {ergonomic}
   size_t G1HeapRegionSize                         = 1048576                                   {product} {ergonomic}
    uintx GCDrainStackTargetSize                   = 64                                        {product} {ergonomic}
   size_t InitialHeapSize                          = 134217728                                 {product} {ergonomic}
   size_t MarkStackSize                            = 4194304                                   {product} {ergonomic}
   size_t MaxHeapSize                              = 2139095040                                {product} {ergonomic}
   size_t MaxNewSize                               = 1283457024                                {product} {ergonomic}
   size_t MinHeapDeltaBytes                        = 1048576                                   {product} {ergonomic}
   size_t MinHeapSize                              = 8388608                                   {product} {ergonomic}
    uintx NonNMethodCodeHeapSize                   = 5832780                                {pd product} {ergonomic}
    uintx NonProfiledCodeHeapSize                  = 122912730                              {pd product} {ergonomic}
    uintx ProfiledCodeHeapSize                     = 122912730                              {pd product} {ergonomic}
    uintx ReservedCodeCacheSize                    = 251658240                              {pd product} {ergonomic}
     bool SegmentedCodeCache                       = true                                      {product} {ergonomic}
     bool ShowCodeDetailsInExceptionMessages       = true                                   {manageable} {command line}
   size_t SoftMaxHeapSize                          = 2139095040                             {manageable} {ergonomic}
     bool UseCompressedClassPointers               = true                           {product lp64_product} {ergonomic}
     bool UseCompressedOops                        = true                           {product lp64_product} {ergonomic}
     bool UseG1GC                                  = true                                      {product} {ergonomic}
     bool UseLargePagesIndividualAllocation        = false                                  {pd product} {ergonomic}

Logging:
Log output configuration:
 #0: stdout all=warning uptime,level,tags
 #1: stderr all=off uptime,level,tags

Environment Variables:
JAVA_HOME=C:\Program Files\Java\jdk-16.0.2\bin\java.exe
PATH=C:/Program Files/Java/jdk-18/bin/server;C:/Program Files/Java/jdk-18/bin;C:\Program Files\Java\jdk-16.0.2\bin;C:\ProgramData\Oracle\Java\javapath;C:\Program Files\Common Files\Oracle\Java\javapath;C:\Windows\system32;C:\Windows;C:\Windows\System32\Wbem;C:\Windows\System32\WindowsPowerShell\v1.0\;C:\Windows\System32\OpenSSH\;C:\Program Files\NVIDIA Corporation\NVIDIA NvDLISR;C:\Program Files (x86)\NVIDIA Corporation\PhysX\Common;C:\Program Files\Git\cmd;C:\Program Files\Java\jdk-16.0.2\bin;C:\Users\Timurs\AppData\Local\GitHubDesktop\bin;C:\Users\Timurs\Desktop;
USERNAME=Timurs
OS=Windows_NT
PROCESSOR_IDENTIFIER=Intel64 Family 6 Model 58 Stepping 9, GenuineIntel



---------------  S Y S T E M  ---------------

OS:
 Windows 10 , 64 bit Build 19041 (10.0.19041.2364)
OS uptime: 0 days 2:17 hours

CPU: total 4 (initial active 4) (4 cores per cpu, 1 threads per core) family 6 model 58 stepping 9 microcode 0x21, cx8, cmov, fxsr, mmx, sse, sse2, sse3, ssse3, sse4.1, sse4.2, popcnt, tsc, tscinvbit, avx, aes, erms, clmul, vzeroupper, clflush

Memory: 4k page, system-wide physical 8159M (2321M free)
TotalPageFile size 8559M (AvailPageFile size 3M)
current process WorkingSet (physical memory assigned to process): 61M, peak: 61M
current process commit charge ("private bytes"): 222M, peak: 223M

vm_info: Java HotSpot(TM) 64-Bit Server VM (16.0.2+7-67) for windows-amd64 JRE (16.0.2+7-67), built on Jun  8 2021 23:24:19 by "mach5one" with MS VC++ 16.7 (VS2019)

END.
