#
# There is insufficient memory for the Java Runtime Environment to continue.
# Native memory allocation (mmap) failed to map 65536 bytes for Failed to commit metaspace.
# Possible reasons:
#   The system is out of physical RAM or swap space
#   The process is running with CompressedOops enabled, and the Java Heap may be blocking the growth of the native heap
# Possible solutions:
#   Reduce memory load on the system
#   Increase physical memory or swap space
#   Check if swap backing store is full
#   Decrease Java heap size (-Xmx/-Xms)
#   Decrease number of Java threads
#   Decrease Java thread stack sizes (-Xss)
#   Set larger code cache with -XX:ReservedCodeCacheSize=
#   JVM is running with Unscaled Compressed Oops mode in which the Java heap is
#     placed in the first 4GB address space. The Java Heap base address is the
#     maximum limit for the native heap growth. Please use -XX:HeapBaseMinAddress
#     to set the Java Heap base and to place the Java Heap above 4GB virtual address.
# This output file may be truncated or incomplete.
#
#  Out of Memory Error (virtualSpaceNode.cpp:110), pid=3484, tid=11120
#
# JRE version: Java(TM) SE Runtime Environment (17.0.1+12) (build 17.0.1+12-LTS-39)
# Java VM: Java HotSpot(TM) 64-Bit Server VM (17.0.1+12-LTS-39, mixed mode, tiered, compressed oops, compressed class ptrs, g1 gc, windows-amd64)
# No core dump will be written. Minidumps are not enabled by default on client versions of Windows
#

---------------  S U M M A R Y ------------

Command Line: -Dfile.encoding=UTF-8 -XX:+ShowCodeDetailsInExceptionMessages MyVersion.Core.Network_Teacher

Host: Intel(R) Core(TM) i5-4300M CPU @ 2.60GHz, 4 cores, 7G,  Windows 10 , 64 bit Build 19041 (10.0.19041.3636)
Time: Mon Jan 15 16:31:36 2024  Windows 10 , 64 bit Build 19041 (10.0.19041.3636) elapsed time: 0.523589 seconds (0d 0h 0m 0s)

---------------  T H R E A D  ---------------

Current thread (0x0000015680987c40):  JavaThread "C1 CompilerThread0" daemon [_thread_in_vm, id=11120, stack(0x0000005412900000,0x0000005412a00000)]


Current CompileTask:
C1:    523  233       3       java.lang.StringLatin1::replace (198 bytes)

Stack: [0x0000005412900000,0x0000005412a00000]
Native frames: (J=compiled Java code, j=interpreted, Vv=VM code, C=native code)
V  [jvm.dll+0x66fa1a]
V  [jvm.dll+0x7ce5a4]
V  [jvm.dll+0x7cfd4e]
V  [jvm.dll+0x7d03b3]
V  [jvm.dll+0x242b05]
V  [jvm.dll+0x7ca54b]
V  [jvm.dll+0x615b76]
V  [jvm.dll+0x615bda]
V  [jvm.dll+0x6183ea]
V  [jvm.dll+0x616516]
V  [jvm.dll+0x62759a]
V  [jvm.dll+0x6203aa]
V  [jvm.dll+0x1ca260]
V  [jvm.dll+0x1ca44f]
V  [jvm.dll+0x144261]
V  [jvm.dll+0x1440a5]
V  [jvm.dll+0x13b8ef]
V  [jvm.dll+0x13dee5]
V  [jvm.dll+0x13c0cc]
V  [jvm.dll+0x144b7d]
V  [jvm.dll+0x1440a5]
V  [jvm.dll+0x13b8ef]
V  [jvm.dll+0x13dee5]
V  [jvm.dll+0x13c1c4]
V  [jvm.dll+0x1361df]
V  [jvm.dll+0x145cc6]
V  [jvm.dll+0x1318d0]
V  [jvm.dll+0x131c30]
V  [jvm.dll+0x131ef6]
V  [jvm.dll+0x13138a]
V  [jvm.dll+0x133051]
V  [jvm.dll+0x224848]
V  [jvm.dll+0x2229ac]
V  [jvm.dll+0x78435b]
V  [jvm.dll+0x77e91a]
V  [jvm.dll+0x66e845]
C  [ucrtbase.dll+0x21bb2]
C  [KERNEL32.DLL+0x17344]
C  [ntdll.dll+0x526b1]


---------------  P R O C E S S  ---------------

Threads class SMR info:
_java_thread_list=0x0000015680a62a90, length=12, elements={
0x00000156cc0e1e20, 0x00000156e993f620, 0x00000156e99408a0, 0x0000015680932950,
0x0000015680933210, 0x0000015680933ad0, 0x00000156e994d330, 0x00000156e994dfd0,
0x0000015680987c40, 0x00000156809a2130, 0x0000015680a88890, 0x0000015680aa3010
}

Java Threads: ( => current thread )
  0x00000156cc0e1e20 JavaThread "main" [_thread_in_vm, id=4484, stack(0x0000005411b00000,0x0000005411c00000)]
  0x00000156e993f620 JavaThread "Reference Handler" daemon [_thread_blocked, id=7956, stack(0x0000005412200000,0x0000005412300000)]
  0x00000156e99408a0 JavaThread "Finalizer" daemon [_thread_blocked, id=11092, stack(0x0000005412300000,0x0000005412400000)]
  0x0000015680932950 JavaThread "Signal Dispatcher" daemon [_thread_blocked, id=5956, stack(0x0000005412400000,0x0000005412500000)]
  0x0000015680933210 JavaThread "Attach Listener" daemon [_thread_blocked, id=9480, stack(0x0000005412500000,0x0000005412600000)]
  0x0000015680933ad0 JavaThread "Service Thread" daemon [_thread_blocked, id=6524, stack(0x0000005412600000,0x0000005412700000)]
  0x00000156e994d330 JavaThread "Monitor Deflation Thread" daemon [_thread_blocked, id=8044, stack(0x0000005412700000,0x0000005412800000)]
  0x00000156e994dfd0 JavaThread "C2 CompilerThread0" daemon [_thread_blocked, id=9020, stack(0x0000005412800000,0x0000005412900000)]
=>0x0000015680987c40 JavaThread "C1 CompilerThread0" daemon [_thread_in_vm, id=11120, stack(0x0000005412900000,0x0000005412a00000)]
  0x00000156809a2130 JavaThread "Sweeper thread" daemon [_thread_blocked, id=5156, stack(0x0000005412a00000,0x0000005412b00000)]
  0x0000015680a88890 JavaThread "Notification Thread" daemon [_thread_blocked, id=380, stack(0x0000005412b00000,0x0000005412c00000)]
  0x0000015680aa3010 JavaThread "Common-Cleaner" daemon [_thread_blocked, id=8496, stack(0x0000005412d00000,0x0000005412e00000)]

Other Threads:
  0x00000156e98d8080 VMThread "VM Thread" [stack: 0x0000005412100000,0x0000005412200000] [id=9312]
  0x00000156cc13b730 WatcherThread [stack: 0x0000005412c00000,0x0000005412d00000] [id=884]
  0x00000156cc120780 GCTaskThread "GC Thread#0" [stack: 0x0000005411c00000,0x0000005411d00000] [id=6564]
  0x00000156cc132320 ConcurrentGCThread "G1 Main Marker" [stack: 0x0000005411d00000,0x0000005411e00000] [id=6876]
  0x00000156cc1333e0 ConcurrentGCThread "G1 Conc#0" [stack: 0x0000005411e00000,0x0000005411f00000] [id=1348]
  0x00000156cc1b07b0 ConcurrentGCThread "G1 Refine#0" [stack: 0x0000005411f00000,0x0000005412000000] [id=5800]
  0x00000156cc1b10e0 ConcurrentGCThread "G1 Service" [stack: 0x0000005412000000,0x0000005412100000] [id=6228]

Threads with active compile tasks:
C1 CompilerThread0      559  233       3       java.lang.StringLatin1::replace (198 bytes)

VM state: not at safepoint (normal execution)

VM Mutex/Monitor currently owned by a thread:  ([mutex/lock_event])
[0x00000156cc0db030] Metaspace_lock - owner thread: 0x0000015680987c40
[0x00000156cc0dc2d0] MethodData_lock - owner thread: 0x0000015680987c40

Heap address: 0x0000000081600000, size: 2026 MB, Compressed Oops mode: 32-bit

CDS archive(s) not mapped
Compressed class space mapped at: 0x0000000100000000-0x0000000140000000, reserved size: 1073741824
Narrow klass base: 0x0000000000000000, Narrow klass shift: 3, Narrow klass range: 0x140000000

GC Precious Log:
 CPUs: 4 total, 4 available
 Memory: 8097M
 Large Page Support: Disabled
 NUMA Support: Disabled
 Compressed Oops: Enabled (32-bit)
 Heap Region Size: 1M
 Heap Min Capacity: 8M
 Heap Initial Capacity: 128M
 Heap Max Capacity: 2026M
 Pre-touch: Disabled
 Parallel Workers: 4
 Concurrent Workers: 1
 Concurrent Refinement Workers: 4
 Periodic GC: Disabled

Heap:
 garbage-first heap   total 131072K, used 1024K [0x0000000081600000, 0x0000000100000000)
  region size 1024K, 2 young (2048K), 0 survivors (0K)
 Metaspace       used 7236K, committed 7360K, reserved 1056768K
  class space    used 610K, committed 704K, reserved 1048576K

Heap Regions: E=young(eden), S=young(survivor), O=old, HS=humongous(starts), HC=humongous(continues), CS=collection set, F=free, OA=open archive, CA=closed archive, TAMS=top-at-mark-start (previous, next)
|   0|0x0000000081600000, 0x0000000081600000, 0x0000000081700000|  0%| F|  |TAMS 0x0000000081600000, 0x0000000081600000| Untracked 
|   1|0x0000000081700000, 0x0000000081700000, 0x0000000081800000|  0%| F|  |TAMS 0x0000000081700000, 0x0000000081700000| Untracked 
|   2|0x0000000081800000, 0x0000000081800000, 0x0000000081900000|  0%| F|  |TAMS 0x0000000081800000, 0x0000000081800000| Untracked 
|   3|0x0000000081900000, 0x0000000081900000, 0x0000000081a00000|  0%| F|  |TAMS 0x0000000081900000, 0x0000000081900000| Untracked 
|   4|0x0000000081a00000, 0x0000000081a00000, 0x0000000081b00000|  0%| F|  |TAMS 0x0000000081a00000, 0x0000000081a00000| Untracked 
|   5|0x0000000081b00000, 0x0000000081b00000, 0x0000000081c00000|  0%| F|  |TAMS 0x0000000081b00000, 0x0000000081b00000| Untracked 
|   6|0x0000000081c00000, 0x0000000081c00000, 0x0000000081d00000|  0%| F|  |TAMS 0x0000000081c00000, 0x0000000081c00000| Untracked 
|   7|0x0000000081d00000, 0x0000000081d00000, 0x0000000081e00000|  0%| F|  |TAMS 0x0000000081d00000, 0x0000000081d00000| Untracked 
|   8|0x0000000081e00000, 0x0000000081e00000, 0x0000000081f00000|  0%| F|  |TAMS 0x0000000081e00000, 0x0000000081e00000| Untracked 
|   9|0x0000000081f00000, 0x0000000081f00000, 0x0000000082000000|  0%| F|  |TAMS 0x0000000081f00000, 0x0000000081f00000| Untracked 
|  10|0x0000000082000000, 0x0000000082000000, 0x0000000082100000|  0%| F|  |TAMS 0x0000000082000000, 0x0000000082000000| Untracked 
|  11|0x0000000082100000, 0x0000000082100000, 0x0000000082200000|  0%| F|  |TAMS 0x0000000082100000, 0x0000000082100000| Untracked 
|  12|0x0000000082200000, 0x0000000082200000, 0x0000000082300000|  0%| F|  |TAMS 0x0000000082200000, 0x0000000082200000| Untracked 
|  13|0x0000000082300000, 0x0000000082300000, 0x0000000082400000|  0%| F|  |TAMS 0x0000000082300000, 0x0000000082300000| Untracked 
|  14|0x0000000082400000, 0x0000000082400000, 0x0000000082500000|  0%| F|  |TAMS 0x0000000082400000, 0x0000000082400000| Untracked 
|  15|0x0000000082500000, 0x0000000082500000, 0x0000000082600000|  0%| F|  |TAMS 0x0000000082500000, 0x0000000082500000| Untracked 
|  16|0x0000000082600000, 0x0000000082600000, 0x0000000082700000|  0%| F|  |TAMS 0x0000000082600000, 0x0000000082600000| Untracked 
|  17|0x0000000082700000, 0x0000000082700000, 0x0000000082800000|  0%| F|  |TAMS 0x0000000082700000, 0x0000000082700000| Untracked 
|  18|0x0000000082800000, 0x0000000082800000, 0x0000000082900000|  0%| F|  |TAMS 0x0000000082800000, 0x0000000082800000| Untracked 
|  19|0x0000000082900000, 0x0000000082900000, 0x0000000082a00000|  0%| F|  |TAMS 0x0000000082900000, 0x0000000082900000| Untracked 
|  20|0x0000000082a00000, 0x0000000082a00000, 0x0000000082b00000|  0%| F|  |TAMS 0x0000000082a00000, 0x0000000082a00000| Untracked 
|  21|0x0000000082b00000, 0x0000000082b00000, 0x0000000082c00000|  0%| F|  |TAMS 0x0000000082b00000, 0x0000000082b00000| Untracked 
|  22|0x0000000082c00000, 0x0000000082c00000, 0x0000000082d00000|  0%| F|  |TAMS 0x0000000082c00000, 0x0000000082c00000| Untracked 
|  23|0x0000000082d00000, 0x0000000082d00000, 0x0000000082e00000|  0%| F|  |TAMS 0x0000000082d00000, 0x0000000082d00000| Untracked 
|  24|0x0000000082e00000, 0x0000000082e00000, 0x0000000082f00000|  0%| F|  |TAMS 0x0000000082e00000, 0x0000000082e00000| Untracked 
|  25|0x0000000082f00000, 0x0000000082f00000, 0x0000000083000000|  0%| F|  |TAMS 0x0000000082f00000, 0x0000000082f00000| Untracked 
|  26|0x0000000083000000, 0x0000000083000000, 0x0000000083100000|  0%| F|  |TAMS 0x0000000083000000, 0x0000000083000000| Untracked 
|  27|0x0000000083100000, 0x0000000083100000, 0x0000000083200000|  0%| F|  |TAMS 0x0000000083100000, 0x0000000083100000| Untracked 
|  28|0x0000000083200000, 0x0000000083200000, 0x0000000083300000|  0%| F|  |TAMS 0x0000000083200000, 0x0000000083200000| Untracked 
|  29|0x0000000083300000, 0x0000000083300000, 0x0000000083400000|  0%| F|  |TAMS 0x0000000083300000, 0x0000000083300000| Untracked 
|  30|0x0000000083400000, 0x0000000083400000, 0x0000000083500000|  0%| F|  |TAMS 0x0000000083400000, 0x0000000083400000| Untracked 
|  31|0x0000000083500000, 0x0000000083500000, 0x0000000083600000|  0%| F|  |TAMS 0x0000000083500000, 0x0000000083500000| Untracked 
|  32|0x0000000083600000, 0x0000000083600000, 0x0000000083700000|  0%| F|  |TAMS 0x0000000083600000, 0x0000000083600000| Untracked 
|  33|0x0000000083700000, 0x0000000083700000, 0x0000000083800000|  0%| F|  |TAMS 0x0000000083700000, 0x0000000083700000| Untracked 
|  34|0x0000000083800000, 0x0000000083800000, 0x0000000083900000|  0%| F|  |TAMS 0x0000000083800000, 0x0000000083800000| Untracked 
|  35|0x0000000083900000, 0x0000000083900000, 0x0000000083a00000|  0%| F|  |TAMS 0x0000000083900000, 0x0000000083900000| Untracked 
|  36|0x0000000083a00000, 0x0000000083a00000, 0x0000000083b00000|  0%| F|  |TAMS 0x0000000083a00000, 0x0000000083a00000| Untracked 
|  37|0x0000000083b00000, 0x0000000083b00000, 0x0000000083c00000|  0%| F|  |TAMS 0x0000000083b00000, 0x0000000083b00000| Untracked 
|  38|0x0000000083c00000, 0x0000000083c00000, 0x0000000083d00000|  0%| F|  |TAMS 0x0000000083c00000, 0x0000000083c00000| Untracked 
|  39|0x0000000083d00000, 0x0000000083d00000, 0x0000000083e00000|  0%| F|  |TAMS 0x0000000083d00000, 0x0000000083d00000| Untracked 
|  40|0x0000000083e00000, 0x0000000083e00000, 0x0000000083f00000|  0%| F|  |TAMS 0x0000000083e00000, 0x0000000083e00000| Untracked 
|  41|0x0000000083f00000, 0x0000000083f00000, 0x0000000084000000|  0%| F|  |TAMS 0x0000000083f00000, 0x0000000083f00000| Untracked 
|  42|0x0000000084000000, 0x0000000084000000, 0x0000000084100000|  0%| F|  |TAMS 0x0000000084000000, 0x0000000084000000| Untracked 
|  43|0x0000000084100000, 0x0000000084100000, 0x0000000084200000|  0%| F|  |TAMS 0x0000000084100000, 0x0000000084100000| Untracked 
|  44|0x0000000084200000, 0x0000000084200000, 0x0000000084300000|  0%| F|  |TAMS 0x0000000084200000, 0x0000000084200000| Untracked 
|  45|0x0000000084300000, 0x0000000084300000, 0x0000000084400000|  0%| F|  |TAMS 0x0000000084300000, 0x0000000084300000| Untracked 
|  46|0x0000000084400000, 0x0000000084400000, 0x0000000084500000|  0%| F|  |TAMS 0x0000000084400000, 0x0000000084400000| Untracked 
|  47|0x0000000084500000, 0x0000000084500000, 0x0000000084600000|  0%| F|  |TAMS 0x0000000084500000, 0x0000000084500000| Untracked 
|  48|0x0000000084600000, 0x0000000084600000, 0x0000000084700000|  0%| F|  |TAMS 0x0000000084600000, 0x0000000084600000| Untracked 
|  49|0x0000000084700000, 0x0000000084700000, 0x0000000084800000|  0%| F|  |TAMS 0x0000000084700000, 0x0000000084700000| Untracked 
|  50|0x0000000084800000, 0x0000000084800000, 0x0000000084900000|  0%| F|  |TAMS 0x0000000084800000, 0x0000000084800000| Untracked 
|  51|0x0000000084900000, 0x0000000084900000, 0x0000000084a00000|  0%| F|  |TAMS 0x0000000084900000, 0x0000000084900000| Untracked 
|  52|0x0000000084a00000, 0x0000000084a00000, 0x0000000084b00000|  0%| F|  |TAMS 0x0000000084a00000, 0x0000000084a00000| Untracked 
|  53|0x0000000084b00000, 0x0000000084b00000, 0x0000000084c00000|  0%| F|  |TAMS 0x0000000084b00000, 0x0000000084b00000| Untracked 
|  54|0x0000000084c00000, 0x0000000084c00000, 0x0000000084d00000|  0%| F|  |TAMS 0x0000000084c00000, 0x0000000084c00000| Untracked 
|  55|0x0000000084d00000, 0x0000000084d00000, 0x0000000084e00000|  0%| F|  |TAMS 0x0000000084d00000, 0x0000000084d00000| Untracked 
|  56|0x0000000084e00000, 0x0000000084e00000, 0x0000000084f00000|  0%| F|  |TAMS 0x0000000084e00000, 0x0000000084e00000| Untracked 
|  57|0x0000000084f00000, 0x0000000084f00000, 0x0000000085000000|  0%| F|  |TAMS 0x0000000084f00000, 0x0000000084f00000| Untracked 
|  58|0x0000000085000000, 0x0000000085000000, 0x0000000085100000|  0%| F|  |TAMS 0x0000000085000000, 0x0000000085000000| Untracked 
|  59|0x0000000085100000, 0x0000000085100000, 0x0000000085200000|  0%| F|  |TAMS 0x0000000085100000, 0x0000000085100000| Untracked 
|  60|0x0000000085200000, 0x0000000085200000, 0x0000000085300000|  0%| F|  |TAMS 0x0000000085200000, 0x0000000085200000| Untracked 
|  61|0x0000000085300000, 0x0000000085300000, 0x0000000085400000|  0%| F|  |TAMS 0x0000000085300000, 0x0000000085300000| Untracked 
|  62|0x0000000085400000, 0x0000000085400000, 0x0000000085500000|  0%| F|  |TAMS 0x0000000085400000, 0x0000000085400000| Untracked 
|  63|0x0000000085500000, 0x0000000085500000, 0x0000000085600000|  0%| F|  |TAMS 0x0000000085500000, 0x0000000085500000| Untracked 
|  64|0x0000000085600000, 0x0000000085600000, 0x0000000085700000|  0%| F|  |TAMS 0x0000000085600000, 0x0000000085600000| Untracked 
|  65|0x0000000085700000, 0x0000000085700000, 0x0000000085800000|  0%| F|  |TAMS 0x0000000085700000, 0x0000000085700000| Untracked 
|  66|0x0000000085800000, 0x0000000085800000, 0x0000000085900000|  0%| F|  |TAMS 0x0000000085800000, 0x0000000085800000| Untracked 
|  67|0x0000000085900000, 0x0000000085900000, 0x0000000085a00000|  0%| F|  |TAMS 0x0000000085900000, 0x0000000085900000| Untracked 
|  68|0x0000000085a00000, 0x0000000085a00000, 0x0000000085b00000|  0%| F|  |TAMS 0x0000000085a00000, 0x0000000085a00000| Untracked 
|  69|0x0000000085b00000, 0x0000000085b00000, 0x0000000085c00000|  0%| F|  |TAMS 0x0000000085b00000, 0x0000000085b00000| Untracked 
|  70|0x0000000085c00000, 0x0000000085c00000, 0x0000000085d00000|  0%| F|  |TAMS 0x0000000085c00000, 0x0000000085c00000| Untracked 
|  71|0x0000000085d00000, 0x0000000085d00000, 0x0000000085e00000|  0%| F|  |TAMS 0x0000000085d00000, 0x0000000085d00000| Untracked 
|  72|0x0000000085e00000, 0x0000000085e00000, 0x0000000085f00000|  0%| F|  |TAMS 0x0000000085e00000, 0x0000000085e00000| Untracked 
|  73|0x0000000085f00000, 0x0000000085f00000, 0x0000000086000000|  0%| F|  |TAMS 0x0000000085f00000, 0x0000000085f00000| Untracked 
|  74|0x0000000086000000, 0x0000000086000000, 0x0000000086100000|  0%| F|  |TAMS 0x0000000086000000, 0x0000000086000000| Untracked 
|  75|0x0000000086100000, 0x0000000086100000, 0x0000000086200000|  0%| F|  |TAMS 0x0000000086100000, 0x0000000086100000| Untracked 
|  76|0x0000000086200000, 0x0000000086200000, 0x0000000086300000|  0%| F|  |TAMS 0x0000000086200000, 0x0000000086200000| Untracked 
|  77|0x0000000086300000, 0x0000000086300000, 0x0000000086400000|  0%| F|  |TAMS 0x0000000086300000, 0x0000000086300000| Untracked 
|  78|0x0000000086400000, 0x0000000086400000, 0x0000000086500000|  0%| F|  |TAMS 0x0000000086400000, 0x0000000086400000| Untracked 
|  79|0x0000000086500000, 0x0000000086500000, 0x0000000086600000|  0%| F|  |TAMS 0x0000000086500000, 0x0000000086500000| Untracked 
|  80|0x0000000086600000, 0x0000000086600000, 0x0000000086700000|  0%| F|  |TAMS 0x0000000086600000, 0x0000000086600000| Untracked 
|  81|0x0000000086700000, 0x0000000086700000, 0x0000000086800000|  0%| F|  |TAMS 0x0000000086700000, 0x0000000086700000| Untracked 
|  82|0x0000000086800000, 0x0000000086800000, 0x0000000086900000|  0%| F|  |TAMS 0x0000000086800000, 0x0000000086800000| Untracked 
|  83|0x0000000086900000, 0x0000000086900000, 0x0000000086a00000|  0%| F|  |TAMS 0x0000000086900000, 0x0000000086900000| Untracked 
|  84|0x0000000086a00000, 0x0000000086a00000, 0x0000000086b00000|  0%| F|  |TAMS 0x0000000086a00000, 0x0000000086a00000| Untracked 
|  85|0x0000000086b00000, 0x0000000086b00000, 0x0000000086c00000|  0%| F|  |TAMS 0x0000000086b00000, 0x0000000086b00000| Untracked 
|  86|0x0000000086c00000, 0x0000000086c00000, 0x0000000086d00000|  0%| F|  |TAMS 0x0000000086c00000, 0x0000000086c00000| Untracked 
|  87|0x0000000086d00000, 0x0000000086d00000, 0x0000000086e00000|  0%| F|  |TAMS 0x0000000086d00000, 0x0000000086d00000| Untracked 
|  88|0x0000000086e00000, 0x0000000086e00000, 0x0000000086f00000|  0%| F|  |TAMS 0x0000000086e00000, 0x0000000086e00000| Untracked 
|  89|0x0000000086f00000, 0x0000000086f00000, 0x0000000087000000|  0%| F|  |TAMS 0x0000000086f00000, 0x0000000086f00000| Untracked 
|  90|0x0000000087000000, 0x0000000087000000, 0x0000000087100000|  0%| F|  |TAMS 0x0000000087000000, 0x0000000087000000| Untracked 
|  91|0x0000000087100000, 0x0000000087100000, 0x0000000087200000|  0%| F|  |TAMS 0x0000000087100000, 0x0000000087100000| Untracked 
|  92|0x0000000087200000, 0x0000000087200000, 0x0000000087300000|  0%| F|  |TAMS 0x0000000087200000, 0x0000000087200000| Untracked 
|  93|0x0000000087300000, 0x0000000087300000, 0x0000000087400000|  0%| F|  |TAMS 0x0000000087300000, 0x0000000087300000| Untracked 
|  94|0x0000000087400000, 0x0000000087400000, 0x0000000087500000|  0%| F|  |TAMS 0x0000000087400000, 0x0000000087400000| Untracked 
|  95|0x0000000087500000, 0x0000000087500000, 0x0000000087600000|  0%| F|  |TAMS 0x0000000087500000, 0x0000000087500000| Untracked 
|  96|0x0000000087600000, 0x0000000087600000, 0x0000000087700000|  0%| F|  |TAMS 0x0000000087600000, 0x0000000087600000| Untracked 
|  97|0x0000000087700000, 0x0000000087700000, 0x0000000087800000|  0%| F|  |TAMS 0x0000000087700000, 0x0000000087700000| Untracked 
|  98|0x0000000087800000, 0x0000000087800000, 0x0000000087900000|  0%| F|  |TAMS 0x0000000087800000, 0x0000000087800000| Untracked 
|  99|0x0000000087900000, 0x0000000087900000, 0x0000000087a00000|  0%| F|  |TAMS 0x0000000087900000, 0x0000000087900000| Untracked 
| 100|0x0000000087a00000, 0x0000000087a00000, 0x0000000087b00000|  0%| F|  |TAMS 0x0000000087a00000, 0x0000000087a00000| Untracked 
| 101|0x0000000087b00000, 0x0000000087b00000, 0x0000000087c00000|  0%| F|  |TAMS 0x0000000087b00000, 0x0000000087b00000| Untracked 
| 102|0x0000000087c00000, 0x0000000087c00000, 0x0000000087d00000|  0%| F|  |TAMS 0x0000000087c00000, 0x0000000087c00000| Untracked 
| 103|0x0000000087d00000, 0x0000000087d00000, 0x0000000087e00000|  0%| F|  |TAMS 0x0000000087d00000, 0x0000000087d00000| Untracked 
| 104|0x0000000087e00000, 0x0000000087e00000, 0x0000000087f00000|  0%| F|  |TAMS 0x0000000087e00000, 0x0000000087e00000| Untracked 
| 105|0x0000000087f00000, 0x0000000087f00000, 0x0000000088000000|  0%| F|  |TAMS 0x0000000087f00000, 0x0000000087f00000| Untracked 
| 106|0x0000000088000000, 0x0000000088000000, 0x0000000088100000|  0%| F|  |TAMS 0x0000000088000000, 0x0000000088000000| Untracked 
| 107|0x0000000088100000, 0x0000000088100000, 0x0000000088200000|  0%| F|  |TAMS 0x0000000088100000, 0x0000000088100000| Untracked 
| 108|0x0000000088200000, 0x0000000088200000, 0x0000000088300000|  0%| F|  |TAMS 0x0000000088200000, 0x0000000088200000| Untracked 
| 109|0x0000000088300000, 0x0000000088300000, 0x0000000088400000|  0%| F|  |TAMS 0x0000000088300000, 0x0000000088300000| Untracked 
| 110|0x0000000088400000, 0x0000000088400000, 0x0000000088500000|  0%| F|  |TAMS 0x0000000088400000, 0x0000000088400000| Untracked 
| 111|0x0000000088500000, 0x0000000088500000, 0x0000000088600000|  0%| F|  |TAMS 0x0000000088500000, 0x0000000088500000| Untracked 
| 112|0x0000000088600000, 0x0000000088600000, 0x0000000088700000|  0%| F|  |TAMS 0x0000000088600000, 0x0000000088600000| Untracked 
| 113|0x0000000088700000, 0x0000000088700000, 0x0000000088800000|  0%| F|  |TAMS 0x0000000088700000, 0x0000000088700000| Untracked 
| 114|0x0000000088800000, 0x0000000088800000, 0x0000000088900000|  0%| F|  |TAMS 0x0000000088800000, 0x0000000088800000| Untracked 
| 115|0x0000000088900000, 0x0000000088900000, 0x0000000088a00000|  0%| F|  |TAMS 0x0000000088900000, 0x0000000088900000| Untracked 
| 116|0x0000000088a00000, 0x0000000088a00000, 0x0000000088b00000|  0%| F|  |TAMS 0x0000000088a00000, 0x0000000088a00000| Untracked 
| 117|0x0000000088b00000, 0x0000000088b00000, 0x0000000088c00000|  0%| F|  |TAMS 0x0000000088b00000, 0x0000000088b00000| Untracked 
| 118|0x0000000088c00000, 0x0000000088c00000, 0x0000000088d00000|  0%| F|  |TAMS 0x0000000088c00000, 0x0000000088c00000| Untracked 
| 119|0x0000000088d00000, 0x0000000088d00000, 0x0000000088e00000|  0%| F|  |TAMS 0x0000000088d00000, 0x0000000088d00000| Untracked 
| 120|0x0000000088e00000, 0x0000000088e00000, 0x0000000088f00000|  0%| F|  |TAMS 0x0000000088e00000, 0x0000000088e00000| Untracked 
| 121|0x0000000088f00000, 0x0000000088f00000, 0x0000000089000000|  0%| F|  |TAMS 0x0000000088f00000, 0x0000000088f00000| Untracked 
| 122|0x0000000089000000, 0x0000000089000000, 0x0000000089100000|  0%| F|  |TAMS 0x0000000089000000, 0x0000000089000000| Untracked 
| 123|0x0000000089100000, 0x0000000089100000, 0x0000000089200000|  0%| F|  |TAMS 0x0000000089100000, 0x0000000089100000| Untracked 
| 124|0x0000000089200000, 0x0000000089200000, 0x0000000089300000|  0%| F|  |TAMS 0x0000000089200000, 0x0000000089200000| Untracked 
| 125|0x0000000089300000, 0x0000000089300000, 0x0000000089400000|  0%| F|  |TAMS 0x0000000089300000, 0x0000000089300000| Untracked 
| 126|0x0000000089400000, 0x0000000089500000, 0x0000000089500000|100%| E|  |TAMS 0x0000000089400000, 0x0000000089400000| Complete 
| 127|0x0000000089500000, 0x0000000089600000, 0x0000000089600000|100%| E|CS|TAMS 0x0000000089500000, 0x0000000089500000| Complete 

Card table byte_map: [0x00000156e2cf0000,0x00000156e30f0000] _byte_map_base: 0x00000156e28e5000

Marking Bits (Prev, Next): (CMBitMap*) 0x00000156cc121cb0, (CMBitMap*) 0x00000156cc121cf0
 Prev Bits: [0x00000156e34f0000, 0x00000156e5498000)
 Next Bits: [0x00000156e54a0000, 0x00000156e7448000)

Polling page: 0x00000156ca290000

Metaspace:

Usage:
  Non-class:      6.47 MB used.
      Class:    610.12 KB used.
       Both:      7.07 MB used.

Virtual space:
  Non-class space:        8.00 MB reserved,       6.50 MB ( 81%) committed,  1 nodes.
      Class space:        1.00 GB reserved,     704.00 KB ( <1%) committed,  1 nodes.
             Both:        1.01 GB reserved,       7.19 MB ( <1%) committed. 

Chunk freelists:
   Non-Class:  979.00 KB
       Class:  3.23 MB
        Both:  4.19 MB

MaxMetaspaceSize: unlimited
CompressedClassSpaceSize: 1.00 GB
Initial GC threshold: 21.00 MB
Current GC threshold: 21.00 MB
CDS: off
MetaspaceReclaimPolicy: balanced
 - commit_granule_bytes: 65536.
 - commit_granule_words: 8192.
 - virtual_space_node_default_size: 1048576.
 - enlarge_chunks_in_place: 1.
 - new_chunks_are_fully_committed: 0.
 - uncommit_free_chunks: 1.
 - use_allocation_guard: 0.
 - handle_deallocations: 1.


Internal statistics:

num_allocs_failed_limit: 0.
num_arena_births: 44.
num_arena_deaths: 0.
num_vsnodes_births: 2.
num_vsnodes_deaths: 0.
num_space_committed: 115.
num_space_uncommitted: 0.
num_chunks_returned_to_freelist: 0.
num_chunks_taken_from_freelist: 66.
num_chunk_merges: 0.
num_chunk_splits: 37.
num_chunks_enlarged: 22.
num_purges: 0.
num_inconsistent_stats: 0.

CodeHeap 'non-profiled nmethods': size=120000Kb used=77Kb max_used=77Kb free=119922Kb
 bounds [0x00000156db3c0000, 0x00000156db630000, 0x00000156e28f0000]
CodeHeap 'profiled nmethods': size=120000Kb used=299Kb max_used=299Kb free=119700Kb
 bounds [0x00000156d3e90000, 0x00000156d4100000, 0x00000156db3c0000]
CodeHeap 'non-nmethods': size=5760Kb used=1113Kb max_used=1127Kb free=4646Kb
 bounds [0x00000156d38f0000, 0x00000156d3b60000, 0x00000156d3e90000]
 total_blobs=626 nmethods=233 adapters=306
 compilation: enabled
              stopped_count=0, restarted_count=0
 full_count=0

Compilation events (20 events):
Event: 0.493 Thread 0x0000015680987c40 nmethod 222 0x00000156d3ed4b10 code [0x00000156d3ed4ca0, 0x00000156d3ed4df8]
Event: 0.493 Thread 0x0000015680987c40  223       3       java.lang.invoke.MemberName::isStatic (8 bytes)
Event: 0.493 Thread 0x0000015680987c40 nmethod 223 0x00000156d3ed4e90 code [0x00000156d3ed5020, 0x00000156d3ed51f8]
Event: 0.493 Thread 0x0000015680987c40  225       3       java.util.ImmutableCollections$ListN::size (6 bytes)
Event: 0.493 Thread 0x0000015680987c40 nmethod 225 0x00000156d3ed5290 code [0x00000156d3ed5420, 0x00000156d3ed5538]
Event: 0.493 Thread 0x0000015680987c40  221   !   3       java.lang.invoke.MemberName::getFieldType (176 bytes)
Event: 0.494 Thread 0x0000015680987c40 nmethod 221 0x00000156d3ed5610 code [0x00000156d3ed5940, 0x00000156d3ed6e58]
Event: 0.494 Thread 0x0000015680987c40  224       3       java.lang.StringBuilder::toString (35 bytes)
Event: 0.495 Thread 0x0000015680987c40 nmethod 224 0x00000156d3ed7510 code [0x00000156d3ed76e0, 0x00000156d3ed79b8]
Event: 0.495 Thread 0x0000015680987c40  227       3       jdk.internal.org.objectweb.asm.MethodWriter::visitVarInsn (302 bytes)
Event: 0.496 Thread 0x0000015680987c40 nmethod 227 0x00000156d3ed7a90 code [0x00000156d3ed7ce0, 0x00000156d3ed8688]
Event: 0.496 Thread 0x0000015680987c40  228       3       sun.invoke.util.Wrapper::hashPrim (30 bytes)
Event: 0.497 Thread 0x0000015680987c40 nmethod 228 0x00000156d3ed8910 code [0x00000156d3ed8ba0, 0x00000156d3ed97c8]
Event: 0.497 Thread 0x0000015680987c40  229       3       java.lang.invoke.MethodType::equals (56 bytes)
Event: 0.497 Thread 0x0000015680987c40 nmethod 229 0x00000156d3ed9c90 code [0x00000156d3ed9ec0, 0x00000156d3eda9d8]
Event: 0.499 Thread 0x0000015680987c40  230       3       java.lang.StringUTF16::getChar (60 bytes)
Event: 0.499 Thread 0x0000015680987c40 nmethod 230 0x00000156d3edab90 code [0x00000156d3edad20, 0x00000156d3edae98]
Event: 0.520 Thread 0x0000015680987c40  233       3       java.lang.StringLatin1::replace (198 bytes)
Event: 0.520 Thread 0x00000156e994dfd0  234       4       java.lang.String::isLatin1 (19 bytes)
Event: 0.521 Thread 0x00000156e994dfd0 nmethod 234 0x00000156db3d3210 code [0x00000156db3d3380, 0x00000156db3d3418]

GC Heap History (0 events):
No events

Deoptimization events (0 events):
No events

Classes unloaded (0 events):
No events

Classes redefined (0 events):
No events

Internal exceptions (3 events):
Event: 0.428 Thread 0x00000156cc0e1e20 Exception <a 'java/lang/ClassNotFoundException'{0x0000000089443888}: sun/awt/resources/spi/awtProvider> (0x0000000089443888) 
thrown [t:\workspace\open\src\hotspot\share\classfile\systemDictionary.cpp, line 256]
Event: 0.484 Thread 0x00000156cc0e1e20 Exception <a 'java/io/FileNotFoundException'{0x000000008949e248}> (0x000000008949e248) 
thrown [t:\workspace\open\src\hotspot\share\prims\jni.cpp, line 516]
Event: 0.499 Thread 0x00000156cc0e1e20 Exception <a 'java/io/FileNotFoundException'{0x00000000894cb640}> (0x00000000894cb640) 
thrown [t:\workspace\open\src\hotspot\share\prims\jni.cpp, line 516]

VM Operations (0 events):
No events

Events (20 events):
Event: 0.518 loading class java/util/EventListener
Event: 0.518 loading class java/util/EventListener done
Event: 0.518 loading class java/awt/event/AWTEventListener done
Event: 0.518 loading class java/awt/LightweightDispatcher done
Event: 0.518 loading class java/awt/Dimension
Event: 0.518 loading class java/awt/geom/Dimension2D
Event: 0.518 loading class java/awt/geom/Dimension2D done
Event: 0.518 loading class java/awt/Dimension done
Event: 0.518 loading class java/awt/Container$1
Event: 0.518 loading class sun/awt/AWTAccessor$ContainerAccessor
Event: 0.518 loading class sun/awt/AWTAccessor$ContainerAccessor done
Event: 0.518 loading class java/awt/Container$1 done
Event: 0.518 loading class javax/swing/JComponent$1
Event: 0.518 loading class sun/swing/SwingAccessor$JComponentAccessor
Event: 0.518 loading class sun/swing/SwingAccessor$JComponentAccessor done
Event: 0.518 loading class javax/swing/JComponent$1 done
Event: 0.518 loading class sun/swing/SwingAccessor
Event: 0.518 loading class sun/swing/SwingAccessor done
Event: 0.518 loading class javax/swing/JComponent$2
Event: 0.518 loading class javax/swing/JComponent$2 done


Dynamic libraries:
0x00007ff7689d0000 - 0x00007ff7689e0000 	C:\Program Files\Java\jdk-17.0.1\bin\javaw.exe
0x00007fff530b0000 - 0x00007fff532a8000 	C:\Windows\SYSTEM32\ntdll.dll
0x00007fff52000000 - 0x00007fff520bd000 	C:\Windows\System32\KERNEL32.DLL
0x00007fff50860000 - 0x00007fff50b56000 	C:\Windows\System32\KERNELBASE.dll
0x00007fff50c10000 - 0x00007fff50d10000 	C:\Windows\System32\ucrtbase.dll
0x00007fff4a5f0000 - 0x00007fff4a608000 	C:\Program Files\Java\jdk-17.0.1\bin\jli.dll
0x00007fff51700000 - 0x00007fff517b3000 	C:\Windows\System32\ADVAPI32.dll
0x00007fff522a0000 - 0x00007fff5233e000 	C:\Windows\System32\msvcrt.dll
0x00007fff52420000 - 0x00007fff524bf000 	C:\Windows\System32\sechost.dll
0x00007fff511b0000 - 0x00007fff512d6000 	C:\Windows\System32\RPCRT4.dll
0x00007fff50f70000 - 0x00007fff50f97000 	C:\Windows\System32\bcrypt.dll
0x00007fff51540000 - 0x00007fff516de000 	C:\Windows\System32\USER32.dll
0x00007fff50d10000 - 0x00007fff50d32000 	C:\Windows\System32\win32u.dll
0x00007fff513a0000 - 0x00007fff513cc000 	C:\Windows\System32\GDI32.dll
0x00007fff50e50000 - 0x00007fff50f6a000 	C:\Windows\System32\gdi32full.dll
0x00007fff50d40000 - 0x00007fff50ddd000 	C:\Windows\System32\msvcp_win.dll
0x00007fff4d100000 - 0x00007fff4d11a000 	C:\Program Files\Java\jdk-17.0.1\bin\VCRUNTIME140.dll
0x00007fff41d00000 - 0x00007fff41f9a000 	C:\Windows\WinSxS\amd64_microsoft.windows.common-controls_6595b64144ccf1df_6.0.19041.3636_none_60b6a03d71f818d5\COMCTL32.dll
0x00007fff44690000 - 0x00007fff4469a000 	C:\Windows\SYSTEM32\VERSION.dll
0x00007fff52120000 - 0x00007fff52150000 	C:\Windows\System32\IMM32.DLL
0x00007fff4adf0000 - 0x00007fff4adfc000 	C:\Program Files\Java\jdk-17.0.1\bin\vcruntime140_1.dll
0x00007fff3d4a0000 - 0x00007fff3d52d000 	C:\Program Files\Java\jdk-17.0.1\bin\msvcp140.dll
0x00007fff030c0000 - 0x00007fff03c7e000 	C:\Program Files\Java\jdk-17.0.1\bin\server\jvm.dll
0x00007fff516f0000 - 0x00007fff516f8000 	C:\Windows\System32\PSAPI.DLL
0x00007fff4aa40000 - 0x00007fff4aa49000 	C:\Windows\SYSTEM32\WSOCK32.dll
0x00007fff51c30000 - 0x00007fff51c9b000 	C:\Windows\System32\WS2_32.dll
0x00007fff3f240000 - 0x00007fff3f267000 	C:\Windows\SYSTEM32\WINMM.dll
0x00007fff4eff0000 - 0x00007fff4f002000 	C:\Windows\SYSTEM32\kernel.appcore.dll
0x00007fff4a5e0000 - 0x00007fff4a5ea000 	C:\Program Files\Java\jdk-17.0.1\bin\jimage.dll
0x00007fff43fc0000 - 0x00007fff441a4000 	C:\Windows\SYSTEM32\DBGHELP.DLL
0x00007fff426e0000 - 0x00007fff42714000 	C:\Windows\SYSTEM32\dbgcore.DLL
0x00007fff507d0000 - 0x00007fff50852000 	C:\Windows\System32\bcryptPrimitives.dll
0x00007fff3d470000 - 0x00007fff3d495000 	C:\Program Files\Java\jdk-17.0.1\bin\java.dll
0x00007fff3cde0000 - 0x00007fff3ceb6000 	C:\Program Files\Java\jdk-17.0.1\bin\svml.dll
0x00007fff527a0000 - 0x00007fff52ee5000 	C:\Windows\System32\SHELL32.dll
0x00007fff4e720000 - 0x00007fff4eebb000 	C:\Windows\SYSTEM32\windows.storage.dll
0x00007fff51ca0000 - 0x00007fff51ff4000 	C:\Windows\System32\combase.dll
0x00007fff501b0000 - 0x00007fff501dd000 	C:\Windows\SYSTEM32\Wldp.dll
0x00007fff51100000 - 0x00007fff511ad000 	C:\Windows\System32\SHCORE.dll
0x00007fff52ef0000 - 0x00007fff52f45000 	C:\Windows\System32\shlwapi.dll
0x00007fff506b0000 - 0x00007fff506d5000 	C:\Windows\SYSTEM32\profapi.dll
0x00007fff3cd70000 - 0x00007fff3cd89000 	C:\Program Files\Java\jdk-17.0.1\bin\net.dll
0x00007fff49d40000 - 0x00007fff49e4a000 	C:\Windows\SYSTEM32\WINHTTP.dll
0x00007fff4ff10000 - 0x00007fff4ff7a000 	C:\Windows\system32\mswsock.dll
0x00007fff3cd00000 - 0x00007fff3cd15000 	C:\Program Files\Java\jdk-17.0.1\bin\nio.dll
0x00007fff3cce0000 - 0x00007fff3ccf8000 	C:\Program Files\Java\jdk-17.0.1\bin\zip.dll
0x00007fff2c010000 - 0x00007fff2c19f000 	C:\Program Files\Java\jdk-17.0.1\bin\awt.dll
0x00007fff513d0000 - 0x00007fff5149d000 	C:\Windows\System32\OLEAUT32.dll
0x00007fff4dd90000 - 0x00007fff4de20000 	C:\Windows\SYSTEM32\apphelp.dll

dbghelp: loaded successfully - version: 4.0.5 - missing functions: none
symbol engine: initialized successfully - sym options: 0x614 - pdb path: .;C:\Program Files\Java\jdk-17.0.1\bin;C:\Windows\SYSTEM32;C:\Windows\WinSxS\amd64_microsoft.windows.common-controls_6595b64144ccf1df_6.0.19041.3636_none_60b6a03d71f818d5;C:\Program Files\Java\jdk-17.0.1\bin\server

VM Arguments:
jvm_args: -Dfile.encoding=UTF-8 -XX:+ShowCodeDetailsInExceptionMessages 
java_command: MyVersion.Core.Network_Teacher
java_class_path (initial): C:\Users\Timurs1\git\GM\out\production\GM2;C:\Users\Timurs1\git\GM\out\artifacts\GM2_jar\GM2.jar
Launcher Type: SUN_STANDARD

[Global flags]
     intx CICompilerCount                          = 3                                         {product} {ergonomic}
     uint ConcGCThreads                            = 1                                         {product} {ergonomic}
     uint G1ConcRefinementThreads                  = 4                                         {product} {ergonomic}
   size_t G1HeapRegionSize                         = 1048576                                   {product} {ergonomic}
    uintx GCDrainStackTargetSize                   = 64                                        {product} {ergonomic}
   size_t InitialHeapSize                          = 134217728                                 {product} {ergonomic}
   size_t MarkStackSize                            = 4194304                                   {product} {ergonomic}
   size_t MaxHeapSize                              = 2124414976                                {product} {ergonomic}
   size_t MaxNewSize                               = 1274019840                                {product} {ergonomic}
   size_t MinHeapDeltaBytes                        = 1048576                                   {product} {ergonomic}
   size_t MinHeapSize                              = 8388608                                   {product} {ergonomic}
    uintx NonNMethodCodeHeapSize                   = 5832780                                {pd product} {ergonomic}
    uintx NonProfiledCodeHeapSize                  = 122912730                              {pd product} {ergonomic}
    uintx ProfiledCodeHeapSize                     = 122912730                              {pd product} {ergonomic}
    uintx ReservedCodeCacheSize                    = 251658240                              {pd product} {ergonomic}
     bool SegmentedCodeCache                       = true                                      {product} {ergonomic}
     bool ShowCodeDetailsInExceptionMessages       = true                                   {manageable} {command line}
   size_t SoftMaxHeapSize                          = 2124414976                             {manageable} {ergonomic}
     bool UseCompressedClassPointers               = true                           {product lp64_product} {ergonomic}
     bool UseCompressedOops                        = true                           {product lp64_product} {ergonomic}
     bool UseG1GC                                  = true                                      {product} {ergonomic}
     bool UseLargePagesIndividualAllocation        = false                                  {pd product} {ergonomic}

Logging:
Log output configuration:
 #0: stdout all=warning uptime,level,tags
 #1: stderr all=off uptime,level,tags

Environment Variables:
PATH=C:\Program Files\Common Files\Oracle\Java\javapath;C:\Windows\system32;C:\Windows;C:\Windows\System32\Wbem;C:\Windows\System32\WindowsPowerShell\v1.0\;C:\Windows\System32\OpenSSH\;C:\Users\Timurs1\AppData\Local\Microsoft\WindowsApps
USERNAME=Timurs1
OS=Windows_NT
PROCESSOR_IDENTIFIER=Intel64 Family 6 Model 60 Stepping 3, GenuineIntel



---------------  S Y S T E M  ---------------

OS:
 Windows 10 , 64 bit Build 19041 (10.0.19041.3636)
OS uptime: 1 days 5:50 hours

CPU: total 4 (initial active 4) (2 cores per cpu, 2 threads per core) family 6 model 60 stepping 3 microcode 0x27, cx8, cmov, fxsr, ht, mmx, sse, sse2, sse3, ssse3, sse4.1, sse4.2, popcnt, lzcnt, tsc, tscinvbit, avx, avx2, aes, erms, clmul, bmi1, bmi2, fma, vzeroupper, clflush

Memory: 4k page, system-wide physical 8097M (1135M free)
TotalPageFile size 8497M (AvailPageFile size 1M)
current process WorkingSet (physical memory assigned to process): 34M, peak: 34M
current process commit charge ("private bytes"): 199M, peak: 199M

vm_info: Java HotSpot(TM) 64-Bit Server VM (17.0.1+12-LTS-39) for windows-amd64 JRE (17.0.1+12-LTS-39), built on Sep 27 2021 18:41:35 by "mach5one" with MS VC++ 16.8 (VS2019)

END.
