#
# A fatal error has been detected by the Java Runtime Environment:
#
#  EXCEPTION_STACK_OVERFLOW (0xc00000fd) at pc=0x00007fff8d852b93, pid=95888, tid=62088
#
# JRE version: Java(TM) SE Runtime Environment (17.0.1+12) (build 17.0.1+12-LTS-39)
# Java VM: Java HotSpot(TM) 64-Bit Server VM (17.0.1+12-LTS-39, mixed mode, sharing, tiered, compressed oops, compressed class ptrs, g1 gc, windows-amd64)
# Problematic frame:
# V  [jvm.dll+0x382b93]
#
# No core dump will be written. Minidumps are not enabled by default on client versions of Windows
#
# If you would like to submit a bug report, please visit:
#   https://bugreport.java.com/bugreport/crash.jsp
#

---------------  S U M M A R Y ------------

Command Line: -Dfile.encoding=UTF-8 -Dstdout.encoding=UTF-8 -Dstderr.encoding=UTF-8 -XX:+ShowCodeDetailsInExceptionMessages MyVersion.Core.Network_Teacher

Host: Intel(R) Core(TM) i5-4300M CPU @ 2.60GHz, 4 cores, 7G,  Windows 10 , 64 bit Build 19041 (10.0.19041.3636)
Time: Thu Jan 11 16:58:59 2024  Windows 10 , 64 bit Build 19041 (10.0.19041.3636) elapsed time: 11.658663 seconds (0d 0h 0m 11s)

---------------  T H R E A D  ---------------

Current thread (0x000001d2d5267a80):  JavaThread "pool-10237-thread-1" [_thread_in_vm, id=62088, stack(0x000000d20b800000,0x000000d20b900000)]

Stack: [0x000000d20b800000,0x000000d20b900000],  sp=0x000000d20b8ff840,  free space=1022k
Native frames: (J=compiled Java code, j=interpreted, Vv=VM code, C=native code)
V  [jvm.dll+0x382b93]
V  [jvm.dll+0x66f942]
V  [jvm.dll+0x3837eb]
V  [jvm.dll+0x383a77]
V  [jvm.dll+0x4097f1]
V  [jvm.dll+0x78435b]
V  [jvm.dll+0x77e91a]
