#
# There is insufficient memory for the Java Runtime Environment to continue.
# Native memory allocation (mmap) failed to map 2097152 bytes for G1 virtual space
# Possible reasons:
#   The system is out of physical RAM or swap space
#   The process is running with CompressedOops enabled, and the Java Heap may be blocking the growth of the native heap
# Possible solutions:
#   Reduce memory load on the system
#   Increase physical memory or swap space
#   Check if swap backing store is full
#   Decrease Java heap size (-Xmx/-Xms)
#   Decrease number of Java threads
#   Decrease Java thread stack sizes (-Xss)
#   Set larger code cache with -XX:ReservedCodeCacheSize=
#   JVM is running with Unscaled Compressed Oops mode in which the Java heap is
#     placed in the first 4GB address space. The Java Heap base address is the
#     maximum limit for the native heap growth. Please use -XX:HeapBaseMinAddress
#     to set the Java Heap base and to place the Java Heap above 4GB virtual address.
# This output file may be truncated or incomplete.
#
#  Out of Memory Error (os_windows.cpp:3469), pid=4112, tid=12120
#
# JRE version:  (17.0.1+12) (build )
# Java VM: Java HotSpot(TM) 64-Bit Server VM (17.0.1+12-LTS-39, mixed mode, sharing, tiered, compressed oops, compressed class ptrs, g1 gc, windows-amd64)
# No core dump will be written. Minidumps are not enabled by default on client versions of Windows
#

---------------  S U M M A R Y ------------

Command Line: -Dfile.encoding=UTF-8 -XX:+ShowCodeDetailsInExceptionMessages MyVersion.Core.Network_Teacher

Host: Intel(R) Core(TM) i7-4712MQ CPU @ 2.30GHz, 8 cores, 7G,  Windows 10 , 64 bit Build 19041 (10.0.19041.3636)
Time: Sun Mar  3 17:34:07 2024  Windows 10 , 64 bit Build 19041 (10.0.19041.3636) elapsed time: 0.022062 seconds (0d 0h 0m 0s)

---------------  T H R E A D  ---------------

Current thread (0x00000180b7a22da0):  JavaThread "Unknown thread" [_thread_in_vm, id=12120, stack(0x0000000484500000,0x0000000484600000)]

Stack: [0x0000000484500000,0x0000000484600000]
Native frames: (J=compiled Java code, j=interpreted, Vv=VM code, C=native code)
V  [jvm.dll+0x66fa1a]
V  [jvm.dll+0x7ce5a4]
V  [jvm.dll+0x7cfd4e]
V  [jvm.dll+0x7d03b3]
V  [jvm.dll+0x242b05]
V  [jvm.dll+0x66ca39]
V  [jvm.dll+0x661502]
V  [jvm.dll+0x30081b]
V  [jvm.dll+0x307da6]
V  [jvm.dll+0x357a33]
V  [jvm.dll+0x357c4f]
V  [jvm.dll+0x2d7ad8]
V  [jvm.dll+0x2d8a44]
V  [jvm.dll+0x7a01e1]
V  [jvm.dll+0x365791]
V  [jvm.dll+0x77f6cc]
V  [jvm.dll+0x3e812f]
V  [jvm.dll+0x3e9bd1]
C  [jli.dll+0x527b]
C  [ucrtbase.dll+0x21bb2]
C  [KERNEL32.DLL+0x17344]
C  [ntdll.dll+0x526b1]


---------------  P R O C E S S  ---------------

Threads class SMR info:
_java_thread_list=0x00007ffae3227818, length=0, elements={
}

Java Threads: ( => current thread )

Other Threads:
  0x00000180b7a61ff0 GCTaskThread "GC Thread#0" [stack: 0x0000000484600000,0x0000000484700000] [id=9420]
  0x00000180b7a73320 ConcurrentGCThread "G1 Main Marker" [stack: 0x0000000484700000,0x0000000484800000] [id=12588]
  0x00000180b7a73c40 ConcurrentGCThread "G1 Conc#0" [stack: 0x0000000484800000,0x0000000484900000] [id=11372]

[error occurred during error reporting (printing all threads), id 0xc0000005, EXCEPTION_ACCESS_VIOLATION (0xc0000005) at pc=0x00007ffae2a784b7]

VM state: not at safepoint (not fully initialized)

VM Mutex/Monitor currently owned by a thread:  ([mutex/lock_event])
[0x00000180b7a1ecc0] Heap_lock - owner thread: 0x00000180b7a22da0

Heap address: 0x0000000081600000, size: 2026 MB, Compressed Oops mode: 32-bit

CDS archive(s) mapped at: [0x0000000000000000-0x0000000000000000-0x0000000000000000), size 0, SharedBaseAddress: 0x0000000800000000, ArchiveRelocationMode: 0.
Narrow klass base: 0x0000000000000000, Narrow klass shift: 0, Narrow klass range: 0x0

GC Precious Log:
<Empty>

Heap:
 garbage-first heap   total 0K, used 0K [0x0000000081600000, 0x0000000100000000)
  region size 1024K, 0 young (0K), 0 survivors (0K)

[error occurred during error reporting (printing heap information), id 0xc0000005, EXCEPTION_ACCESS_VIOLATION (0xc0000005) at pc=0x00007ffae2e58d89]

GC Heap History (0 events):
No events

Deoptimization events (0 events):
No events

Classes unloaded (0 events):
No events

Classes redefined (0 events):
No events

Internal exceptions (0 events):
No events

VM Operations (0 events):
No events

Events (1 events):
Event: 0.013 Loaded shared library C:\Program Files\Java\jdk-17.0.1\bin\java.dll


Dynamic libraries:
0x00007ff701330000 - 0x00007ff701340000 	C:\Program Files\Java\jdk-17.0.1\bin\javaw.exe
0x00007ffb1b4f0000 - 0x00007ffb1b6e8000 	C:\Windows\SYSTEM32\ntdll.dll
0x00007ffb1a550000 - 0x00007ffb1a60d000 	C:\Windows\System32\KERNEL32.DLL
0x00007ffb191c0000 - 0x00007ffb194b6000 	C:\Windows\System32\KERNELBASE.dll
0x00007ffb18be0000 - 0x00007ffb18ce0000 	C:\Windows\System32\ucrtbase.dll
0x00007ffb07de0000 - 0x00007ffb07dfa000 	C:\Program Files\Java\jdk-17.0.1\bin\VCRUNTIME140.dll
0x00007ffafa500000 - 0x00007ffafa518000 	C:\Program Files\Java\jdk-17.0.1\bin\jli.dll
0x00007ffb19610000 - 0x00007ffb196c3000 	C:\Windows\System32\ADVAPI32.dll
0x00007ffb1a370000 - 0x00007ffb1a40e000 	C:\Windows\System32\msvcrt.dll
0x00007ffb1aa80000 - 0x00007ffb1ab1f000 	C:\Windows\System32\sechost.dll
0x00007ffb1abb0000 - 0x00007ffb1acd6000 	C:\Windows\System32\RPCRT4.dll
0x00007ffb190e0000 - 0x00007ffb19107000 	C:\Windows\System32\bcrypt.dll
0x00007ffb19860000 - 0x00007ffb199fe000 	C:\Windows\System32\USER32.dll
0x00007ffb06980000 - 0x00007ffb06c1a000 	C:\Windows\WinSxS\amd64_microsoft.windows.common-controls_6595b64144ccf1df_6.0.19041.3636_none_60b6a03d71f818d5\COMCTL32.dll
0x00007ffb18bb0000 - 0x00007ffb18bd2000 	C:\Windows\System32\win32u.dll
0x00007ffb1a290000 - 0x00007ffb1a2bb000 	C:\Windows\System32\GDI32.dll
0x00007ffb11320000 - 0x00007ffb1132a000 	C:\Windows\SYSTEM32\VERSION.dll
0x00007ffb18ee0000 - 0x00007ffb18ff7000 	C:\Windows\System32\gdi32full.dll
0x00007ffb18e40000 - 0x00007ffb18edd000 	C:\Windows\System32\msvcp_win.dll
0x00007ffb1a2c0000 - 0x00007ffb1a2f2000 	C:\Windows\System32\IMM32.DLL
0x00007ffb162b0000 - 0x00007ffb162bc000 	C:\Program Files\Java\jdk-17.0.1\bin\vcruntime140_1.dll
0x00007ffae9480000 - 0x00007ffae950d000 	C:\Program Files\Java\jdk-17.0.1\bin\msvcp140.dll
0x00007ffae2790000 - 0x00007ffae334e000 	C:\Program Files\Java\jdk-17.0.1\bin\server\jvm.dll
0x00007ffb1a410000 - 0x00007ffb1a418000 	C:\Windows\System32\PSAPI.DLL
0x00007ffb03c50000 - 0x00007ffb03c77000 	C:\Windows\SYSTEM32\WINMM.dll
0x00007ffb10660000 - 0x00007ffb10669000 	C:\Windows\SYSTEM32\WSOCK32.dll
0x00007ffb1a300000 - 0x00007ffb1a36b000 	C:\Windows\System32\WS2_32.dll
0x00007ffb173f0000 - 0x00007ffb17402000 	C:\Windows\SYSTEM32\kernel.appcore.dll
0x00007ffb156e0000 - 0x00007ffb156ea000 	C:\Program Files\Java\jdk-17.0.1\bin\jimage.dll
0x00007ffb0a7d0000 - 0x00007ffb0a9b4000 	C:\Windows\SYSTEM32\DBGHELP.DLL
0x00007ffb09370000 - 0x00007ffb093a4000 	C:\Windows\SYSTEM32\dbgcore.DLL
0x00007ffb19050000 - 0x00007ffb190d2000 	C:\Windows\System32\bcryptPrimitives.dll
0x00007ffafa330000 - 0x00007ffafa355000 	C:\Program Files\Java\jdk-17.0.1\bin\java.dll

dbghelp: loaded successfully - version: 4.0.5 - missing functions: none
symbol engine: initialized successfully - sym options: 0x614 - pdb path: .;C:\Program Files\Java\jdk-17.0.1\bin;C:\Windows\SYSTEM32;C:\Windows\WinSxS\amd64_microsoft.windows.common-controls_6595b64144ccf1df_6.0.19041.3636_none_60b6a03d71f818d5;C:\Program Files\Java\jdk-17.0.1\bin\server

VM Arguments:
jvm_args: -Dfile.encoding=UTF-8 -XX:+ShowCodeDetailsInExceptionMessages 
java_command: MyVersion.Core.Network_Teacher
java_class_path (initial): D:\Programs\GM2\GM\out\production\GM2;D:\Programs\GM2\GM\out\artifacts\GM2_jar\GM2.jar
Launcher Type: SUN_STANDARD

[Global flags]
     intx CICompilerCount                          = 4                                         {product} {ergonomic}
     uint ConcGCThreads                            = 2                                         {product} {ergonomic}
     uint G1ConcRefinementThreads                  = 8                                         {product} {ergonomic}
   size_t G1HeapRegionSize                         = 1048576                                   {product} {ergonomic}
    uintx GCDrainStackTargetSize                   = 64                                        {product} {ergonomic}
   size_t InitialHeapSize                          = 134217728                                 {product} {ergonomic}
   size_t MarkStackSize                            = 4194304                                   {product} {ergonomic}
   size_t MaxHeapSize                              = 2124414976                                {product} {ergonomic}
   size_t MinHeapDeltaBytes                        = 1048576                                   {product} {ergonomic}
   size_t MinHeapSize                              = 8388608                                   {product} {ergonomic}
    uintx NonNMethodCodeHeapSize                   = 5839372                                {pd product} {ergonomic}
    uintx NonProfiledCodeHeapSize                  = 122909434                              {pd product} {ergonomic}
    uintx ProfiledCodeHeapSize                     = 122909434                              {pd product} {ergonomic}
    uintx ReservedCodeCacheSize                    = 251658240                              {pd product} {ergonomic}
     bool SegmentedCodeCache                       = true                                      {product} {ergonomic}
     bool ShowCodeDetailsInExceptionMessages       = true                                   {manageable} {command line}
   size_t SoftMaxHeapSize                          = 2124414976                             {manageable} {ergonomic}
     bool UseCompressedClassPointers               = true                           {product lp64_product} {ergonomic}
     bool UseCompressedOops                        = true                           {product lp64_product} {ergonomic}
     bool UseG1GC                                  = true                                      {product} {ergonomic}
     bool UseLargePagesIndividualAllocation        = false                                  {pd product} {ergonomic}

Logging:
Log output configuration:
 #0: stdout all=warning uptime,level,tags
 #1: stderr all=off uptime,level,tags

Environment Variables:
PATH=C:\Program Files\Common Files\Oracle\Java\javapath;C:\Windows\system32;C:\Windows;C:\Windows\System32\Wbem;C:\Windows\System32\WindowsPowerShell\v1.0\;C:\Windows\System32\OpenSSH\;C:\Program Files (x86)\Common Files\Acronis\SnapAPI\;;C:\Users\Timurs1\AppData\Local\Microsoft\WindowsApps;D:\Programs\Ardesia\bin
USERNAME=Timurs1
OS=Windows_NT
PROCESSOR_IDENTIFIER=Intel64 Family 6 Model 60 Stepping 3, GenuineIntel



---------------  S Y S T E M  ---------------

OS:
 Windows 10 , 64 bit Build 19041 (10.0.19041.3636)
OS uptime: 3 days 4:43 hours

CPU: total 8 (initial active 8) (4 cores per cpu, 2 threads per core) family 6 model 60 stepping 3 microcode 0x27, cx8, cmov, fxsr, ht, mmx, sse, sse2, sse3, ssse3, sse4.1, sse4.2, popcnt, lzcnt, tsc, tscinvbit, avx, avx2, aes, erms, clmul, bmi1, bmi2, fma, vzeroupper, clflush

Memory: 4k page, system-wide physical 8097M (115M free)
TotalPageFile size 14293M (AvailPageFile size 6M)
current process WorkingSet (physical memory assigned to process): 10M, peak: 10M
current process commit charge ("private bytes"): 188M, peak: 190M

vm_info: Java HotSpot(TM) 64-Bit Server VM (17.0.1+12-LTS-39) for windows-amd64 JRE (17.0.1+12-LTS-39), built on Sep 27 2021 18:41:35 by "mach5one" with MS VC++ 16.8 (VS2019)

END.
